{"/Users/kevinkhek/Desktop/SupacoDigital/broderie/backend/app.js": {"path":"/Users/kevinkhek/Desktop/SupacoDigital/broderie/backend/app.js","statementMap":{"0":{"start":{"line":1,"column":0},"end":{"line":1,"column":27}},"1":{"start":{"line":3,"column":16},"end":{"line":3,"column":34}},"2":{"start":{"line":4,"column":15},"end":{"line":4,"column":32}},"3":{"start":{"line":5,"column":13},"end":{"line":5,"column":28}},"4":{"start":{"line":6,"column":20},"end":{"line":6,"column":42}},"5":{"start":{"line":7,"column":18},"end":{"line":7,"column":47}},"6":{"start":{"line":8,"column":21},"end":{"line":8,"column":45}},"7":{"start":{"line":9,"column":13},"end":{"line":9,"column":28}},"8":{"start":{"line":11,"column":27},"end":{"line":11,"column":49}},"9":{"start":{"line":12,"column":25},"end":{"line":12,"column":62}},"10":{"start":{"line":14,"column":12},"end":{"line":14,"column":21}},"11":{"start":{"line":17,"column":0},"end":{"line":30,"column":4}},"12":{"start":{"line":33,"column":0},"end":{"line":33,"column":23}},"13":{"start":{"line":36,"column":23},"end":{"line":41,"column":17}},"14":{"start":{"line":43,"column":0},"end":{"line":52,"column":4}},"15":{"start":{"line":45,"column":4},"end":{"line":49,"column":5}},"16":{"start":{"line":46,"column":6},"end":{"line":46,"column":27}},"17":{"start":{"line":48,"column":6},"end":{"line":48,"column":47}},"18":{"start":{"line":55,"column":0},"end":{"line":55,"column":65}},"19":{"start":{"line":58,"column":0},"end":{"line":58,"column":41}},"20":{"start":{"line":59,"column":0},"end":{"line":59,"column":63}},"21":{"start":{"line":60,"column":0},"end":{"line":60,"column":24}},"22":{"start":{"line":63,"column":22},"end":{"line":70,"column":2}},"23":{"start":{"line":68,"column":14},"end":{"line":68,"column":51}},"24":{"start":{"line":71,"column":0},"end":{"line":71,"column":32}},"25":{"start":{"line":74,"column":0},"end":{"line":74,"column":69}},"26":{"start":{"line":77,"column":18},"end":{"line":77,"column":55}},"27":{"start":{"line":78,"column":0},"end":{"line":78,"column":45}},"28":{"start":{"line":81,"column":19},"end":{"line":81,"column":59}},"29":{"start":{"line":82,"column":0},"end":{"line":82,"column":36}},"30":{"start":{"line":85,"column":0},"end":{"line":87,"column":3}},"31":{"start":{"line":86,"column":2},"end":{"line":86,"column":88}},"32":{"start":{"line":90,"column":0},"end":{"line":90,"column":57}},"33":{"start":{"line":91,"column":0},"end":{"line":91,"column":65}},"34":{"start":{"line":92,"column":0},"end":{"line":92,"column":69}},"35":{"start":{"line":93,"column":0},"end":{"line":93,"column":57}},"36":{"start":{"line":94,"column":0},"end":{"line":94,"column":61}},"37":{"start":{"line":95,"column":0},"end":{"line":95,"column":63}},"38":{"start":{"line":96,"column":0},"end":{"line":96,"column":59}},"39":{"start":{"line":97,"column":0},"end":{"line":97,"column":59}},"40":{"start":{"line":98,"column":0},"end":{"line":98,"column":63}},"41":{"start":{"line":99,"column":0},"end":{"line":99,"column":76}},"42":{"start":{"line":100,"column":0},"end":{"line":100,"column":69}},"43":{"start":{"line":101,"column":0},"end":{"line":101,"column":63}},"44":{"start":{"line":104,"column":24},"end":{"line":104,"column":66}},"45":{"start":{"line":105,"column":0},"end":{"line":105,"column":40}},"46":{"start":{"line":108,"column":0},"end":{"line":110,"column":3}},"47":{"start":{"line":109,"column":2},"end":{"line":109,"column":65}},"48":{"start":{"line":113,"column":0},"end":{"line":116,"column":3}},"49":{"start":{"line":114,"column":2},"end":{"line":114,"column":84}},"50":{"start":{"line":114,"column":70},"end":{"line":114,"column":84}},"51":{"start":{"line":115,"column":2},"end":{"line":115,"column":68}},"52":{"start":{"line":119,"column":0},"end":{"line":121,"column":3}},"53":{"start":{"line":120,"column":2},"end":{"line":120,"column":78}},"54":{"start":{"line":124,"column":0},"end":{"line":124,"column":22}},"55":{"start":{"line":127,"column":13},"end":{"line":127,"column":37}},"56":{"start":{"line":129,"column":14},"end":{"line":134,"column":1}},"57":{"start":{"line":130,"column":2},"end":{"line":130,"column":25}},"58":{"start":{"line":131,"column":2},"end":{"line":133,"column":5}},"59":{"start":{"line":132,"column":4},"end":{"line":132,"column":84}},"60":{"start":{"line":136,"column":0},"end":{"line":136,"column":8}},"61":{"start":{"line":138,"column":0},"end":{"line":138,"column":21}}},"fnMap":{"0":{"name":"(anonymous_0)","decl":{"start":{"line":44,"column":10},"end":{"line":44,"column":11}},"loc":{"start":{"line":44,"column":32},"end":{"line":50,"column":3}},"line":44},"1":{"name":"(anonymous_1)","decl":{"start":{"line":68,"column":8},"end":{"line":68,"column":9}},"loc":{"start":{"line":68,"column":14},"end":{"line":68,"column":51}},"line":68},"2":{"name":"(anonymous_2)","decl":{"start":{"line":85,"column":19},"end":{"line":85,"column":20}},"loc":{"start":{"line":85,"column":33},"end":{"line":87,"column":1}},"line":85},"3":{"name":"(anonymous_3)","decl":{"start":{"line":108,"column":25},"end":{"line":108,"column":26}},"loc":{"start":{"line":108,"column":40},"end":{"line":110,"column":1}},"line":108},"4":{"name":"(anonymous_4)","decl":{"start":{"line":113,"column":18},"end":{"line":113,"column":19}},"loc":{"start":{"line":113,"column":38},"end":{"line":116,"column":1}},"line":113},"5":{"name":"(anonymous_5)","decl":{"start":{"line":119,"column":8},"end":{"line":119,"column":9}},"loc":{"start":{"line":119,"column":22},"end":{"line":121,"column":1}},"line":119},"6":{"name":"(anonymous_6)","decl":{"start":{"line":129,"column":14},"end":{"line":129,"column":15}},"loc":{"start":{"line":129,"column":26},"end":{"line":134,"column":1}},"line":129},"7":{"name":"(anonymous_7)","decl":{"start":{"line":131,"column":19},"end":{"line":131,"column":20}},"loc":{"start":{"line":131,"column":25},"end":{"line":133,"column":3}},"line":131}},"branchMap":{"0":{"loc":{"start":{"line":40,"column":2},"end":{"line":40,"column":96}},"type":"cond-expr","locations":[{"start":{"line":40,"column":43},"end":{"line":40,"column":89}},{"start":{"line":40,"column":92},"end":{"line":40,"column":96}}],"line":40},"1":{"loc":{"start":{"line":40,"column":63},"end":{"line":40,"column":87}},"type":"binary-expr","locations":[{"start":{"line":40,"column":63},"end":{"line":40,"column":79}},{"start":{"line":40,"column":83},"end":{"line":40,"column":87}}],"line":40},"2":{"loc":{"start":{"line":45,"column":4},"end":{"line":49,"column":5}},"type":"if","locations":[{"start":{"line":45,"column":4},"end":{"line":49,"column":5}},{"start":{"line":47,"column":11},"end":{"line":49,"column":5}}],"line":45},"3":{"loc":{"start":{"line":45,"column":8},"end":{"line":45,"column":50}},"type":"binary-expr","locations":[{"start":{"line":45,"column":8},"end":{"line":45,"column":15}},{"start":{"line":45,"column":19},"end":{"line":45,"column":50}}],"line":45},"4":{"loc":{"start":{"line":65,"column":7},"end":{"line":65,"column":58}},"type":"cond-expr","locations":[{"start":{"line":65,"column":47},"end":{"line":65,"column":50}},{"start":{"line":65,"column":53},"end":{"line":65,"column":58}}],"line":65},"5":{"loc":{"start":{"line":114,"column":2},"end":{"line":114,"column":84}},"type":"if","locations":[{"start":{"line":114,"column":2},"end":{"line":114,"column":84}},{"start":{},"end":{}}],"line":114},"6":{"loc":{"start":{"line":114,"column":6},"end":{"line":114,"column":68}},"type":"binary-expr","locations":[{"start":{"line":114,"column":6},"end":{"line":114,"column":33}},{"start":{"line":114,"column":37},"end":{"line":114,"column":68}}],"line":114},"7":{"loc":{"start":{"line":127,"column":13},"end":{"line":127,"column":37}},"type":"binary-expr","locations":[{"start":{"line":127,"column":13},"end":{"line":127,"column":29}},{"start":{"line":127,"column":33},"end":{"line":127,"column":37}}],"line":127}},"s":{"0":9,"1":9,"2":9,"3":9,"4":9,"5":9,"6":9,"7":9,"8":9,"9":9,"10":9,"11":9,"12":9,"13":9,"14":9,"15":118,"16":118,"17":0,"18":9,"19":9,"20":9,"21":9,"22":9,"23":113,"24":9,"25":9,"26":9,"27":9,"28":9,"29":9,"30":9,"31":0,"32":9,"33":9,"34":9,"35":9,"36":9,"37":9,"38":9,"39":9,"40":9,"41":9,"42":9,"43":9,"44":9,"45":9,"46":9,"47":0,"48":9,"49":0,"50":0,"51":0,"52":9,"53":0,"54":9,"55":9,"56":9,"57":9,"58":9,"59":9,"60":9,"61":9},"f":{"0":118,"1":113,"2":0,"3":0,"4":0,"5":0,"6":9,"7":9},"b":{"0":[0,9],"1":[0,0],"2":[118,0],"3":[118,0],"4":[0,9],"5":[0,0],"6":[0,0],"7":[9,0]},"_coverageSchema":"1a1c01bbd47fc00a2c39e90264f33305004495a9","hash":"968a08c6ef52c9f51a0bf9aa9d02bc2f30aaa392"}
,"/Users/kevinkhek/Desktop/SupacoDigital/broderie/backend/config/cache.js": {"path":"/Users/kevinkhek/Desktop/SupacoDigital/broderie/backend/config/cache.js","statementMap":{"0":{"start":{"line":1,"column":18},"end":{"line":1,"column":39}},"1":{"start":{"line":4,"column":12},"end":{"line":10,"column":1}},"2":{"start":{"line":12,"column":14},"end":{"line":16,"column":2}},"3":{"start":{"line":19,"column":13},"end":{"line":26,"column":1}},"4":{"start":{"line":21,"column":4},"end":{"line":21,"column":57}},"5":{"start":{"line":22,"column":27},"end":{"line":22,"column":52}},"6":{"start":{"line":23,"column":26},"end":{"line":23,"column":48}},"7":{"start":{"line":24,"column":18},"end":{"line":24,"column":29}},"8":{"start":{"line":25,"column":23},"end":{"line":25,"column":39}},"9":{"start":{"line":29,"column":27},"end":{"line":32,"column":1}},"10":{"start":{"line":30,"column":22},"end":{"line":30,"column":73}},"11":{"start":{"line":30,"column":49},"end":{"line":30,"column":72}},"12":{"start":{"line":31,"column":2},"end":{"line":31,"column":25}},"13":{"start":{"line":34,"column":0},"end":{"line":34,"column":58}}},"fnMap":{"0":{"name":"(anonymous_0)","decl":{"start":{"line":20,"column":16},"end":{"line":20,"column":17}},"loc":{"start":{"line":21,"column":4},"end":{"line":21,"column":57}},"line":21},"1":{"name":"(anonymous_1)","decl":{"start":{"line":22,"column":11},"end":{"line":22,"column":12}},"loc":{"start":{"line":22,"column":27},"end":{"line":22,"column":52}},"line":22},"2":{"name":"(anonymous_2)","decl":{"start":{"line":23,"column":14},"end":{"line":23,"column":15}},"loc":{"start":{"line":23,"column":26},"end":{"line":23,"column":48}},"line":23},"3":{"name":"(anonymous_3)","decl":{"start":{"line":24,"column":12},"end":{"line":24,"column":13}},"loc":{"start":{"line":24,"column":18},"end":{"line":24,"column":29}},"line":24},"4":{"name":"(anonymous_4)","decl":{"start":{"line":25,"column":17},"end":{"line":25,"column":18}},"loc":{"start":{"line":25,"column":23},"end":{"line":25,"column":39}},"line":25},"5":{"name":"(anonymous_5)","decl":{"start":{"line":29,"column":27},"end":{"line":29,"column":28}},"loc":{"start":{"line":29,"column":33},"end":{"line":32,"column":1}},"line":29},"6":{"name":"(anonymous_6)","decl":{"start":{"line":30,"column":42},"end":{"line":30,"column":43}},"loc":{"start":{"line":30,"column":49},"end":{"line":30,"column":72}},"line":30}},"branchMap":{"0":{"loc":{"start":{"line":20,"column":38},"end":{"line":20,"column":50}},"type":"default-arg","locations":[{"start":{"line":20,"column":48},"end":{"line":20,"column":50}}],"line":20}},"s":{"0":9,"1":9,"2":9,"3":9,"4":16,"5":3,"6":4,"7":0,"8":0,"9":9,"10":3,"11":0,"12":3,"13":9},"f":{"0":16,"1":3,"2":4,"3":0,"4":0,"5":3,"6":0},"b":{"0":[0]},"_coverageSchema":"1a1c01bbd47fc00a2c39e90264f33305004495a9","hash":"d7a891bcc8681b461247e0a3bbd70bbd64e25351"}
,"/Users/kevinkhek/Desktop/SupacoDigital/broderie/backend/config/db.js": {"path":"/Users/kevinkhek/Desktop/SupacoDigital/broderie/backend/config/db.js","statementMap":{"0":{"start":{"line":1,"column":14},"end":{"line":1,"column":39}},"1":{"start":{"line":4,"column":13},"end":{"line":17,"column":2}},"2":{"start":{"line":20,"column":23},"end":{"line":29,"column":1}},"3":{"start":{"line":21,"column":2},"end":{"line":28,"column":3}},"4":{"start":{"line":22,"column":23},"end":{"line":22,"column":49}},"5":{"start":{"line":23,"column":4},"end":{"line":23,"column":45}},"6":{"start":{"line":24,"column":4},"end":{"line":24,"column":25}},"7":{"start":{"line":26,"column":4},"end":{"line":26,"column":62}},"8":{"start":{"line":27,"column":4},"end":{"line":27,"column":20}},"9":{"start":{"line":31,"column":0},"end":{"line":31,"column":42}}},"fnMap":{"0":{"name":"(anonymous_0)","decl":{"start":{"line":20,"column":23},"end":{"line":20,"column":24}},"loc":{"start":{"line":20,"column":35},"end":{"line":29,"column":1}},"line":20}},"branchMap":{"0":{"loc":{"start":{"line":6,"column":8},"end":{"line":6,"column":35}},"type":"binary-expr","locations":[{"start":{"line":6,"column":8},"end":{"line":6,"column":27}},{"start":{"line":6,"column":31},"end":{"line":6,"column":35}}],"line":6}},"s":{"0":15,"1":15,"2":15,"3":9,"4":9,"5":9,"6":9,"7":0,"8":0,"9":15},"f":{"0":9},"b":{"0":[15,6]},"_coverageSchema":"1a1c01bbd47fc00a2c39e90264f33305004495a9","hash":"fdf4e3fd6048a605fcd27c1f776e4aa2840fca48"}
,"/Users/kevinkhek/Desktop/SupacoDigital/broderie/backend/config/mailer.js": {"path":"/Users/kevinkhek/Desktop/SupacoDigital/broderie/backend/config/mailer.js","statementMap":{"0":{"start":{"line":1,"column":19},"end":{"line":1,"column":40}},"1":{"start":{"line":4,"column":20},"end":{"line":15,"column":2}},"2":{"start":{"line":18,"column":0},"end":{"line":22,"column":1}},"3":{"start":{"line":19,"column":2},"end":{"line":21,"column":5}},"4":{"start":{"line":20,"column":4},"end":{"line":20,"column":68}},"5":{"start":{"line":24,"column":0},"end":{"line":24,"column":29}}},"fnMap":{"0":{"name":"(anonymous_0)","decl":{"start":{"line":19,"column":29},"end":{"line":19,"column":30}},"loc":{"start":{"line":19,"column":38},"end":{"line":21,"column":3}},"line":19}},"branchMap":{"0":{"loc":{"start":{"line":6,"column":10},"end":{"line":6,"column":46}},"type":"binary-expr","locations":[{"start":{"line":6,"column":10},"end":{"line":6,"column":39}},{"start":{"line":6,"column":43},"end":{"line":6,"column":46}}],"line":6},"1":{"loc":{"start":{"line":18,"column":0},"end":{"line":22,"column":1}},"type":"if","locations":[{"start":{"line":18,"column":0},"end":{"line":22,"column":1}},{"start":{},"end":{}}],"line":18}},"s":{"0":10,"1":10,"2":10,"3":0,"4":0,"5":10},"f":{"0":0},"b":{"0":[10,1],"1":[0,10]},"_coverageSchema":"1a1c01bbd47fc00a2c39e90264f33305004495a9","hash":"8aaac1a1004ff2706bd0f72f8f6cd0cee2292574"}
,"/Users/kevinkhek/Desktop/SupacoDigital/broderie/backend/config/sharp.js": {"path":"/Users/kevinkhek/Desktop/SupacoDigital/broderie/backend/config/sharp.js","statementMap":{"0":{"start":{"line":1,"column":16},"end":{"line":1,"column":32}},"1":{"start":{"line":2,"column":23},"end":{"line":2,"column":38}},"2":{"start":{"line":3,"column":17},"end":{"line":3,"column":37}},"3":{"start":{"line":6,"column":14},"end":{"line":10,"column":1}},"4":{"start":{"line":14,"column":21},"end":{"line":30,"column":1}},"5":{"start":{"line":15,"column":15},"end":{"line":15,"column":23}},"6":{"start":{"line":16,"column":16},"end":{"line":16,"column":18}},"7":{"start":{"line":18,"column":2},"end":{"line":27,"column":3}},"8":{"start":{"line":19,"column":21},"end":{"line":19,"column":43}},"9":{"start":{"line":21,"column":23},"end":{"line":24,"column":17}},"10":{"start":{"line":26,"column":4},"end":{"line":26,"column":64}},"11":{"start":{"line":29,"column":2},"end":{"line":29,"column":24}},"12":{"start":{"line":32,"column":0},"end":{"line":32,"column":34}}},"fnMap":{"0":{"name":"(anonymous_0)","decl":{"start":{"line":14,"column":21},"end":{"line":14,"column":22}},"loc":{"start":{"line":14,"column":39},"end":{"line":30,"column":1}},"line":14}},"branchMap":{},"s":{"0":9,"1":9,"2":9,"3":9,"4":9,"5":0,"6":0,"7":0,"8":0,"9":0,"10":0,"11":0,"12":9},"f":{"0":0},"b":{},"_coverageSchema":"1a1c01bbd47fc00a2c39e90264f33305004495a9","hash":"2fbb993df0255bb3bab53b9d8b5e71e92614013c"}
,"/Users/kevinkhek/Desktop/SupacoDigital/broderie/backend/config/shipengine.js": {"path":"/Users/kevinkhek/Desktop/SupacoDigital/broderie/backend/config/shipengine.js","statementMap":{"0":{"start":{"line":1,"column":19},"end":{"line":1,"column":40}},"1":{"start":{"line":3,"column":0},"end":{"line":5,"column":1}},"2":{"start":{"line":4,"column":2},"end":{"line":4,"column":99}},"3":{"start":{"line":7,"column":19},"end":{"line":9,"column":8}},"4":{"start":{"line":11,"column":0},"end":{"line":11,"column":28}}},"fnMap":{},"branchMap":{"0":{"loc":{"start":{"line":3,"column":0},"end":{"line":5,"column":1}},"type":"if","locations":[{"start":{"line":3,"column":0},"end":{"line":5,"column":1}},{"start":{},"end":{}}],"line":3},"1":{"loc":{"start":{"line":7,"column":19},"end":{"line":9,"column":8}},"type":"cond-expr","locations":[{"start":{"line":8,"column":4},"end":{"line":8,"column":70}},{"start":{"line":9,"column":4},"end":{"line":9,"column":8}}],"line":7}},"s":{"0":9,"1":9,"2":0,"3":9,"4":9},"f":{},"b":{"0":[0,9],"1":[9,0]},"_coverageSchema":"1a1c01bbd47fc00a2c39e90264f33305004495a9","hash":"30d7f04582b8c94f848d77fb6710a8f74f52c1af"}
,"/Users/kevinkhek/Desktop/SupacoDigital/broderie/backend/config/storage.js": {"path":"/Users/kevinkhek/Desktop/SupacoDigital/broderie/backend/config/storage.js","statementMap":{"0":{"start":{"line":1,"column":13},"end":{"line":1,"column":28}},"1":{"start":{"line":2,"column":13},"end":{"line":2,"column":26}},"2":{"start":{"line":6,"column":16},"end":{"line":6,"column":53}},"3":{"start":{"line":8,"column":15},"end":{"line":8,"column":19}},"4":{"start":{"line":10,"column":0},"end":{"line":21,"column":1}},"5":{"start":{"line":11,"column":23},"end":{"line":11,"column":52}},"6":{"start":{"line":12,"column":2},"end":{"line":20,"column":5}},"7":{"start":{"line":24,"column":19},"end":{"line":42,"column":1}},"8":{"start":{"line":25,"column":2},"end":{"line":35,"column":3}},"9":{"start":{"line":26,"column":33},"end":{"line":26,"column":62}},"10":{"start":{"line":27,"column":4},"end":{"line":33,"column":8}},"11":{"start":{"line":34,"column":4},"end":{"line":34,"column":96}},"12":{"start":{"line":38,"column":14},"end":{"line":38,"column":63}},"13":{"start":{"line":39,"column":2},"end":{"line":39,"column":66}},"14":{"start":{"line":39,"column":27},"end":{"line":39,"column":66}},"15":{"start":{"line":40,"column":2},"end":{"line":40,"column":53}},"16":{"start":{"line":41,"column":2},"end":{"line":41,"column":41}},"17":{"start":{"line":45,"column":20},"end":{"line":50,"column":1}},"18":{"start":{"line":46,"column":2},"end":{"line":46,"column":22}},"19":{"start":{"line":46,"column":15},"end":{"line":46,"column":22}},"20":{"start":{"line":47,"column":19},"end":{"line":47,"column":37}},"21":{"start":{"line":48,"column":19},"end":{"line":48,"column":78}},"22":{"start":{"line":49,"column":2},"end":{"line":49,"column":55}},"23":{"start":{"line":49,"column":31},"end":{"line":49,"column":55}},"24":{"start":{"line":52,"column":0},"end":{"line":52,"column":45}}},"fnMap":{"0":{"name":"(anonymous_0)","decl":{"start":{"line":24,"column":19},"end":{"line":24,"column":20}},"loc":{"start":{"line":24,"column":47},"end":{"line":42,"column":1}},"line":24},"1":{"name":"(anonymous_1)","decl":{"start":{"line":45,"column":20},"end":{"line":45,"column":21}},"loc":{"start":{"line":45,"column":29},"end":{"line":50,"column":1}},"line":45}},"branchMap":{"0":{"loc":{"start":{"line":10,"column":0},"end":{"line":21,"column":1}},"type":"if","locations":[{"start":{"line":10,"column":0},"end":{"line":21,"column":1}},{"start":{},"end":{}}],"line":10},"1":{"loc":{"start":{"line":25,"column":2},"end":{"line":35,"column":3}},"type":"if","locations":[{"start":{"line":25,"column":2},"end":{"line":35,"column":3}},{"start":{},"end":{}}],"line":25},"2":{"loc":{"start":{"line":39,"column":2},"end":{"line":39,"column":66}},"type":"if","locations":[{"start":{"line":39,"column":2},"end":{"line":39,"column":66}},{"start":{},"end":{}}],"line":39},"3":{"loc":{"start":{"line":46,"column":2},"end":{"line":46,"column":22}},"type":"if","locations":[{"start":{"line":46,"column":2},"end":{"line":46,"column":22}},{"start":{},"end":{}}],"line":46},"4":{"loc":{"start":{"line":49,"column":2},"end":{"line":49,"column":55}},"type":"if","locations":[{"start":{"line":49,"column":2},"end":{"line":49,"column":55}},{"start":{},"end":{}}],"line":49}},"s":{"0":9,"1":9,"2":9,"3":9,"4":9,"5":0,"6":0,"7":9,"8":0,"9":0,"10":0,"11":0,"12":0,"13":0,"14":0,"15":0,"16":0,"17":9,"18":0,"19":0,"20":0,"21":0,"22":0,"23":0,"24":9},"f":{"0":0,"1":0},"b":{"0":[0,9],"1":[0,0],"2":[0,0],"3":[0,0],"4":[0,0]},"_coverageSchema":"1a1c01bbd47fc00a2c39e90264f33305004495a9","hash":"21f149c9337207a064549566c76d359526a50ae4"}
,"/Users/kevinkhek/Desktop/SupacoDigital/broderie/backend/config/stripe.js": {"path":"/Users/kevinkhek/Desktop/SupacoDigital/broderie/backend/config/stripe.js","statementMap":{"0":{"start":{"line":1,"column":15},"end":{"line":1,"column":32}},"1":{"start":{"line":3,"column":0},"end":{"line":5,"column":1}},"2":{"start":{"line":4,"column":2},"end":{"line":4,"column":85}},"3":{"start":{"line":7,"column":15},"end":{"line":9,"column":8}},"4":{"start":{"line":11,"column":0},"end":{"line":11,"column":24}}},"fnMap":{},"branchMap":{"0":{"loc":{"start":{"line":3,"column":0},"end":{"line":5,"column":1}},"type":"if","locations":[{"start":{"line":3,"column":0},"end":{"line":5,"column":1}},{"start":{},"end":{}}],"line":3},"1":{"loc":{"start":{"line":7,"column":15},"end":{"line":9,"column":8}},"type":"cond-expr","locations":[{"start":{"line":8,"column":4},"end":{"line":8,"column":82}},{"start":{"line":9,"column":4},"end":{"line":9,"column":8}}],"line":7}},"s":{"0":9,"1":9,"2":0,"3":9,"4":9},"f":{},"b":{"0":[0,9],"1":[9,0]},"_coverageSchema":"1a1c01bbd47fc00a2c39e90264f33305004495a9","hash":"6c6f1589790779f2c7a5f89355d615b033859efe"}
,"/Users/kevinkhek/Desktop/SupacoDigital/broderie/backend/controllers/auth.controller.js": {"path":"/Users/kevinkhek/Desktop/SupacoDigital/broderie/backend/controllers/auth.controller.js","statementMap":{"0":{"start":{"line":1,"column":20},"end":{"line":1,"column":55}},"1":{"start":{"line":3,"column":17},"end":{"line":34,"column":1}},"2":{"start":{"line":4,"column":2},"end":{"line":33,"column":3}},"3":{"start":{"line":5,"column":61},"end":{"line":5,"column":69}},"4":{"start":{"line":7,"column":4},"end":{"line":9,"column":5}},"5":{"start":{"line":8,"column":6},"end":{"line":8,"column":151}},"6":{"start":{"line":11,"column":48},"end":{"line":13,"column":6}},"7":{"start":{"line":15,"column":4},"end":{"line":15,"column":81}},"8":{"start":{"line":17,"column":4},"end":{"line":30,"column":7}},"9":{"start":{"line":32,"column":4},"end":{"line":32,"column":16}},"10":{"start":{"line":36,"column":14},"end":{"line":60,"column":1}},"11":{"start":{"line":37,"column":2},"end":{"line":59,"column":3}},"12":{"start":{"line":38,"column":32},"end":{"line":38,"column":40}},"13":{"start":{"line":39,"column":48},"end":{"line":39,"column":92}},"14":{"start":{"line":41,"column":4},"end":{"line":41,"column":81}},"15":{"start":{"line":43,"column":4},"end":{"line":56,"column":7}},"16":{"start":{"line":58,"column":4},"end":{"line":58,"column":16}},"17":{"start":{"line":62,"column":15},"end":{"line":71,"column":1}},"18":{"start":{"line":63,"column":2},"end":{"line":68,"column":5}},"19":{"start":{"line":70,"column":2},"end":{"line":70,"column":63}},"20":{"start":{"line":73,"column":21},"end":{"line":97,"column":1}},"21":{"start":{"line":74,"column":2},"end":{"line":96,"column":3}},"22":{"start":{"line":75,"column":18},"end":{"line":75,"column":43}},"23":{"start":{"line":76,"column":65},"end":{"line":76,"column":102}},"24":{"start":{"line":78,"column":4},"end":{"line":78,"column":84}},"25":{"start":{"line":80,"column":4},"end":{"line":93,"column":7}},"26":{"start":{"line":95,"column":4},"end":{"line":95,"column":16}},"27":{"start":{"line":99,"column":23},"end":{"line":110,"column":1}},"28":{"start":{"line":100,"column":2},"end":{"line":109,"column":3}},"29":{"start":{"line":101,"column":22},"end":{"line":101,"column":30}},"30":{"start":{"line":102,"column":4},"end":{"line":102,"column":105}},"31":{"start":{"line":102,"column":16},"end":{"line":102,"column":105}},"32":{"start":{"line":105,"column":4},"end":{"line":105,"column":44}},"33":{"start":{"line":106,"column":4},"end":{"line":106,"column":122}},"34":{"start":{"line":108,"column":4},"end":{"line":108,"column":16}},"35":{"start":{"line":112,"column":22},"end":{"line":123,"column":1}},"36":{"start":{"line":113,"column":2},"end":{"line":122,"column":3}},"37":{"start":{"line":114,"column":32},"end":{"line":114,"column":40}},"38":{"start":{"line":115,"column":4},"end":{"line":117,"column":5}},"39":{"start":{"line":116,"column":6},"end":{"line":116,"column":111}},"40":{"start":{"line":118,"column":4},"end":{"line":118,"column":53}},"41":{"start":{"line":119,"column":4},"end":{"line":119,"column":83}},"42":{"start":{"line":121,"column":4},"end":{"line":121,"column":16}},"43":{"start":{"line":125,"column":0},"end":{"line":125,"column":90}}},"fnMap":{"0":{"name":"(anonymous_0)","decl":{"start":{"line":3,"column":17},"end":{"line":3,"column":18}},"loc":{"start":{"line":3,"column":43},"end":{"line":34,"column":1}},"line":3},"1":{"name":"(anonymous_1)","decl":{"start":{"line":36,"column":14},"end":{"line":36,"column":15}},"loc":{"start":{"line":36,"column":40},"end":{"line":60,"column":1}},"line":36},"2":{"name":"(anonymous_2)","decl":{"start":{"line":62,"column":15},"end":{"line":62,"column":16}},"loc":{"start":{"line":62,"column":35},"end":{"line":71,"column":1}},"line":62},"3":{"name":"(anonymous_3)","decl":{"start":{"line":73,"column":21},"end":{"line":73,"column":22}},"loc":{"start":{"line":73,"column":47},"end":{"line":97,"column":1}},"line":73},"4":{"name":"(anonymous_4)","decl":{"start":{"line":99,"column":23},"end":{"line":99,"column":24}},"loc":{"start":{"line":99,"column":49},"end":{"line":110,"column":1}},"line":99},"5":{"name":"(anonymous_5)","decl":{"start":{"line":112,"column":22},"end":{"line":112,"column":23}},"loc":{"start":{"line":112,"column":48},"end":{"line":123,"column":1}},"line":112}},"branchMap":{"0":{"loc":{"start":{"line":7,"column":4},"end":{"line":9,"column":5}},"type":"if","locations":[{"start":{"line":7,"column":4},"end":{"line":9,"column":5}},{"start":{},"end":{}}],"line":7},"1":{"loc":{"start":{"line":7,"column":8},"end":{"line":7,"column":54}},"type":"binary-expr","locations":[{"start":{"line":7,"column":8},"end":{"line":7,"column":14}},{"start":{"line":7,"column":18},"end":{"line":7,"column":27}},{"start":{"line":7,"column":31},"end":{"line":7,"column":41}},{"start":{"line":7,"column":45},"end":{"line":7,"column":54}}],"line":7},"2":{"loc":{"start":{"line":102,"column":4},"end":{"line":102,"column":105}},"type":"if","locations":[{"start":{"line":102,"column":4},"end":{"line":102,"column":105}},{"start":{},"end":{}}],"line":102},"3":{"loc":{"start":{"line":115,"column":4},"end":{"line":117,"column":5}},"type":"if","locations":[{"start":{"line":115,"column":4},"end":{"line":117,"column":5}},{"start":{},"end":{}}],"line":115},"4":{"loc":{"start":{"line":115,"column":8},"end":{"line":115,"column":27}},"type":"binary-expr","locations":[{"start":{"line":115,"column":8},"end":{"line":115,"column":14}},{"start":{"line":115,"column":18},"end":{"line":115,"column":27}}],"line":115}},"s":{"0":9,"1":9,"2":11,"3":11,"4":11,"5":1,"6":10,"7":9,"8":9,"9":1,"10":9,"11":11,"12":11,"13":11,"14":9,"15":9,"16":2,"17":9,"18":1,"19":1,"20":9,"21":2,"22":2,"23":2,"24":1,"25":1,"26":1,"27":9,"28":0,"29":0,"30":0,"31":0,"32":0,"33":0,"34":0,"35":9,"36":0,"37":0,"38":0,"39":0,"40":0,"41":0,"42":0,"43":9},"f":{"0":11,"1":11,"2":1,"3":2,"4":0,"5":0},"b":{"0":[1,10],"1":[11,11,10,10],"2":[0,0],"3":[0,0],"4":[0,0]},"_coverageSchema":"1a1c01bbd47fc00a2c39e90264f33305004495a9","hash":"6a559567f0e5c939ead318fac3549c4f4c45497e"}
,"/Users/kevinkhek/Desktop/SupacoDigital/broderie/backend/controllers/cart.controller.js": {"path":"/Users/kevinkhek/Desktop/SupacoDigital/broderie/backend/controllers/cart.controller.js","statementMap":{"0":{"start":{"line":1,"column":20},"end":{"line":1,"column":55}},"1":{"start":{"line":2,"column":23},"end":{"line":2,"column":38}},"2":{"start":{"line":5,"column":27},"end":{"line":23,"column":1}},"3":{"start":{"line":6,"column":17},"end":{"line":6,"column":37}},"4":{"start":{"line":7,"column":18},"end":{"line":7,"column":22}},"5":{"start":{"line":9,"column":2},"end":{"line":20,"column":3}},"6":{"start":{"line":10,"column":4},"end":{"line":10,"column":41}},"7":{"start":{"line":11,"column":4},"end":{"line":19,"column":5}},"8":{"start":{"line":12,"column":6},"end":{"line":12,"column":27}},"9":{"start":{"line":13,"column":6},"end":{"line":18,"column":9}},"10":{"start":{"line":22,"column":2},"end":{"line":22,"column":31}},"11":{"start":{"line":25,"column":16},"end":{"line":33,"column":1}},"12":{"start":{"line":26,"column":2},"end":{"line":32,"column":3}},"13":{"start":{"line":27,"column":34},"end":{"line":27,"column":62}},"14":{"start":{"line":28,"column":17},"end":{"line":28,"column":65}},"15":{"start":{"line":29,"column":4},"end":{"line":29,"column":44}},"16":{"start":{"line":31,"column":4},"end":{"line":31,"column":16}},"17":{"start":{"line":35,"column":16},"end":{"line":46,"column":1}},"18":{"start":{"line":36,"column":2},"end":{"line":45,"column":3}},"19":{"start":{"line":37,"column":34},"end":{"line":37,"column":62}},"20":{"start":{"line":38,"column":85},"end":{"line":38,"column":93}},"21":{"start":{"line":39,"column":22},"end":{"line":39,"column":39}},"22":{"start":{"line":40,"column":22},"end":{"line":40,"column":47}},"23":{"start":{"line":41,"column":17},"end":{"line":41,"column":97}},"24":{"start":{"line":42,"column":4},"end":{"line":42,"column":44}},"25":{"start":{"line":44,"column":4},"end":{"line":44,"column":16}},"26":{"start":{"line":48,"column":19},"end":{"line":58,"column":1}},"27":{"start":{"line":49,"column":2},"end":{"line":57,"column":3}},"28":{"start":{"line":50,"column":34},"end":{"line":50,"column":62}},"29":{"start":{"line":51,"column":19},"end":{"line":51,"column":42}},"30":{"start":{"line":52,"column":25},"end":{"line":52,"column":33}},"31":{"start":{"line":53,"column":17},"end":{"line":53,"column":86}},"32":{"start":{"line":54,"column":4},"end":{"line":54,"column":44}},"33":{"start":{"line":56,"column":4},"end":{"line":56,"column":16}},"34":{"start":{"line":60,"column":19},"end":{"line":69,"column":1}},"35":{"start":{"line":61,"column":2},"end":{"line":68,"column":3}},"36":{"start":{"line":62,"column":34},"end":{"line":62,"column":62}},"37":{"start":{"line":63,"column":19},"end":{"line":63,"column":42}},"38":{"start":{"line":64,"column":17},"end":{"line":64,"column":76}},"39":{"start":{"line":65,"column":4},"end":{"line":65,"column":44}},"40":{"start":{"line":67,"column":4},"end":{"line":67,"column":16}},"41":{"start":{"line":71,"column":0},"end":{"line":71,"column":62}}},"fnMap":{"0":{"name":"(anonymous_0)","decl":{"start":{"line":5,"column":27},"end":{"line":5,"column":28}},"loc":{"start":{"line":5,"column":41},"end":{"line":23,"column":1}},"line":5},"1":{"name":"(anonymous_1)","decl":{"start":{"line":25,"column":16},"end":{"line":25,"column":17}},"loc":{"start":{"line":25,"column":42},"end":{"line":33,"column":1}},"line":25},"2":{"name":"(anonymous_2)","decl":{"start":{"line":35,"column":16},"end":{"line":35,"column":17}},"loc":{"start":{"line":35,"column":42},"end":{"line":46,"column":1}},"line":35},"3":{"name":"(anonymous_3)","decl":{"start":{"line":48,"column":19},"end":{"line":48,"column":20}},"loc":{"start":{"line":48,"column":45},"end":{"line":58,"column":1}},"line":48},"4":{"name":"(anonymous_4)","decl":{"start":{"line":60,"column":19},"end":{"line":60,"column":20}},"loc":{"start":{"line":60,"column":45},"end":{"line":69,"column":1}},"line":60}},"branchMap":{"0":{"loc":{"start":{"line":6,"column":17},"end":{"line":6,"column":37}},"type":"binary-expr","locations":[{"start":{"line":6,"column":17},"end":{"line":6,"column":29}},{"start":{"line":6,"column":33},"end":{"line":6,"column":37}}],"line":6},"1":{"loc":{"start":{"line":9,"column":2},"end":{"line":20,"column":3}},"type":"if","locations":[{"start":{"line":9,"column":2},"end":{"line":20,"column":3}},{"start":{},"end":{}}],"line":9},"2":{"loc":{"start":{"line":11,"column":4},"end":{"line":19,"column":5}},"type":"if","locations":[{"start":{"line":11,"column":4},"end":{"line":19,"column":5}},{"start":{},"end":{}}],"line":11},"3":{"loc":{"start":{"line":38,"column":68},"end":{"line":38,"column":80}},"type":"default-arg","locations":[{"start":{"line":38,"column":79},"end":{"line":38,"column":80}}],"line":38},"4":{"loc":{"start":{"line":39,"column":22},"end":{"line":39,"column":39}},"type":"binary-expr","locations":[{"start":{"line":39,"column":22},"end":{"line":39,"column":32}},{"start":{"line":39,"column":36},"end":{"line":39,"column":39}}],"line":39},"5":{"loc":{"start":{"line":40,"column":22},"end":{"line":40,"column":47}},"type":"binary-expr","locations":[{"start":{"line":40,"column":22},"end":{"line":40,"column":32}},{"start":{"line":40,"column":36},"end":{"line":40,"column":39}},{"start":{"line":40,"column":43},"end":{"line":40,"column":47}}],"line":40}},"s":{"0":9,"1":9,"2":9,"3":16,"4":16,"5":16,"6":10,"7":10,"8":6,"9":6,"10":16,"11":9,"12":4,"13":4,"14":4,"15":4,"16":0,"17":9,"18":10,"19":10,"20":10,"21":10,"22":10,"23":10,"24":6,"25":4,"26":9,"27":1,"28":1,"29":1,"30":1,"31":1,"32":1,"33":0,"34":9,"35":1,"36":1,"37":1,"38":1,"39":1,"40":0,"41":9},"f":{"0":16,"1":4,"2":10,"3":1,"4":1},"b":{"0":[16,10],"1":[10,6],"2":[6,4],"3":[0],"4":[10,10],"5":[10,10,10]},"_coverageSchema":"1a1c01bbd47fc00a2c39e90264f33305004495a9","hash":"412ae6a1361d9bd8fe1e50df2c892969991735e4"}
,"/Users/kevinkhek/Desktop/SupacoDigital/broderie/backend/controllers/category.controller.js": {"path":"/Users/kevinkhek/Desktop/SupacoDigital/broderie/backend/controllers/category.controller.js","statementMap":{"0":{"start":{"line":1,"column":24},"end":{"line":1,"column":63}},"1":{"start":{"line":2,"column":28},"end":{"line":2,"column":60}},"2":{"start":{"line":4,"column":15},"end":{"line":12,"column":1}},"3":{"start":{"line":5,"column":2},"end":{"line":11,"column":3}},"4":{"start":{"line":6,"column":19},"end":{"line":6,"column":52}},"5":{"start":{"line":7,"column":23},"end":{"line":7,"column":59}},"6":{"start":{"line":8,"column":4},"end":{"line":8,"column":50}},"7":{"start":{"line":10,"column":4},"end":{"line":10,"column":16}},"8":{"start":{"line":14,"column":20},"end":{"line":22,"column":1}},"9":{"start":{"line":15,"column":2},"end":{"line":21,"column":3}},"10":{"start":{"line":16,"column":21},"end":{"line":16,"column":31}},"11":{"start":{"line":17,"column":19},"end":{"line":17,"column":98}},"12":{"start":{"line":18,"column":4},"end":{"line":18,"column":43}},"13":{"start":{"line":20,"column":4},"end":{"line":20,"column":16}},"14":{"start":{"line":24,"column":0},"end":{"line":24,"column":41}}},"fnMap":{"0":{"name":"(anonymous_0)","decl":{"start":{"line":4,"column":15},"end":{"line":4,"column":16}},"loc":{"start":{"line":4,"column":41},"end":{"line":12,"column":1}},"line":4},"1":{"name":"(anonymous_1)","decl":{"start":{"line":14,"column":20},"end":{"line":14,"column":21}},"loc":{"start":{"line":14,"column":46},"end":{"line":22,"column":1}},"line":14}},"branchMap":{},"s":{"0":9,"1":9,"2":9,"3":4,"4":4,"5":4,"6":4,"7":0,"8":9,"9":0,"10":0,"11":0,"12":0,"13":0,"14":9},"f":{"0":4,"1":0},"b":{},"_coverageSchema":"1a1c01bbd47fc00a2c39e90264f33305004495a9","hash":"109e8fbe135e27b48a8b713e7823c54b2d01f86d"}
,"/Users/kevinkhek/Desktop/SupacoDigital/broderie/backend/controllers/loyalty.controller.js": {"path":"/Users/kevinkhek/Desktop/SupacoDigital/broderie/backend/controllers/loyalty.controller.js","statementMap":{"0":{"start":{"line":1,"column":23},"end":{"line":1,"column":61}},"1":{"start":{"line":3,"column":14},"end":{"line":10,"column":1}},"2":{"start":{"line":4,"column":2},"end":{"line":9,"column":3}},"3":{"start":{"line":5,"column":20},"end":{"line":5,"column":71}},"4":{"start":{"line":6,"column":4},"end":{"line":6,"column":47}},"5":{"start":{"line":8,"column":4},"end":{"line":8,"column":16}},"6":{"start":{"line":12,"column":19},"end":{"line":19,"column":1}},"7":{"start":{"line":13,"column":2},"end":{"line":18,"column":3}},"8":{"start":{"line":14,"column":20},"end":{"line":14,"column":64}},"9":{"start":{"line":15,"column":4},"end":{"line":15,"column":47}},"10":{"start":{"line":17,"column":4},"end":{"line":17,"column":16}},"11":{"start":{"line":21,"column":0},"end":{"line":21,"column":39}}},"fnMap":{"0":{"name":"(anonymous_0)","decl":{"start":{"line":3,"column":14},"end":{"line":3,"column":15}},"loc":{"start":{"line":3,"column":40},"end":{"line":10,"column":1}},"line":3},"1":{"name":"(anonymous_1)","decl":{"start":{"line":12,"column":19},"end":{"line":12,"column":20}},"loc":{"start":{"line":12,"column":45},"end":{"line":19,"column":1}},"line":12}},"branchMap":{},"s":{"0":9,"1":9,"2":0,"3":0,"4":0,"5":0,"6":9,"7":0,"8":0,"9":0,"10":0,"11":9},"f":{"0":0,"1":0},"b":{},"_coverageSchema":"1a1c01bbd47fc00a2c39e90264f33305004495a9","hash":"26bf58a8ab5d04bfc52de053b1b5914a1b4d27f2"}
,"/Users/kevinkhek/Desktop/SupacoDigital/broderie/backend/controllers/newsletter.controller.js": {"path":"/Users/kevinkhek/Desktop/SupacoDigital/broderie/backend/controllers/newsletter.controller.js","statementMap":{"0":{"start":{"line":1,"column":29},"end":{"line":1,"column":77}},"1":{"start":{"line":2,"column":21},"end":{"line":2,"column":59}},"2":{"start":{"line":4,"column":18},"end":{"line":22,"column":1}},"3":{"start":{"line":5,"column":2},"end":{"line":21,"column":3}},"4":{"start":{"line":6,"column":30},"end":{"line":6,"column":38}},"5":{"start":{"line":8,"column":4},"end":{"line":10,"column":5}},"6":{"start":{"line":9,"column":6},"end":{"line":9,"column":64}},"7":{"start":{"line":12,"column":19},"end":{"line":12,"column":78}},"8":{"start":{"line":14,"column":4},"end":{"line":16,"column":5}},"9":{"start":{"line":15,"column":6},"end":{"line":15,"column":93}},"10":{"start":{"line":18,"column":4},"end":{"line":18,"column":87}},"11":{"start":{"line":20,"column":4},"end":{"line":20,"column":16}},"12":{"start":{"line":24,"column":20},"end":{"line":36,"column":1}},"13":{"start":{"line":25,"column":2},"end":{"line":35,"column":3}},"14":{"start":{"line":26,"column":22},"end":{"line":26,"column":30}},"15":{"start":{"line":27,"column":4},"end":{"line":27,"column":69}},"16":{"start":{"line":27,"column":16},"end":{"line":27,"column":69}},"17":{"start":{"line":29,"column":20},"end":{"line":29,"column":65}},"18":{"start":{"line":30,"column":4},"end":{"line":30,"column":89}},"19":{"start":{"line":30,"column":18},"end":{"line":30,"column":89}},"20":{"start":{"line":32,"column":4},"end":{"line":32,"column":68}},"21":{"start":{"line":34,"column":4},"end":{"line":34,"column":16}},"22":{"start":{"line":38,"column":0},"end":{"line":38,"column":44}}},"fnMap":{"0":{"name":"(anonymous_0)","decl":{"start":{"line":4,"column":18},"end":{"line":4,"column":19}},"loc":{"start":{"line":4,"column":44},"end":{"line":22,"column":1}},"line":4},"1":{"name":"(anonymous_1)","decl":{"start":{"line":24,"column":20},"end":{"line":24,"column":21}},"loc":{"start":{"line":24,"column":46},"end":{"line":36,"column":1}},"line":24}},"branchMap":{"0":{"loc":{"start":{"line":8,"column":4},"end":{"line":10,"column":5}},"type":"if","locations":[{"start":{"line":8,"column":4},"end":{"line":10,"column":5}},{"start":{},"end":{}}],"line":8},"1":{"loc":{"start":{"line":8,"column":8},"end":{"line":8,"column":59}},"type":"binary-expr","locations":[{"start":{"line":8,"column":8},"end":{"line":8,"column":14}},{"start":{"line":8,"column":18},"end":{"line":8,"column":59}}],"line":8},"2":{"loc":{"start":{"line":12,"column":63},"end":{"line":12,"column":77}},"type":"binary-expr","locations":[{"start":{"line":12,"column":63},"end":{"line":12,"column":69}},{"start":{"line":12,"column":73},"end":{"line":12,"column":77}}],"line":12},"3":{"loc":{"start":{"line":14,"column":4},"end":{"line":16,"column":5}},"type":"if","locations":[{"start":{"line":14,"column":4},"end":{"line":16,"column":5}},{"start":{},"end":{}}],"line":14},"4":{"loc":{"start":{"line":27,"column":4},"end":{"line":27,"column":69}},"type":"if","locations":[{"start":{"line":27,"column":4},"end":{"line":27,"column":69}},{"start":{},"end":{}}],"line":27},"5":{"loc":{"start":{"line":30,"column":4},"end":{"line":30,"column":89}},"type":"if","locations":[{"start":{"line":30,"column":4},"end":{"line":30,"column":89}},{"start":{},"end":{}}],"line":30}},"s":{"0":9,"1":9,"2":9,"3":4,"4":4,"5":4,"6":2,"7":2,"8":2,"9":1,"10":1,"11":0,"12":9,"13":2,"14":2,"15":2,"16":0,"17":2,"18":2,"19":1,"20":1,"21":0,"22":9},"f":{"0":4,"1":2},"b":{"0":[2,2],"1":[4,3],"2":[2,0],"3":[1,1],"4":[0,2],"5":[1,1]},"_coverageSchema":"1a1c01bbd47fc00a2c39e90264f33305004495a9","hash":"5ca5224b26baa3141496f446d70fd898f363784e"}
,"/Users/kevinkhek/Desktop/SupacoDigital/broderie/backend/controllers/order.controller.js": {"path":"/Users/kevinkhek/Desktop/SupacoDigital/broderie/backend/controllers/order.controller.js","statementMap":{"0":{"start":{"line":1,"column":21},"end":{"line":1,"column":57}},"1":{"start":{"line":3,"column":20},"end":{"line":14,"column":1}},"2":{"start":{"line":4,"column":2},"end":{"line":13,"column":3}},"3":{"start":{"line":5,"column":26},"end":{"line":5,"column":37}},"4":{"start":{"line":6,"column":26},"end":{"line":6,"column":58}},"5":{"start":{"line":7,"column":26},"end":{"line":7,"column":61}},"6":{"start":{"line":8,"column":26},"end":{"line":8,"column":63}},"7":{"start":{"line":9,"column":18},"end":{"line":9,"column":98}},"8":{"start":{"line":10,"column":4},"end":{"line":10,"column":57}},"9":{"start":{"line":12,"column":4},"end":{"line":12,"column":16}},"10":{"start":{"line":16,"column":18},"end":{"line":23,"column":1}},"11":{"start":{"line":17,"column":2},"end":{"line":22,"column":3}},"12":{"start":{"line":18,"column":19},"end":{"line":18,"column":71}},"13":{"start":{"line":19,"column":4},"end":{"line":19,"column":43}},"14":{"start":{"line":21,"column":4},"end":{"line":21,"column":16}},"15":{"start":{"line":25,"column":21},"end":{"line":34,"column":1}},"16":{"start":{"line":26,"column":2},"end":{"line":33,"column":3}},"17":{"start":{"line":27,"column":20},"end":{"line":27,"column":43}},"18":{"start":{"line":28,"column":19},"end":{"line":28,"column":30}},"19":{"start":{"line":29,"column":18},"end":{"line":29,"column":66}},"20":{"start":{"line":30,"column":4},"end":{"line":30,"column":45}},"21":{"start":{"line":32,"column":4},"end":{"line":32,"column":16}},"22":{"start":{"line":36,"column":0},"end":{"line":36,"column":58}}},"fnMap":{"0":{"name":"(anonymous_0)","decl":{"start":{"line":3,"column":20},"end":{"line":3,"column":21}},"loc":{"start":{"line":3,"column":46},"end":{"line":14,"column":1}},"line":3},"1":{"name":"(anonymous_1)","decl":{"start":{"line":16,"column":18},"end":{"line":16,"column":19}},"loc":{"start":{"line":16,"column":44},"end":{"line":23,"column":1}},"line":16},"2":{"name":"(anonymous_2)","decl":{"start":{"line":25,"column":21},"end":{"line":25,"column":22}},"loc":{"start":{"line":25,"column":47},"end":{"line":34,"column":1}},"line":25}},"branchMap":{"0":{"loc":{"start":{"line":6,"column":26},"end":{"line":6,"column":58}},"type":"binary-expr","locations":[{"start":{"line":6,"column":26},"end":{"line":6,"column":50}},{"start":{"line":6,"column":54},"end":{"line":6,"column":58}}],"line":6},"1":{"loc":{"start":{"line":7,"column":26},"end":{"line":7,"column":61}},"type":"binary-expr","locations":[{"start":{"line":7,"column":26},"end":{"line":7,"column":50}},{"start":{"line":7,"column":54},"end":{"line":7,"column":61}}],"line":7},"2":{"loc":{"start":{"line":8,"column":26},"end":{"line":8,"column":63}},"type":"binary-expr","locations":[{"start":{"line":8,"column":26},"end":{"line":8,"column":55}},{"start":{"line":8,"column":59},"end":{"line":8,"column":63}}],"line":8}},"s":{"0":9,"1":9,"2":6,"3":6,"4":6,"5":6,"6":6,"7":6,"8":3,"9":3,"10":9,"11":1,"12":1,"13":1,"14":0,"15":9,"16":2,"17":2,"18":2,"19":2,"20":1,"21":1,"22":9},"f":{"0":6,"1":1,"2":2},"b":{"0":[6,6],"1":[6,3],"2":[6,6]},"_coverageSchema":"1a1c01bbd47fc00a2c39e90264f33305004495a9","hash":"ec3522f04debf88c4525eba5bdee7cc0e486fbf7"}
,"/Users/kevinkhek/Desktop/SupacoDigital/broderie/backend/controllers/payment.controller.js": {"path":"/Users/kevinkhek/Desktop/SupacoDigital/broderie/backend/controllers/payment.controller.js","statementMap":{"0":{"start":{"line":1,"column":23},"end":{"line":1,"column":61}},"1":{"start":{"line":2,"column":23},"end":{"line":2,"column":61}},"2":{"start":{"line":5,"column":25},"end":{"line":15,"column":1}},"3":{"start":{"line":6,"column":2},"end":{"line":14,"column":3}},"4":{"start":{"line":7,"column":20},"end":{"line":7,"column":48}},"5":{"start":{"line":8,"column":4},"end":{"line":8,"column":70}},"6":{"start":{"line":8,"column":18},"end":{"line":8,"column":70}},"7":{"start":{"line":10,"column":19},"end":{"line":10,"column":65}},"8":{"start":{"line":11,"column":4},"end":{"line":11,"column":46}},"9":{"start":{"line":13,"column":4},"end":{"line":13,"column":16}},"10":{"start":{"line":18,"column":26},"end":{"line":28,"column":1}},"11":{"start":{"line":19,"column":2},"end":{"line":27,"column":3}},"12":{"start":{"line":20,"column":20},"end":{"line":20,"column":48}},"13":{"start":{"line":21,"column":4},"end":{"line":21,"column":70}},"14":{"start":{"line":21,"column":18},"end":{"line":21,"column":70}},"15":{"start":{"line":23,"column":19},"end":{"line":23,"column":66}},"16":{"start":{"line":24,"column":4},"end":{"line":24,"column":46}},"17":{"start":{"line":26,"column":4},"end":{"line":26,"column":16}},"18":{"start":{"line":31,"column":27},"end":{"line":41,"column":1}},"19":{"start":{"line":32,"column":2},"end":{"line":40,"column":3}},"20":{"start":{"line":33,"column":20},"end":{"line":33,"column":48}},"21":{"start":{"line":34,"column":4},"end":{"line":34,"column":70}},"22":{"start":{"line":34,"column":18},"end":{"line":34,"column":70}},"23":{"start":{"line":36,"column":19},"end":{"line":36,"column":80}},"24":{"start":{"line":37,"column":4},"end":{"line":37,"column":85}},"25":{"start":{"line":39,"column":4},"end":{"line":39,"column":16}},"26":{"start":{"line":44,"column":22},"end":{"line":58,"column":1}},"27":{"start":{"line":45,"column":2},"end":{"line":57,"column":3}},"28":{"start":{"line":46,"column":22},"end":{"line":46,"column":53}},"29":{"start":{"line":47,"column":4},"end":{"line":47,"column":101}},"30":{"start":{"line":47,"column":20},"end":{"line":47,"column":101}},"31":{"start":{"line":49,"column":4},"end":{"line":49,"column":60}},"32":{"start":{"line":50,"column":4},"end":{"line":50,"column":33}},"33":{"start":{"line":53,"column":4},"end":{"line":55,"column":5}},"34":{"start":{"line":54,"column":6},"end":{"line":54,"column":78}},"35":{"start":{"line":56,"column":4},"end":{"line":56,"column":16}},"36":{"start":{"line":60,"column":0},"end":{"line":60,"column":92}}},"fnMap":{"0":{"name":"(anonymous_0)","decl":{"start":{"line":5,"column":25},"end":{"line":5,"column":26}},"loc":{"start":{"line":5,"column":51},"end":{"line":15,"column":1}},"line":5},"1":{"name":"(anonymous_1)","decl":{"start":{"line":18,"column":26},"end":{"line":18,"column":27}},"loc":{"start":{"line":18,"column":52},"end":{"line":28,"column":1}},"line":18},"2":{"name":"(anonymous_2)","decl":{"start":{"line":31,"column":27},"end":{"line":31,"column":28}},"loc":{"start":{"line":31,"column":53},"end":{"line":41,"column":1}},"line":31},"3":{"name":"(anonymous_3)","decl":{"start":{"line":44,"column":22},"end":{"line":44,"column":23}},"loc":{"start":{"line":44,"column":48},"end":{"line":58,"column":1}},"line":44}},"branchMap":{"0":{"loc":{"start":{"line":8,"column":4},"end":{"line":8,"column":70}},"type":"if","locations":[{"start":{"line":8,"column":4},"end":{"line":8,"column":70}},{"start":{},"end":{}}],"line":8},"1":{"loc":{"start":{"line":21,"column":4},"end":{"line":21,"column":70}},"type":"if","locations":[{"start":{"line":21,"column":4},"end":{"line":21,"column":70}},{"start":{},"end":{}}],"line":21},"2":{"loc":{"start":{"line":34,"column":4},"end":{"line":34,"column":70}},"type":"if","locations":[{"start":{"line":34,"column":4},"end":{"line":34,"column":70}},{"start":{},"end":{}}],"line":34},"3":{"loc":{"start":{"line":47,"column":4},"end":{"line":47,"column":101}},"type":"if","locations":[{"start":{"line":47,"column":4},"end":{"line":47,"column":101}},{"start":{},"end":{}}],"line":47},"4":{"loc":{"start":{"line":53,"column":4},"end":{"line":55,"column":5}},"type":"if","locations":[{"start":{"line":53,"column":4},"end":{"line":55,"column":5}},{"start":{},"end":{}}],"line":53}},"s":{"0":9,"1":9,"2":9,"3":1,"4":1,"5":1,"6":0,"7":1,"8":0,"9":1,"10":9,"11":1,"12":1,"13":1,"14":0,"15":1,"16":1,"17":0,"18":9,"19":0,"20":0,"21":0,"22":0,"23":0,"24":0,"25":0,"26":9,"27":1,"28":1,"29":1,"30":1,"31":0,"32":0,"33":0,"34":0,"35":0,"36":9},"f":{"0":1,"1":1,"2":0,"3":1},"b":{"0":[0,1],"1":[0,1],"2":[0,0],"3":[1,0],"4":[0,0]},"_coverageSchema":"1a1c01bbd47fc00a2c39e90264f33305004495a9","hash":"ebf5c199e81ba85fa4c756c6e67ea7664fc346ab"}
,"/Users/kevinkhek/Desktop/SupacoDigital/broderie/backend/controllers/product.controller.js": {"path":"/Users/kevinkhek/Desktop/SupacoDigital/broderie/backend/controllers/product.controller.js","statementMap":{"0":{"start":{"line":1,"column":23},"end":{"line":1,"column":61}},"1":{"start":{"line":2,"column":28},"end":{"line":2,"column":60}},"2":{"start":{"line":4,"column":15},"end":{"line":11,"column":1}},"3":{"start":{"line":5,"column":2},"end":{"line":10,"column":3}},"4":{"start":{"line":6,"column":19},"end":{"line":6,"column":57}},"5":{"start":{"line":7,"column":4},"end":{"line":7,"column":43}},"6":{"start":{"line":9,"column":4},"end":{"line":9,"column":16}},"7":{"start":{"line":13,"column":16},"end":{"line":22,"column":1}},"8":{"start":{"line":14,"column":2},"end":{"line":21,"column":3}},"9":{"start":{"line":15,"column":15},"end":{"line":15,"column":38}},"10":{"start":{"line":16,"column":19},"end":{"line":16,"column":52}},"11":{"start":{"line":17,"column":20},"end":{"line":17,"column":60}},"12":{"start":{"line":18,"column":4},"end":{"line":18,"column":47}},"13":{"start":{"line":20,"column":4},"end":{"line":20,"column":16}},"14":{"start":{"line":24,"column":18},"end":{"line":32,"column":1}},"15":{"start":{"line":25,"column":2},"end":{"line":31,"column":3}},"16":{"start":{"line":26,"column":19},"end":{"line":26,"column":52}},"17":{"start":{"line":27,"column":20},"end":{"line":27,"column":75}},"18":{"start":{"line":28,"column":4},"end":{"line":28,"column":47}},"19":{"start":{"line":30,"column":4},"end":{"line":30,"column":16}},"20":{"start":{"line":34,"column":15},"end":{"line":41,"column":1}},"21":{"start":{"line":35,"column":2},"end":{"line":40,"column":3}},"22":{"start":{"line":36,"column":19},"end":{"line":36,"column":57}},"23":{"start":{"line":37,"column":4},"end":{"line":37,"column":43}},"24":{"start":{"line":39,"column":4},"end":{"line":39,"column":16}},"25":{"start":{"line":43,"column":0},"end":{"line":43,"column":56}}},"fnMap":{"0":{"name":"(anonymous_0)","decl":{"start":{"line":4,"column":15},"end":{"line":4,"column":16}},"loc":{"start":{"line":4,"column":41},"end":{"line":11,"column":1}},"line":4},"1":{"name":"(anonymous_1)","decl":{"start":{"line":13,"column":16},"end":{"line":13,"column":17}},"loc":{"start":{"line":13,"column":42},"end":{"line":22,"column":1}},"line":13},"2":{"name":"(anonymous_2)","decl":{"start":{"line":24,"column":18},"end":{"line":24,"column":19}},"loc":{"start":{"line":24,"column":44},"end":{"line":32,"column":1}},"line":24},"3":{"name":"(anonymous_3)","decl":{"start":{"line":34,"column":15},"end":{"line":34,"column":16}},"loc":{"start":{"line":34,"column":41},"end":{"line":41,"column":1}},"line":34}},"branchMap":{},"s":{"0":9,"1":9,"2":9,"3":16,"4":16,"5":16,"6":0,"7":9,"8":3,"9":3,"10":3,"11":3,"12":1,"13":2,"14":9,"15":0,"16":0,"17":0,"18":0,"19":0,"20":9,"21":1,"22":1,"23":1,"24":0,"25":9},"f":{"0":16,"1":3,"2":0,"3":1},"b":{},"_coverageSchema":"1a1c01bbd47fc00a2c39e90264f33305004495a9","hash":"80801c51f17681b07461e3d2dea034aeae173459"}
,"/Users/kevinkhek/Desktop/SupacoDigital/broderie/backend/controllers/review.controller.js": {"path":"/Users/kevinkhek/Desktop/SupacoDigital/broderie/backend/controllers/review.controller.js","statementMap":{"0":{"start":{"line":1,"column":25},"end":{"line":1,"column":69}},"1":{"start":{"line":2,"column":21},"end":{"line":2,"column":59}},"2":{"start":{"line":5,"column":21},"end":{"line":19,"column":1}},"3":{"start":{"line":6,"column":2},"end":{"line":18,"column":3}},"4":{"start":{"line":7,"column":22},"end":{"line":7,"column":45}},"5":{"start":{"line":8,"column":17},"end":{"line":8,"column":59}},"6":{"start":{"line":9,"column":18},"end":{"line":9,"column":63}},"7":{"start":{"line":10,"column":28},"end":{"line":10,"column":100}},"8":{"start":{"line":11,"column":4},"end":{"line":15,"column":7}},"9":{"start":{"line":17,"column":4},"end":{"line":17,"column":16}},"10":{"start":{"line":22,"column":15},"end":{"line":36,"column":1}},"11":{"start":{"line":23,"column":2},"end":{"line":35,"column":3}},"12":{"start":{"line":24,"column":22},"end":{"line":24,"column":45}},"13":{"start":{"line":25,"column":36},"end":{"line":25,"column":44}},"14":{"start":{"line":27,"column":4},"end":{"line":29,"column":5}},"15":{"start":{"line":28,"column":6},"end":{"line":28,"column":81}},"16":{"start":{"line":31,"column":4},"end":{"line":31,"column":91}},"17":{"start":{"line":32,"column":4},"end":{"line":32,"column":102}},"18":{"start":{"line":34,"column":4},"end":{"line":34,"column":16}},"19":{"start":{"line":39,"column":20},"end":{"line":48,"column":1}},"20":{"start":{"line":40,"column":2},"end":{"line":47,"column":3}},"21":{"start":{"line":41,"column":19},"end":{"line":41,"column":63}},"22":{"start":{"line":42,"column":19},"end":{"line":42,"column":71}},"23":{"start":{"line":43,"column":19},"end":{"line":43,"column":73}},"24":{"start":{"line":44,"column":4},"end":{"line":44,"column":44}},"25":{"start":{"line":46,"column":4},"end":{"line":46,"column":16}},"26":{"start":{"line":50,"column":0},"end":{"line":50,"column":55}}},"fnMap":{"0":{"name":"(anonymous_0)","decl":{"start":{"line":5,"column":21},"end":{"line":5,"column":22}},"loc":{"start":{"line":5,"column":47},"end":{"line":19,"column":1}},"line":5},"1":{"name":"(anonymous_1)","decl":{"start":{"line":22,"column":15},"end":{"line":22,"column":16}},"loc":{"start":{"line":22,"column":41},"end":{"line":36,"column":1}},"line":22},"2":{"name":"(anonymous_2)","decl":{"start":{"line":39,"column":20},"end":{"line":39,"column":21}},"loc":{"start":{"line":39,"column":46},"end":{"line":48,"column":1}},"line":39}},"branchMap":{"0":{"loc":{"start":{"line":8,"column":29},"end":{"line":8,"column":58}},"type":"binary-expr","locations":[{"start":{"line":8,"column":29},"end":{"line":8,"column":53}},{"start":{"line":8,"column":57},"end":{"line":8,"column":58}}],"line":8},"1":{"loc":{"start":{"line":9,"column":31},"end":{"line":9,"column":62}},"type":"binary-expr","locations":[{"start":{"line":9,"column":31},"end":{"line":9,"column":56}},{"start":{"line":9,"column":60},"end":{"line":9,"column":62}}],"line":9},"2":{"loc":{"start":{"line":27,"column":4},"end":{"line":29,"column":5}},"type":"if","locations":[{"start":{"line":27,"column":4},"end":{"line":29,"column":5}},{"start":{},"end":{}}],"line":27},"3":{"loc":{"start":{"line":27,"column":8},"end":{"line":27,"column":43}},"type":"binary-expr","locations":[{"start":{"line":27,"column":8},"end":{"line":27,"column":15}},{"start":{"line":27,"column":19},"end":{"line":27,"column":29}},{"start":{"line":27,"column":33},"end":{"line":27,"column":43}}],"line":27},"4":{"loc":{"start":{"line":41,"column":32},"end":{"line":41,"column":62}},"type":"binary-expr","locations":[{"start":{"line":41,"column":32},"end":{"line":41,"column":57}},{"start":{"line":41,"column":61},"end":{"line":41,"column":62}}],"line":41},"5":{"loc":{"start":{"line":42,"column":19},"end":{"line":42,"column":71}},"type":"cond-expr","locations":[{"start":{"line":42,"column":38},"end":{"line":42,"column":64}},{"start":{"line":42,"column":67},"end":{"line":42,"column":71}}],"line":42}},"s":{"0":9,"1":9,"2":9,"3":0,"4":0,"5":0,"6":0,"7":0,"8":0,"9":0,"10":9,"11":0,"12":0,"13":0,"14":0,"15":0,"16":0,"17":0,"18":0,"19":9,"20":0,"21":0,"22":0,"23":0,"24":0,"25":0,"26":9},"f":{"0":0,"1":0,"2":0},"b":{"0":[0,0],"1":[0,0],"2":[0,0],"3":[0,0,0],"4":[0,0],"5":[0,0]},"_coverageSchema":"1a1c01bbd47fc00a2c39e90264f33305004495a9","hash":"39b6f2422cbb0db5f795ed1beb1bad5b6b92b959"}
,"/Users/kevinkhek/Desktop/SupacoDigital/broderie/backend/controllers/user.controller.js": {"path":"/Users/kevinkhek/Desktop/SupacoDigital/broderie/backend/controllers/user.controller.js","statementMap":{"0":{"start":{"line":1,"column":15},"end":{"line":1,"column":32}},"1":{"start":{"line":2,"column":23},"end":{"line":2,"column":65}},"2":{"start":{"line":3,"column":21},"end":{"line":3,"column":59}},"3":{"start":{"line":5,"column":14},"end":{"line":13,"column":1}},"4":{"start":{"line":6,"column":2},"end":{"line":12,"column":3}},"5":{"start":{"line":7,"column":17},"end":{"line":7,"column":59}},"6":{"start":{"line":8,"column":4},"end":{"line":8,"column":74}},"7":{"start":{"line":8,"column":15},"end":{"line":8,"column":74}},"8":{"start":{"line":9,"column":4},"end":{"line":9,"column":44}},"9":{"start":{"line":11,"column":4},"end":{"line":11,"column":16}},"10":{"start":{"line":15,"column":17},"end":{"line":26,"column":1}},"11":{"start":{"line":16,"column":2},"end":{"line":25,"column":3}},"12":{"start":{"line":18,"column":22},"end":{"line":18,"column":63}},"13":{"start":{"line":19,"column":22},"end":{"line":19,"column":62}},"14":{"start":{"line":20,"column":23},"end":{"line":20,"column":31}},"15":{"start":{"line":21,"column":17},"end":{"line":21,"column":90}},"16":{"start":{"line":22,"column":4},"end":{"line":22,"column":44}},"17":{"start":{"line":24,"column":4},"end":{"line":24,"column":16}},"18":{"start":{"line":28,"column":21},"end":{"line":35,"column":1}},"19":{"start":{"line":29,"column":2},"end":{"line":34,"column":3}},"20":{"start":{"line":30,"column":22},"end":{"line":30,"column":69}},"21":{"start":{"line":31,"column":4},"end":{"line":31,"column":49}},"22":{"start":{"line":33,"column":4},"end":{"line":33,"column":16}},"23":{"start":{"line":37,"column":22},"end":{"line":50,"column":1}},"24":{"start":{"line":38,"column":2},"end":{"line":49,"column":3}},"25":{"start":{"line":39,"column":22},"end":{"line":39,"column":72}},"26":{"start":{"line":40,"column":58},"end":{"line":40,"column":66}},"27":{"start":{"line":41,"column":22},"end":{"line":43,"column":6}},"28":{"start":{"line":44,"column":22},"end":{"line":44,"column":69}},"29":{"start":{"line":45,"column":20},"end":{"line":45,"column":61}},"30":{"start":{"line":45,"column":42},"end":{"line":45,"column":60}},"31":{"start":{"line":46,"column":4},"end":{"line":46,"column":59}},"32":{"start":{"line":48,"column":4},"end":{"line":48,"column":16}},"33":{"start":{"line":52,"column":22},"end":{"line":67,"column":1}},"34":{"start":{"line":53,"column":2},"end":{"line":66,"column":3}},"35":{"start":{"line":54,"column":22},"end":{"line":54,"column":45}},"36":{"start":{"line":55,"column":22},"end":{"line":55,"column":72}},"37":{"start":{"line":56,"column":58},"end":{"line":56,"column":66}},"38":{"start":{"line":57,"column":4},"end":{"line":59,"column":7}},"39":{"start":{"line":60,"column":22},"end":{"line":60,"column":69}},"40":{"start":{"line":61,"column":20},"end":{"line":61,"column":61}},"41":{"start":{"line":61,"column":42},"end":{"line":61,"column":60}},"42":{"start":{"line":62,"column":4},"end":{"line":62,"column":73}},"43":{"start":{"line":62,"column":18},"end":{"line":62,"column":73}},"44":{"start":{"line":63,"column":4},"end":{"line":63,"column":47}},"45":{"start":{"line":65,"column":4},"end":{"line":65,"column":16}},"46":{"start":{"line":69,"column":22},"end":{"line":78,"column":1}},"47":{"start":{"line":70,"column":2},"end":{"line":77,"column":3}},"48":{"start":{"line":71,"column":22},"end":{"line":71,"column":45}},"49":{"start":{"line":72,"column":20},"end":{"line":72,"column":78}},"50":{"start":{"line":73,"column":4},"end":{"line":73,"column":73}},"51":{"start":{"line":73,"column":18},"end":{"line":73,"column":73}},"52":{"start":{"line":74,"column":4},"end":{"line":74,"column":63}},"53":{"start":{"line":76,"column":4},"end":{"line":76,"column":16}},"54":{"start":{"line":80,"column":23},"end":{"line":106,"column":1}},"55":{"start":{"line":81,"column":2},"end":{"line":105,"column":3}},"56":{"start":{"line":82,"column":47},"end":{"line":82,"column":55}},"57":{"start":{"line":83,"column":4},"end":{"line":85,"column":5}},"58":{"start":{"line":84,"column":6},"end":{"line":84,"column":92}},"59":{"start":{"line":86,"column":4},"end":{"line":88,"column":5}},"60":{"start":{"line":87,"column":6},"end":{"line":87,"column":101}},"61":{"start":{"line":90,"column":19},"end":{"line":93,"column":5}},"62":{"start":{"line":94,"column":4},"end":{"line":94,"column":77}},"63":{"start":{"line":94,"column":18},"end":{"line":94,"column":77}},"64":{"start":{"line":96,"column":18},"end":{"line":96,"column":79}},"65":{"start":{"line":97,"column":4},"end":{"line":97,"column":81}},"66":{"start":{"line":97,"column":16},"end":{"line":97,"column":81}},"67":{"start":{"line":99,"column":17},"end":{"line":99,"column":52}},"68":{"start":{"line":100,"column":4},"end":{"line":100,"column":59}},"69":{"start":{"line":102,"column":4},"end":{"line":102,"column":78}},"70":{"start":{"line":104,"column":4},"end":{"line":104,"column":16}},"71":{"start":{"line":108,"column":0},"end":{"line":108,"column":112}}},"fnMap":{"0":{"name":"(anonymous_0)","decl":{"start":{"line":5,"column":14},"end":{"line":5,"column":15}},"loc":{"start":{"line":5,"column":40},"end":{"line":13,"column":1}},"line":5},"1":{"name":"(anonymous_1)","decl":{"start":{"line":15,"column":17},"end":{"line":15,"column":18}},"loc":{"start":{"line":15,"column":43},"end":{"line":26,"column":1}},"line":15},"2":{"name":"(anonymous_2)","decl":{"start":{"line":28,"column":21},"end":{"line":28,"column":22}},"loc":{"start":{"line":28,"column":47},"end":{"line":35,"column":1}},"line":28},"3":{"name":"(anonymous_3)","decl":{"start":{"line":37,"column":22},"end":{"line":37,"column":23}},"loc":{"start":{"line":37,"column":48},"end":{"line":50,"column":1}},"line":37},"4":{"name":"(anonymous_4)","decl":{"start":{"line":45,"column":35},"end":{"line":45,"column":36}},"loc":{"start":{"line":45,"column":42},"end":{"line":45,"column":60}},"line":45},"5":{"name":"(anonymous_5)","decl":{"start":{"line":52,"column":22},"end":{"line":52,"column":23}},"loc":{"start":{"line":52,"column":48},"end":{"line":67,"column":1}},"line":52},"6":{"name":"(anonymous_6)","decl":{"start":{"line":61,"column":35},"end":{"line":61,"column":36}},"loc":{"start":{"line":61,"column":42},"end":{"line":61,"column":60}},"line":61},"7":{"name":"(anonymous_7)","decl":{"start":{"line":69,"column":22},"end":{"line":69,"column":23}},"loc":{"start":{"line":69,"column":48},"end":{"line":78,"column":1}},"line":69},"8":{"name":"(anonymous_8)","decl":{"start":{"line":80,"column":23},"end":{"line":80,"column":24}},"loc":{"start":{"line":80,"column":49},"end":{"line":106,"column":1}},"line":80}},"branchMap":{"0":{"loc":{"start":{"line":8,"column":4},"end":{"line":8,"column":74}},"type":"if","locations":[{"start":{"line":8,"column":4},"end":{"line":8,"column":74}},{"start":{},"end":{}}],"line":8},"1":{"loc":{"start":{"line":18,"column":22},"end":{"line":18,"column":63}},"type":"binary-expr","locations":[{"start":{"line":18,"column":22},"end":{"line":18,"column":40}},{"start":{"line":18,"column":44},"end":{"line":18,"column":63}}],"line":18},"2":{"loc":{"start":{"line":19,"column":22},"end":{"line":19,"column":62}},"type":"binary-expr","locations":[{"start":{"line":19,"column":22},"end":{"line":19,"column":39}},{"start":{"line":19,"column":44},"end":{"line":19,"column":62}}],"line":19},"3":{"loc":{"start":{"line":39,"column":22},"end":{"line":39,"column":72}},"type":"binary-expr","locations":[{"start":{"line":39,"column":22},"end":{"line":39,"column":40}},{"start":{"line":39,"column":44},"end":{"line":39,"column":63}},{"start":{"line":39,"column":67},"end":{"line":39,"column":72}}],"line":39},"4":{"loc":{"start":{"line":55,"column":22},"end":{"line":55,"column":72}},"type":"binary-expr","locations":[{"start":{"line":55,"column":22},"end":{"line":55,"column":40}},{"start":{"line":55,"column":44},"end":{"line":55,"column":63}},{"start":{"line":55,"column":67},"end":{"line":55,"column":72}}],"line":55},"5":{"loc":{"start":{"line":62,"column":4},"end":{"line":62,"column":73}},"type":"if","locations":[{"start":{"line":62,"column":4},"end":{"line":62,"column":73}},{"start":{},"end":{}}],"line":62},"6":{"loc":{"start":{"line":73,"column":4},"end":{"line":73,"column":73}},"type":"if","locations":[{"start":{"line":73,"column":4},"end":{"line":73,"column":73}},{"start":{},"end":{}}],"line":73},"7":{"loc":{"start":{"line":83,"column":4},"end":{"line":85,"column":5}},"type":"if","locations":[{"start":{"line":83,"column":4},"end":{"line":85,"column":5}},{"start":{},"end":{}}],"line":83},"8":{"loc":{"start":{"line":83,"column":8},"end":{"line":83,"column":42}},"type":"binary-expr","locations":[{"start":{"line":83,"column":8},"end":{"line":83,"column":25}},{"start":{"line":83,"column":29},"end":{"line":83,"column":42}}],"line":83},"9":{"loc":{"start":{"line":86,"column":4},"end":{"line":88,"column":5}},"type":"if","locations":[{"start":{"line":86,"column":4},"end":{"line":88,"column":5}},{"start":{},"end":{}}],"line":86},"10":{"loc":{"start":{"line":94,"column":4},"end":{"line":94,"column":77}},"type":"if","locations":[{"start":{"line":94,"column":4},"end":{"line":94,"column":77}},{"start":{},"end":{}}],"line":94},"11":{"loc":{"start":{"line":97,"column":4},"end":{"line":97,"column":81}},"type":"if","locations":[{"start":{"line":97,"column":4},"end":{"line":97,"column":81}},{"start":{},"end":{}}],"line":97}},"s":{"0":9,"1":9,"2":9,"3":9,"4":0,"5":0,"6":0,"7":0,"8":0,"9":0,"10":9,"11":0,"12":0,"13":0,"14":0,"15":0,"16":0,"17":0,"18":9,"19":0,"20":0,"21":0,"22":0,"23":9,"24":0,"25":0,"26":0,"27":0,"28":0,"29":0,"30":0,"31":0,"32":0,"33":9,"34":0,"35":0,"36":0,"37":0,"38":0,"39":0,"40":0,"41":0,"42":0,"43":0,"44":0,"45":0,"46":9,"47":0,"48":0,"49":0,"50":0,"51":0,"52":0,"53":0,"54":9,"55":0,"56":0,"57":0,"58":0,"59":0,"60":0,"61":0,"62":0,"63":0,"64":0,"65":0,"66":0,"67":0,"68":0,"69":0,"70":0,"71":9},"f":{"0":0,"1":0,"2":0,"3":0,"4":0,"5":0,"6":0,"7":0,"8":0},"b":{"0":[0,0],"1":[0,0],"2":[0,0],"3":[0,0,0],"4":[0,0,0],"5":[0,0],"6":[0,0],"7":[0,0],"8":[0,0],"9":[0,0],"10":[0,0],"11":[0,0]},"_coverageSchema":"1a1c01bbd47fc00a2c39e90264f33305004495a9","hash":"958188944be1d74277bc60c343a0ea8221f01085"}
,"/Users/kevinkhek/Desktop/SupacoDigital/broderie/backend/controllers/wishlist.controller.js": {"path":"/Users/kevinkhek/Desktop/SupacoDigital/broderie/backend/controllers/wishlist.controller.js","statementMap":{"0":{"start":{"line":1,"column":27},"end":{"line":1,"column":73}},"1":{"start":{"line":2,"column":26},"end":{"line":2,"column":71}},"2":{"start":{"line":3,"column":21},"end":{"line":3,"column":59}},"3":{"start":{"line":4,"column":28},"end":{"line":4,"column":60}},"4":{"start":{"line":6,"column":20},"end":{"line":14,"column":1}},"5":{"start":{"line":7,"column":2},"end":{"line":13,"column":3}},"6":{"start":{"line":8,"column":19},"end":{"line":8,"column":72}},"7":{"start":{"line":9,"column":18},"end":{"line":9,"column":74}},"8":{"start":{"line":10,"column":4},"end":{"line":10,"column":45}},"9":{"start":{"line":12,"column":4},"end":{"line":12,"column":16}},"10":{"start":{"line":16,"column":22},"end":{"line":28,"column":1}},"11":{"start":{"line":17,"column":2},"end":{"line":27,"column":3}},"12":{"start":{"line":18,"column":22},"end":{"line":18,"column":52}},"13":{"start":{"line":20,"column":20},"end":{"line":20,"column":118}},"14":{"start":{"line":21,"column":4},"end":{"line":21,"column":73}},"15":{"start":{"line":21,"column":18},"end":{"line":21,"column":73}},"16":{"start":{"line":23,"column":4},"end":{"line":23,"column":57}},"17":{"start":{"line":24,"column":4},"end":{"line":24,"column":95}},"18":{"start":{"line":26,"column":4},"end":{"line":26,"column":16}},"19":{"start":{"line":30,"column":27},"end":{"line":39,"column":1}},"20":{"start":{"line":31,"column":2},"end":{"line":38,"column":3}},"21":{"start":{"line":32,"column":22},"end":{"line":32,"column":52}},"22":{"start":{"line":33,"column":20},"end":{"line":33,"column":75}},"23":{"start":{"line":34,"column":4},"end":{"line":34,"column":99}},"24":{"start":{"line":34,"column":18},"end":{"line":34,"column":99}},"25":{"start":{"line":35,"column":4},"end":{"line":35,"column":84}},"26":{"start":{"line":37,"column":4},"end":{"line":37,"column":16}},"27":{"start":{"line":41,"column":0},"end":{"line":41,"column":68}}},"fnMap":{"0":{"name":"(anonymous_0)","decl":{"start":{"line":6,"column":20},"end":{"line":6,"column":21}},"loc":{"start":{"line":6,"column":46},"end":{"line":14,"column":1}},"line":6},"1":{"name":"(anonymous_1)","decl":{"start":{"line":16,"column":22},"end":{"line":16,"column":23}},"loc":{"start":{"line":16,"column":48},"end":{"line":28,"column":1}},"line":16},"2":{"name":"(anonymous_2)","decl":{"start":{"line":30,"column":27},"end":{"line":30,"column":28}},"loc":{"start":{"line":30,"column":53},"end":{"line":39,"column":1}},"line":30}},"branchMap":{"0":{"loc":{"start":{"line":8,"column":35},"end":{"line":8,"column":71}},"type":"binary-expr","locations":[{"start":{"line":8,"column":35},"end":{"line":8,"column":51}},{"start":{"line":8,"column":55},"end":{"line":8,"column":71}}],"line":8},"1":{"loc":{"start":{"line":20,"column":80},"end":{"line":20,"column":116}},"type":"binary-expr","locations":[{"start":{"line":20,"column":80},"end":{"line":20,"column":96}},{"start":{"line":20,"column":100},"end":{"line":20,"column":116}}],"line":20},"2":{"loc":{"start":{"line":21,"column":4},"end":{"line":21,"column":73}},"type":"if","locations":[{"start":{"line":21,"column":4},"end":{"line":21,"column":73}},{"start":{},"end":{}}],"line":21},"3":{"loc":{"start":{"line":34,"column":4},"end":{"line":34,"column":99}},"type":"if","locations":[{"start":{"line":34,"column":4},"end":{"line":34,"column":99}},{"start":{},"end":{}}],"line":34}},"s":{"0":9,"1":9,"2":9,"3":9,"4":9,"5":0,"6":0,"7":0,"8":0,"9":0,"10":9,"11":0,"12":0,"13":0,"14":0,"15":0,"16":0,"17":0,"18":0,"19":9,"20":0,"21":0,"22":0,"23":0,"24":0,"25":0,"26":0,"27":9},"f":{"0":0,"1":0,"2":0},"b":{"0":[0,0],"1":[0,0],"2":[0,0],"3":[0,0]},"_coverageSchema":"1a1c01bbd47fc00a2c39e90264f33305004495a9","hash":"e74b0fcc9459e789972591d4752444964f3c3bd0"}
,"/Users/kevinkhek/Desktop/SupacoDigital/broderie/backend/controllers/admin/category.controller.js": {"path":"/Users/kevinkhek/Desktop/SupacoDigital/broderie/backend/controllers/admin/category.controller.js","statementMap":{"0":{"start":{"line":1,"column":32},"end":{"line":1,"column":87}},"1":{"start":{"line":2,"column":21},"end":{"line":2,"column":62}},"2":{"start":{"line":3,"column":29},"end":{"line":3,"column":58}},"3":{"start":{"line":6,"column":29},"end":{"line":9,"column":1}},"4":{"start":{"line":7,"column":18},"end":{"line":7,"column":72}},"5":{"start":{"line":7,"column":45},"end":{"line":7,"column":71}},"6":{"start":{"line":8,"column":2},"end":{"line":8,"column":21}},"7":{"start":{"line":11,"column":15},"end":{"line":18,"column":1}},"8":{"start":{"line":12,"column":2},"end":{"line":17,"column":3}},"9":{"start":{"line":13,"column":23},"end":{"line":13,"column":62}},"10":{"start":{"line":14,"column":4},"end":{"line":14,"column":50}},"11":{"start":{"line":16,"column":4},"end":{"line":16,"column":16}},"12":{"start":{"line":20,"column":16},"end":{"line":28,"column":1}},"13":{"start":{"line":21,"column":2},"end":{"line":27,"column":3}},"14":{"start":{"line":22,"column":21},"end":{"line":22,"column":84}},"15":{"start":{"line":23,"column":4},"end":{"line":23,"column":76}},"16":{"start":{"line":23,"column":19},"end":{"line":23,"column":76}},"17":{"start":{"line":24,"column":4},"end":{"line":24,"column":48}},"18":{"start":{"line":26,"column":4},"end":{"line":26,"column":16}},"19":{"start":{"line":30,"column":15},"end":{"line":50,"column":1}},"20":{"start":{"line":31,"column":2},"end":{"line":49,"column":3}},"21":{"start":{"line":32,"column":66},"end":{"line":32,"column":74}},"22":{"start":{"line":34,"column":4},"end":{"line":34,"column":74}},"23":{"start":{"line":34,"column":15},"end":{"line":34,"column":74}},"24":{"start":{"line":35,"column":4},"end":{"line":37,"column":5}},"25":{"start":{"line":36,"column":6},"end":{"line":36,"column":104}},"26":{"start":{"line":39,"column":19},"end":{"line":39,"column":65}},"27":{"start":{"line":40,"column":4},"end":{"line":40,"column":76}},"28":{"start":{"line":40,"column":16},"end":{"line":40,"column":76}},"29":{"start":{"line":42,"column":23},"end":{"line":42,"column":114}},"30":{"start":{"line":43,"column":4},"end":{"line":43,"column":27}},"31":{"start":{"line":45,"column":21},"end":{"line":45,"column":71}},"32":{"start":{"line":46,"column":4},"end":{"line":46,"column":60}},"33":{"start":{"line":48,"column":4},"end":{"line":48,"column":16}},"34":{"start":{"line":52,"column":15},"end":{"line":73,"column":1}},"35":{"start":{"line":53,"column":2},"end":{"line":72,"column":3}},"36":{"start":{"line":54,"column":15},"end":{"line":54,"column":38}},"37":{"start":{"line":55,"column":66},"end":{"line":55,"column":74}},"38":{"start":{"line":57,"column":4},"end":{"line":57,"column":74}},"39":{"start":{"line":57,"column":15},"end":{"line":57,"column":74}},"40":{"start":{"line":59,"column":21},"end":{"line":59,"column":63}},"41":{"start":{"line":60,"column":4},"end":{"line":60,"column":76}},"42":{"start":{"line":60,"column":19},"end":{"line":60,"column":76}},"43":{"start":{"line":62,"column":22},"end":{"line":62,"column":72}},"44":{"start":{"line":63,"column":4},"end":{"line":63,"column":79}},"45":{"start":{"line":63,"column":19},"end":{"line":63,"column":79}},"46":{"start":{"line":65,"column":4},"end":{"line":65,"column":100}},"47":{"start":{"line":66,"column":4},"end":{"line":66,"column":27}},"48":{"start":{"line":68,"column":21},"end":{"line":68,"column":63}},"49":{"start":{"line":69,"column":4},"end":{"line":69,"column":48}},"50":{"start":{"line":71,"column":4},"end":{"line":71,"column":16}},"51":{"start":{"line":75,"column":15},"end":{"line":87,"column":1}},"52":{"start":{"line":76,"column":2},"end":{"line":86,"column":3}},"53":{"start":{"line":77,"column":4},"end":{"line":77,"column":66}},"54":{"start":{"line":78,"column":4},"end":{"line":78,"column":27}},"55":{"start":{"line":79,"column":4},"end":{"line":79,"column":65}},"56":{"start":{"line":82,"column":4},"end":{"line":84,"column":5}},"57":{"start":{"line":83,"column":6},"end":{"line":83,"column":52}},"58":{"start":{"line":85,"column":4},"end":{"line":85,"column":16}},"59":{"start":{"line":89,"column":0},"end":{"line":89,"column":61}}},"fnMap":{"0":{"name":"(anonymous_0)","decl":{"start":{"line":6,"column":29},"end":{"line":6,"column":30}},"loc":{"start":{"line":6,"column":35},"end":{"line":9,"column":1}},"line":6},"1":{"name":"(anonymous_1)","decl":{"start":{"line":7,"column":38},"end":{"line":7,"column":39}},"loc":{"start":{"line":7,"column":45},"end":{"line":7,"column":71}},"line":7},"2":{"name":"(anonymous_2)","decl":{"start":{"line":11,"column":15},"end":{"line":11,"column":16}},"loc":{"start":{"line":11,"column":41},"end":{"line":18,"column":1}},"line":11},"3":{"name":"(anonymous_3)","decl":{"start":{"line":20,"column":16},"end":{"line":20,"column":17}},"loc":{"start":{"line":20,"column":42},"end":{"line":28,"column":1}},"line":20},"4":{"name":"(anonymous_4)","decl":{"start":{"line":30,"column":15},"end":{"line":30,"column":16}},"loc":{"start":{"line":30,"column":41},"end":{"line":50,"column":1}},"line":30},"5":{"name":"(anonymous_5)","decl":{"start":{"line":52,"column":15},"end":{"line":52,"column":16}},"loc":{"start":{"line":52,"column":41},"end":{"line":73,"column":1}},"line":52},"6":{"name":"(anonymous_6)","decl":{"start":{"line":75,"column":15},"end":{"line":75,"column":16}},"loc":{"start":{"line":75,"column":41},"end":{"line":87,"column":1}},"line":75}},"branchMap":{"0":{"loc":{"start":{"line":23,"column":4},"end":{"line":23,"column":76}},"type":"if","locations":[{"start":{"line":23,"column":4},"end":{"line":23,"column":76}},{"start":{},"end":{}}],"line":23},"1":{"loc":{"start":{"line":34,"column":4},"end":{"line":34,"column":74}},"type":"if","locations":[{"start":{"line":34,"column":4},"end":{"line":34,"column":74}},{"start":{},"end":{}}],"line":34},"2":{"loc":{"start":{"line":35,"column":4},"end":{"line":37,"column":5}},"type":"if","locations":[{"start":{"line":35,"column":4},"end":{"line":37,"column":5}},{"start":{},"end":{}}],"line":35},"3":{"loc":{"start":{"line":40,"column":4},"end":{"line":40,"column":76}},"type":"if","locations":[{"start":{"line":40,"column":4},"end":{"line":40,"column":76}},{"start":{},"end":{}}],"line":40},"4":{"loc":{"start":{"line":57,"column":4},"end":{"line":57,"column":74}},"type":"if","locations":[{"start":{"line":57,"column":4},"end":{"line":57,"column":74}},{"start":{},"end":{}}],"line":57},"5":{"loc":{"start":{"line":60,"column":4},"end":{"line":60,"column":76}},"type":"if","locations":[{"start":{"line":60,"column":4},"end":{"line":60,"column":76}},{"start":{},"end":{}}],"line":60},"6":{"loc":{"start":{"line":63,"column":4},"end":{"line":63,"column":79}},"type":"if","locations":[{"start":{"line":63,"column":4},"end":{"line":63,"column":79}},{"start":{},"end":{}}],"line":63},"7":{"loc":{"start":{"line":82,"column":4},"end":{"line":84,"column":5}},"type":"if","locations":[{"start":{"line":82,"column":4},"end":{"line":84,"column":5}},{"start":{},"end":{}}],"line":82}},"s":{"0":9,"1":9,"2":9,"3":9,"4":0,"5":0,"6":0,"7":9,"8":0,"9":0,"10":0,"11":0,"12":9,"13":0,"14":0,"15":0,"16":0,"17":0,"18":0,"19":9,"20":0,"21":0,"22":0,"23":0,"24":0,"25":0,"26":0,"27":0,"28":0,"29":0,"30":0,"31":0,"32":0,"33":0,"34":9,"35":0,"36":0,"37":0,"38":0,"39":0,"40":0,"41":0,"42":0,"43":0,"44":0,"45":0,"46":0,"47":0,"48":0,"49":0,"50":0,"51":9,"52":0,"53":0,"54":0,"55":0,"56":0,"57":0,"58":0,"59":9},"f":{"0":0,"1":0,"2":0,"3":0,"4":0,"5":0,"6":0},"b":{"0":[0,0],"1":[0,0],"2":[0,0],"3":[0,0],"4":[0,0],"5":[0,0],"6":[0,0],"7":[0,0]},"_coverageSchema":"1a1c01bbd47fc00a2c39e90264f33305004495a9","hash":"aac9bade8acfa9b4dda148aabeccb3582ed14168"}
[...]
column":83}},"line":32},"3":{"name":"(anonymous_3)","decl":{"start":{"line":58,"column":16},"end":{"line":58,"column":17}},"loc":{"start":{"line":58,"column":45},"end":{"line":68,"column":1}},"line":58},"4":{"name":"(anonymous_4)","decl":{"start":{"line":70,"column":18},"end":{"line":70,"column":19}},"loc":{"start":{"line":70,"column":49},"end":{"line":80,"column":1}},"line":70},"5":{"name":"(anonymous_5)","decl":{"start":{"line":82,"column":15},"end":{"line":82,"column":16}},"loc":{"start":{"line":82,"column":32},"end":{"line":101,"column":1}},"line":82},"6":{"name":"(anonymous_6)","decl":{"start":{"line":103,"column":26},"end":{"line":103,"column":27}},"loc":{"start":{"line":103,"column":49},"end":{"line":128,"column":1}},"line":103}},"branchMap":{"0":{"loc":{"start":{"line":12,"column":27},"end":{"line":12,"column":52}},"type":"binary-expr","locations":[{"start":{"line":12,"column":27},"end":{"line":12,"column":47}},{"start":{"line":12,"column":51},"end":{"line":12,"column":52}}],"line":12},"1":{"loc":{"start":{"line":13,"column":36},"end":{"line":13,"column":63}},"type":"binary-expr","locations":[{"start":{"line":13,"column":36},"end":{"line":13,"column":57}},{"start":{"line":13,"column":61},"end":{"line":13,"column":63}}],"line":13},"2":{"loc":{"start":{"line":14,"column":15},"end":{"line":14,"column":41}},"type":"binary-expr","locations":[{"start":{"line":14,"column":15},"end":{"line":14,"column":25}},{"start":{"line":14,"column":29},"end":{"line":14,"column":41}}],"line":14},"3":{"loc":{"start":{"line":15,"column":16},"end":{"line":15,"column":37}},"type":"binary-expr","locations":[{"start":{"line":15,"column":16},"end":{"line":15,"column":27}},{"start":{"line":15,"column":31},"end":{"line":15,"column":37}}],"line":15},"4":{"loc":{"start":{"line":18,"column":8},"end":{"line":18,"column":60}},"type":"binary-expr","locations":[{"start":{"line":18,"column":8},"end":{"line":18,"column":35}},{"start":{"line":18,"column":39},"end":{"line":18,"column":60}}],"line":18},"5":{"loc":{"start":{"line":19,"column":8},"end":{"line":19,"column":58}},"type":"binary-expr","locations":[{"start":{"line":19,"column":8},"end":{"line":19,"column":22}},{"start":{"line":19,"column":26},"end":{"line":19,"column":58}}],"line":19},"6":{"loc":{"start":{"line":20,"column":8},"end":{"line":20,"column":82}},"type":"binary-expr","locations":[{"start":{"line":20,"column":8},"end":{"line":20,"column":37}},{"start":{"line":20,"column":41},"end":{"line":20,"column":82}}],"line":20},"7":{"loc":{"start":{"line":21,"column":8},"end":{"line":21,"column":82}},"type":"binary-expr","locations":[{"start":{"line":21,"column":8},"end":{"line":21,"column":37}},{"start":{"line":21,"column":41},"end":{"line":21,"column":82}}],"line":21},"8":{"loc":{"start":{"line":22,"column":8},"end":{"line":22,"column":54}},"type":"binary-expr","locations":[{"start":{"line":22,"column":8},"end":{"line":22,"column":33}},{"start":{"line":22,"column":37},"end":{"line":22,"column":54}}],"line":22},"9":{"loc":{"start":{"line":23,"column":8},"end":{"line":23,"column":55}},"type":"binary-expr","locations":[{"start":{"line":23,"column":8},"end":{"line":23,"column":33}},{"start":{"line":23,"column":37},"end":{"line":23,"column":55}}],"line":23},"10":{"loc":{"start":{"line":28,"column":2},"end":{"line":35,"column":3}},"type":"if","locations":[{"start":{"line":28,"column":2},"end":{"line":35,"column":3}},{"start":{},"end":{}}],"line":28},"11":{"loc":{"start":{"line":30,"column":4},"end":{"line":30,"column":69}},"type":"if","locations":[{"start":{"line":30,"column":4},"end":{"line":30,"column":69}},{"start":{},"end":{}}],"line":30},"12":{"loc":{"start":{"line":33,"column":26},"end":{"line":33,"column":90}},"type":"cond-expr","locations":[{"start":{"line":33,"column":48},"end":{"line":33,"column":74}},{"start":{"line":33,"column":77},"end":{"line":33,"column":90}}],"line":33},"13":{"loc":{"start":{"line":40,"column":2},"end":{"line":40,"column":28}},"type":"if","locations":[{"start":{"line":40,"column":2},"end":{"line":40,"column":28}},{"start":{},"end":{}}],"line":40},"14":{"loc":{"start":{"line":58,"column":27},"end":{"line":58,"column":40}},"type":"default-arg","locations":[{"start":{"line":58,"column":36},"end":{"line":58,"column":40}}],"line":58},"15":{"loc":{"start":{"line":61,"column":2},"end":{"line":61,"column":28}},"type":"if","locations":[{"start":{"line":61,"column":2},"end":{"line":61,"column":28}},{"start":{},"end":{}}],"line":61},"16":{"loc":{"start":{"line":64,"column":2},"end":{"line":64,"column":64}},"type":"if","locations":[{"start":{"line":64,"column":2},"end":{"line":64,"column":64}},{"start":{},"end":{}}],"line":64},"17":{"loc":{"start":{"line":70,"column":31},"end":{"line":70,"column":44}},"type":"default-arg","locations":[{"start":{"line":70,"column":40},"end":{"line":70,"column":44}}],"line":70},"18":{"loc":{"start":{"line":73,"column":2},"end":{"line":73,"column":28}},"type":"if","locations":[{"start":{"line":73,"column":2},"end":{"line":73,"column":28}},{"start":{},"end":{}}],"line":73},"19":{"loc":{"start":{"line":76,"column":2},"end":{"line":76,"column":64}},"type":"if","locations":[{"start":{"line":76,"column":2},"end":{"line":76,"column":64}},{"start":{},"end":{}}],"line":76},"20":{"loc":{"start":{"line":83,"column":13},"end":{"line":83,"column":26}},"type":"binary-expr","locations":[{"start":{"line":83,"column":13},"end":{"line":83,"column":20}},{"start":{"line":83,"column":24},"end":{"line":83,"column":26}}],"line":83},"21":{"loc":{"start":{"line":84,"column":2},"end":{"line":84,"column":112}},"type":"if","locations":[{"start":{"line":84,"column":2},"end":{"line":84,"column":112}},{"start":{},"end":{}}],"line":84},"22":{"loc":{"start":{"line":84,"column":6},"end":{"line":84,"column":24}},"type":"binary-expr","locations":[{"start":{"line":84,"column":6},"end":{"line":84,"column":8}},{"start":{"line":84,"column":12},"end":{"line":84,"column":24}}],"line":84},"23":{"loc":{"start":{"line":87,"column":27},"end":{"line":87,"column":52}},"type":"binary-expr","locations":[{"start":{"line":87,"column":27},"end":{"line":87,"column":47}},{"start":{"line":87,"column":51},"end":{"line":87,"column":52}}],"line":87},"24":{"loc":{"start":{"line":88,"column":36},"end":{"line":88,"column":63}},"type":"binary-expr","locations":[{"start":{"line":88,"column":36},"end":{"line":88,"column":57}},{"start":{"line":88,"column":61},"end":{"line":88,"column":63}}],"line":88},"25":{"loc":{"start":{"line":105,"column":27},"end":{"line":105,"column":52}},"type":"binary-expr","locations":[{"start":{"line":105,"column":27},"end":{"line":105,"column":47}},{"start":{"line":105,"column":51},"end":{"line":105,"column":52}}],"line":105},"26":{"loc":{"start":{"line":106,"column":36},"end":{"line":106,"column":63}},"type":"binary-expr","locations":[{"start":{"line":106,"column":36},"end":{"line":106,"column":57}},{"start":{"line":106,"column":61},"end":{"line":106,"column":63}}],"line":106},"27":{"loc":{"start":{"line":107,"column":15},"end":{"line":107,"column":41}},"type":"binary-expr","locations":[{"start":{"line":107,"column":15},"end":{"line":107,"column":25}},{"start":{"line":107,"column":29},"end":{"line":107,"column":41}}],"line":107},"28":{"loc":{"start":{"line":108,"column":16},"end":{"line":108,"column":37}},"type":"binary-expr","locations":[{"start":{"line":108,"column":16},"end":{"line":108,"column":27}},{"start":{"line":108,"column":31},"end":{"line":108,"column":37}}],"line":108},"29":{"loc":{"start":{"line":111,"column":2},"end":{"line":111,"column":67}},"type":"if","locations":[{"start":{"line":111,"column":2},"end":{"line":111,"column":67}},{"start":{},"end":{}}],"line":111}},"s":{"0":9,"1":9,"2":9,"3":9,"4":9,"5":9,"6":9,"7":16,"8":16,"9":16,"10":16,"11":16,"12":16,"13":16,"14":0,"15":0,"16":0,"17":0,"18":0,"19":0,"20":0,"21":0,"22":0,"23":16,"24":16,"25":16,"26":16,"27":6,"28":10,"29":10,"30":10,"31":10,"32":9,"33":3,"34":3,"35":3,"36":0,"37":3,"38":3,"39":2,"40":1,"41":1,"42":9,"43":0,"44":0,"45":0,"46":0,"47":0,"48":0,"49":0,"50":0,"51":0,"52":9,"53":1,"54":1,"55":0,"56":1,"57":1,"58":1,"59":1,"60":1,"61":9,"62":0,"63":0,"64":0,"65":0,"66":0,"67":0,"68":0,"69":0,"70":0,"71":0,"72":9},"f":{"0":16,"1":0,"2":0,"3":3,"4":0,"5":1,"6":0},"b":{"0":[16,15],"1":[16,2],"2":[16,15],"3":[16,15],"4":[16,0],"5":[16,0],"6":[16,0],"7":[16,0],"8":[16,10],"9":[16,1],"10":[0,16],"11":[0,0],"12":[0,0],"13":[6,10],"14":[0],"15":[0,3],"16":[2,1],"17":[0],"18":[0,0],"19":[0,0],"20":[1,0],"21":[0,1],"22":[1,1],"23":[1,1],"24":[1,1],"25":[0,0],"26":[0,0],"27":[0,0],"28":[0,0],"29":[0,0]},"_coverageSchema":"1a1c01bbd47fc00a2c39e90264f33305004495a9","hash":"2089e687476893ed73b998792054d06600dd132f"}
,"/Users/kevinkhek/Desktop/SupacoDigital/broderie/backend/services/shipping.service.js": {"path":"/Users/kevinkhek/Desktop/SupacoDigital/broderie/backend/services/shipping.service.js","statementMap":{"0":{"start":{"line":1,"column":20},"end":{"line":1,"column":51}},"1":{"start":{"line":2,"column":21},"end":{"line":2,"column":59}},"2":{"start":{"line":5,"column":30},"end":{"line":5,"column":80}},"3":{"start":{"line":8,"column":15},"end":{"line":16,"column":1}},"4":{"start":{"line":22,"column":20},"end":{"line":70,"column":1}},"5":{"start":{"line":23,"column":2},"end":{"line":25,"column":3}},"6":{"start":{"line":24,"column":4},"end":{"line":24,"column":88}},"7":{"start":{"line":26,"column":2},"end":{"line":28,"column":3}},"8":{"start":{"line":27,"column":4},"end":{"line":27,"column":110}},"9":{"start":{"line":30,"column":19},"end":{"line":32,"column":14}},"10":{"start":{"line":31,"column":4},"end":{"line":31,"column":69}},"11":{"start":{"line":34,"column":25},"end":{"line":48,"column":3}},"12":{"start":{"line":50,"column":17},"end":{"line":55,"column":47}},"13":{"start":{"line":55,"column":17},"end":{"line":55,"column":46}},"14":{"start":{"line":57,"column":2},"end":{"line":59,"column":3}},"15":{"start":{"line":58,"column":4},"end":{"line":58,"column":88}},"16":{"start":{"line":61,"column":16},"end":{"line":61,"column":77}},"17":{"start":{"line":63,"column":2},"end":{"line":69,"column":4}},"18":{"start":{"line":75,"column":20},"end":{"line":80,"column":1}},"19":{"start":{"line":76,"column":2},"end":{"line":78,"column":3}},"20":{"start":{"line":77,"column":4},"end":{"line":77,"column":57}},"21":{"start":{"line":79,"column":2},"end":{"line":79,"column":54}},"22":{"start":{"line":82,"column":0},"end":{"line":82,"column":46}}},"fnMap":{"0":{"name":"(anonymous_0)","decl":{"start":{"line":22,"column":20},"end":{"line":22,"column":21}},"loc":{"start":{"line":22,"column":50},"end":{"line":70,"column":1}},"line":22},"1":{"name":"(anonymous_1)","decl":{"start":{"line":30,"column":39},"end":{"line":30,"column":40}},"loc":{"start":{"line":30,"column":54},"end":{"line":32,"column":3}},"line":30},"2":{"name":"(anonymous_2)","decl":{"start":{"line":55,"column":10},"end":{"line":55,"column":11}},"loc":{"start":{"line":55,"column":17},"end":{"line":55,"column":46}},"line":55},"3":{"name":"(anonymous_3)","decl":{"start":{"line":75,"column":20},"end":{"line":75,"column":21}},"loc":{"start":{"line":75,"column":46},"end":{"line":80,"column":1}},"line":75}},"branchMap":{"0":{"loc":{"start":{"line":5,"column":30},"end":{"line":5,"column":80}},"type":"binary-expr","locations":[{"start":{"line":5,"column":30},"end":{"line":5,"column":74}},{"start":{"line":5,"column":78},"end":{"line":5,"column":80}}],"line":5},"1":{"loc":{"start":{"line":9,"column":15},"end":{"line":9,"column":66}},"type":"binary-expr","locations":[{"start":{"line":9,"column":15},"end":{"line":9,"column":36}},{"start":{"line":9,"column":49},"end":{"line":9,"column":66}}],"line":9},"2":{"loc":{"start":{"line":10,"column":15},"end":{"line":10,"column":63}},"type":"binary-expr","locations":[{"start":{"line":10,"column":15},"end":{"line":10,"column":37}},{"start":{"line":10,"column":49},"end":{"line":10,"column":63}}],"line":10},"3":{"loc":{"start":{"line":11,"column":16},"end":{"line":11,"column":71}},"type":"binary-expr","locations":[{"start":{"line":11,"column":16},"end":{"line":11,"column":40}},{"start":{"line":11,"column":49},"end":{"line":11,"column":71}}],"line":11},"4":{"loc":{"start":{"line":12,"column":16},"end":{"line":12,"column":57}},"type":"binary-expr","locations":[{"start":{"line":12,"column":16},"end":{"line":12,"column":37}},{"start":{"line":12,"column":49},"end":{"line":12,"column":57}}],"line":12},"5":{"loc":{"start":{"line":13,"column":17},"end":{"line":13,"column":53}},"type":"binary-expr","locations":[{"start":{"line":13,"column":17},"end":{"line":13,"column":40}},{"start":{"line":13,"column":49},"end":{"line":13,"column":53}}],"line":13},"6":{"loc":{"start":{"line":14,"column":16},"end":{"line":14,"column":55}},"type":"binary-expr","locations":[{"start":{"line":14,"column":16},"end":{"line":14,"column":36}},{"start":{"line":14,"column":49},"end":{"line":14,"column":55}}],"line":14},"7":{"loc":{"start":{"line":23,"column":2},"end":{"line":25,"column":3}},"type":"if","locations":[{"start":{"line":23,"column":2},"end":{"line":25,"column":3}},{"start":{},"end":{}}],"line":23},"8":{"loc":{"start":{"line":26,"column":2},"end":{"line":28,"column":3}},"type":"if","locations":[{"start":{"line":26,"column":2},"end":{"line":28,"column":3}},{"start":{},"end":{}}],"line":26},"9":{"loc":{"start":{"line":30,"column":19},"end":{"line":32,"column":14}},"type":"binary-expr","locations":[{"start":{"line":30,"column":19},"end":{"line":32,"column":7}},{"start":{"line":32,"column":11},"end":{"line":32,"column":14}}],"line":30},"10":{"loc":{"start":{"line":31,"column":29},"end":{"line":31,"column":50}},"type":"binary-expr","locations":[{"start":{"line":31,"column":29},"end":{"line":31,"column":43}},{"start":{"line":31,"column":47},"end":{"line":31,"column":50}}],"line":31},"11":{"loc":{"start":{"line":38,"column":21},"end":{"line":38,"column":40}},"type":"binary-expr","locations":[{"start":{"line":38,"column":21},"end":{"line":38,"column":34}},{"start":{"line":38,"column":38},"end":{"line":38,"column":40}}],"line":38},"12":{"loc":{"start":{"line":41,"column":21},"end":{"line":41,"column":41}},"type":"binary-expr","locations":[{"start":{"line":41,"column":21},"end":{"line":41,"column":35}},{"start":{"line":41,"column":39},"end":{"line":41,"column":41}}],"line":41},"13":{"loc":{"start":{"line":55,"column":17},"end":{"line":55,"column":46}},"type":"binary-expr","locations":[{"start":{"line":55,"column":17},"end":{"line":55,"column":40}},{"start":{"line":55,"column":44},"end":{"line":55,"column":46}}],"line":55},"14":{"loc":{"start":{"line":57,"column":2},"end":{"line":59,"column":3}},"type":"if","locations":[{"start":{"line":57,"column":2},"end":{"line":59,"column":3}},{"start":{},"end":{}}],"line":57},"15":{"loc":{"start":{"line":65,"column":20},"end":{"line":65,"column":53}},"type":"binary-expr","locations":[{"start":{"line":65,"column":20},"end":{"line":65,"column":45}},{"start":{"line":65,"column":49},"end":{"line":65,"column":53}}],"line":65},"16":{"loc":{"start":{"line":66,"column":20},"end":{"line":66,"column":53}},"type":"binary-expr","locations":[{"start":{"line":66,"column":20},"end":{"line":66,"column":44}},{"start":{"line":66,"column":49},"end":{"line":66,"column":53}}],"line":66},"17":{"loc":{"start":{"line":76,"column":2},"end":{"line":78,"column":3}},"type":"if","locations":[{"start":{"line":76,"column":2},"end":{"line":78,"column":3}},{"start":{},"end":{}}],"line":76}},"s":{"0":9,"1":9,"2":9,"3":9,"4":9,"5":0,"6":0,"7":0,"8":0,"9":0,"10":0,"11":0,"12":0,"13":0,"14":0,"15":0,"16":0,"17":0,"18":9,"19":0,"20":0,"21":0,"22":9},"f":{"0":0,"1":0,"2":0,"3":0},"b":{"0":[9,9],"1":[9,9],"2":[9,9],"3":[9,9],"4":[9,9],"5":[9,9],"6":[9,9],"7":[0,0],"8":[0,0],"9":[0,0],"10":[0,0],"11":[0,0],"12":[0,0],"13":[0,0],"14":[0,0],"15":[0,0],"16":[0,0],"17":[0,0]},"_coverageSchema":"1a1c01bbd47fc00a2c39e90264f33305004495a9","hash":"1003537645cefad0576f071ad72fcea8732bfd7e"}
,"/Users/kevinkhek/Desktop/SupacoDigital/broderie/backend/utils/chf.utils.js": {"path":"/Users/kevinkhek/Desktop/SupacoDigital/broderie/backend/utils/chf.utils.js","statementMap":{"0":{"start":{"line":2,"column":17},"end":{"line":2,"column":57}},"1":{"start":{"line":2,"column":29},"end":{"line":2,"column":57}},"2":{"start":{"line":5,"column":18},"end":{"line":5,"column":57}},"3":{"start":{"line":5,"column":30},"end":{"line":5,"column":57}},"4":{"start":{"line":7,"column":0},"end":{"line":7,"column":41}}},"fnMap":{"0":{"name":"(anonymous_0)","decl":{"start":{"line":2,"column":17},"end":{"line":2,"column":18}},"loc":{"start":{"line":2,"column":29},"end":{"line":2,"column":57}},"line":2},"1":{"name":"(anonymous_1)","decl":{"start":{"line":5,"column":18},"end":{"line":5,"column":19}},"loc":{"start":{"line":5,"column":30},"end":{"line":5,"column":57}},"line":5}},"branchMap":{},"s":{"0":15,"1":126,"2":15,"3":3,"4":15},"f":{"0":126,"1":3},"b":{},"_coverageSchema":"1a1c01bbd47fc00a2c39e90264f33305004495a9","hash":"de71febab31f3f793c56900283ab43a3e87013fe"}
,"/Users/kevinkhek/Desktop/SupacoDigital/broderie/backend/utils/locale.utils.js": {"path":"/Users/kevinkhek/Desktop/SupacoDigital/broderie/backend/utils/locale.utils.js","statementMap":{"0":{"start":{"line":1,"column":18},"end":{"line":1,"column":36}},"1":{"start":{"line":4,"column":24},"end":{"line":7,"column":1}},"2":{"start":{"line":5,"column":15},"end":{"line":5,"column":59}},"3":{"start":{"line":6,"column":2},"end":{"line":6,"column":48}},"4":{"start":{"line":9,"column":0},"end":{"line":9,"column":37}}},"fnMap":{"0":{"name":"(anonymous_0)","decl":{"start":{"line":4,"column":24},"end":{"line":4,"column":25}},"loc":{"start":{"line":4,"column":36},"end":{"line":7,"column":1}},"line":4}},"branchMap":{"0":{"loc":{"start":{"line":5,"column":16},"end":{"line":5,"column":30}},"type":"binary-expr","locations":[{"start":{"line":5,"column":16},"end":{"line":5,"column":22}},{"start":{"line":5,"column":26},"end":{"line":5,"column":30}}],"line":5},"1":{"loc":{"start":{"line":6,"column":9},"end":{"line":6,"column":47}},"type":"cond-expr","locations":[{"start":{"line":6,"column":36},"end":{"line":6,"column":40}},{"start":{"line":6,"column":43},"end":{"line":6,"column":47}}],"line":6}},"s":{"0":9,"1":9,"2":25,"3":25,"4":9},"f":{"0":25},"b":{"0":[25,2],"1":[25,0]},"_coverageSchema":"1a1c01bbd47fc00a2c39e90264f33305004495a9","hash":"28b82e5dab3a7e92df6182d230d5844854edfcdb"}
,"/Users/kevinkhek/Desktop/SupacoDigital/broderie/backend/utils/tva.utils.js": {"path":"/Users/kevinkhek/Desktop/SupacoDigital/broderie/backend/utils/tva.utils.js","statementMap":{"0":{"start":{"line":1,"column":21},"end":{"line":1,"column":43}},"1":{"start":{"line":4,"column":18},"end":{"line":8,"column":1}},"2":{"start":{"line":12,"column":19},"end":{"line":15,"column":1}},"3":{"start":{"line":13,"column":20},"end":{"line":13,"column":49}},"4":{"start":{"line":14,"column":2},"end":{"line":14,"column":29}},"5":{"start":{"line":18,"column":13},"end":{"line":18,"column":83}},"6":{"start":{"line":18,"column":34},"end":{"line":18,"column":83}},"7":{"start":{"line":21,"column":14},"end":{"line":21,"column":65}},"8":{"start":{"line":21,"column":34},"end":{"line":21,"column":65}},"9":{"start":{"line":23,"column":0},"end":{"line":23,"column":56}}},"fnMap":{"0":{"name":"(anonymous_0)","decl":{"start":{"line":12,"column":19},"end":{"line":12,"column":20}},"loc":{"start":{"line":12,"column":40},"end":{"line":15,"column":1}},"line":12},"1":{"name":"(anonymous_1)","decl":{"start":{"line":18,"column":13},"end":{"line":18,"column":14}},"loc":{"start":{"line":18,"column":34},"end":{"line":18,"column":83}},"line":18},"2":{"name":"(anonymous_2)","decl":{"start":{"line":21,"column":14},"end":{"line":21,"column":15}},"loc":{"start":{"line":21,"column":34},"end":{"line":21,"column":65}},"line":21}},"branchMap":{},"s":{"0":1,"1":1,"2":1,"3":5,"4":5,"5":1,"6":1,"7":1,"8":2,"9":1},"f":{"0":5,"1":1,"2":2},"b":{},"_coverageSchema":"1a1c01bbd47fc00a2c39e90264f33305004495a9","hash":"278488276837c255dab049db8b51246267ce9228"}
}
