TN:
SF:app.js
FN:44,(anonymous_0)
FN:68,(anonymous_1)
FN:85,(anonymous_2)
FN:108,(anonymous_3)
FN:113,(anonymous_4)
FN:119,(anonymous_5)
FN:129,(anonymous_6)
FN:131,(anonymous_7)
FNF:8
FNH:4
FNDA:118,(anonymous_0)
FNDA:113,(anonymous_1)
FNDA:0,(anonymous_2)
FNDA:0,(anonymous_3)
FNDA:0,(anonymous_4)
FNDA:0,(anonymous_5)
FNDA:9,(anonymous_6)
FNDA:9,(anonymous_7)
DA:1,9
DA:3,9
DA:4,9
DA:5,9
DA:6,9
DA:7,9
DA:8,9
DA:9,9
DA:11,9
DA:12,9
DA:14,9
DA:17,9
DA:33,9
DA:36,9
DA:43,9
DA:45,118
DA:46,118
DA:48,0
DA:55,9
DA:58,9
DA:59,9
DA:60,9
DA:63,9
DA:68,113
DA:71,9
DA:74,9
DA:77,9
DA:78,9
DA:81,9
DA:82,9
DA:85,9
DA:86,0
DA:90,9
DA:91,9
DA:92,9
DA:93,9
DA:94,9
DA:95,9
DA:96,9
DA:97,9
DA:98,9
DA:99,9
DA:100,9
DA:101,9
DA:104,9
DA:105,9
DA:108,9
DA:109,0
DA:113,9
DA:114,0
DA:115,0
DA:119,9
DA:120,0
DA:124,9
DA:127,9
DA:129,9
DA:130,9
DA:131,9
DA:132,9
DA:136,9
DA:138,9
LF:61
LH:55
BRDA:40,0,0,0
BRDA:40,0,1,9
BRDA:40,1,0,0
BRDA:40,1,1,0
BRDA:45,2,0,118
BRDA:45,2,1,0
BRDA:45,3,0,118
BRDA:45,3,1,0
BRDA:65,4,0,0
BRDA:65,4,1,9
BRDA:114,5,0,0
BRDA:114,5,1,0
BRDA:114,6,0,0
BRDA:114,6,1,0
BRDA:127,7,0,9
BRDA:127,7,1,0
BRF:16
BRH:5
end_of_record
TN:
SF:config/cache.js
FN:20,(anonymous_0)
FN:22,(anonymous_1)
FN:23,(anonymous_2)
FN:24,(anonymous_3)
FN:25,(anonymous_4)
FN:29,(anonymous_5)
FN:30,(anonymous_6)
FNF:7
FNH:4
FNDA:16,(anonymous_0)
FNDA:3,(anonymous_1)
FNDA:4,(anonymous_2)
FNDA:0,(anonymous_3)
FNDA:0,(anonymous_4)
FNDA:3,(anonymous_5)
FNDA:0,(anonymous_6)
DA:1,9
DA:4,9
DA:12,9
DA:19,9
DA:21,16
DA:22,3
DA:23,4
DA:24,0
DA:25,0
DA:29,9
DA:30,3
DA:31,3
DA:34,9
LF:13
LH:11
BRDA:20,0,0,0
BRF:1
BRH:0
end_of_record
TN:
SF:config/db.js
FN:20,(anonymous_0)
FNF:1
FNH:1
FNDA:9,(anonymous_0)
DA:1,15
DA:4,15
DA:20,15
DA:21,9
DA:22,9
DA:23,9
DA:24,9
DA:26,0
DA:27,0
DA:31,15
LF:10
LH:8
BRDA:6,0,0,15
BRDA:6,0,1,6
BRF:2
BRH:2
end_of_record
TN:
SF:config/mailer.js
FN:19,(anonymous_0)
FNF:1
FNH:0
FNDA:0,(anonymous_0)
DA:1,10
DA:4,10
DA:18,10
DA:19,0
DA:20,0
DA:24,10
LF:6
LH:4
BRDA:6,0,0,10
BRDA:6,0,1,1
BRDA:18,1,0,0
BRDA:18,1,1,10
BRF:4
BRH:3
end_of_record
TN:
SF:config/sharp.js
FN:14,(anonymous_0)
FNF:1
FNH:0
FNDA:0,(anonymous_0)
DA:1,9
DA:2,9
DA:3,9
DA:6,9
DA:14,9
DA:15,0
DA:16,0
DA:18,0
DA:19,0
DA:21,0
DA:26,0
DA:29,0
DA:32,9
LF:13
LH:6
BRF:0
BRH:0
end_of_record
TN:
SF:config/shipengine.js
FNF:0
FNH:0
DA:1,9
DA:3,9
DA:4,0
DA:7,9
DA:11,9
LF:5
LH:4
BRDA:3,0,0,0
BRDA:3,0,1,9
BRDA:7,1,0,9
BRDA:7,1,1,0
BRF:4
BRH:2
end_of_record
TN:
SF:config/storage.js
FN:24,(anonymous_0)
FN:45,(anonymous_1)
FNF:2
FNH:0
FNDA:0,(anonymous_0)
FNDA:0,(anonymous_1)
DA:1,9
DA:2,9
DA:6,9
DA:8,9
DA:10,9
DA:11,0
DA:12,0
DA:24,9
DA:25,0
DA:26,0
DA:27,0
DA:34,0
DA:38,0
DA:39,0
DA:40,0
DA:41,0
DA:45,9
DA:46,0
DA:47,0
DA:48,0
DA:49,0
DA:52,9
LF:22
LH:8
BRDA:10,0,0,0
BRDA:10,0,1,9
BRDA:25,1,0,0
BRDA:25,1,1,0
BRDA:39,2,0,0
BRDA:39,2,1,0
BRDA:46,3,0,0
BRDA:46,3,1,0
BRDA:49,4,0,0
BRDA:49,4,1,0
BRF:10
BRH:1
end_of_record
TN:
SF:config/stripe.js
FNF:0
FNH:0
DA:1,9
DA:3,9
DA:4,0
DA:7,9
DA:11,9
LF:5
LH:4
BRDA:3,0,0,0
BRDA:3,0,1,9
BRDA:7,1,0,9
BRDA:7,1,1,0
BRF:4
BRH:2
end_of_record
TN:
SF:controllers/auth.controller.js
FN:3,(anonymous_0)
FN:36,(anonymous_1)
FN:62,(anonymous_2)
FN:73,(anonymous_3)
FN:99,(anonymous_4)
FN:112,(anonymous_5)
FNF:6
FNH:4
FNDA:11,(anonymous_0)
FNDA:11,(anonymous_1)
FNDA:1,(anonymous_2)
FNDA:2,(anonymous_3)
FNDA:0,(anonymous_4)
FNDA:0,(anonymous_5)
DA:1,9
DA:3,9
DA:4,11
DA:5,11
DA:7,11
DA:8,1
DA:11,10
DA:15,9
DA:17,9
DA:32,1
DA:36,9
DA:37,11
DA:38,11
DA:39,11
DA:41,9
DA:43,9
DA:58,2
DA:62,9
DA:63,1
DA:70,1
DA:73,9
DA:74,2
DA:75,2
DA:76,2
DA:78,1
DA:80,1
DA:95,1
DA:99,9
DA:100,0
DA:101,0
DA:102,0
DA:105,0
DA:106,0
DA:108,0
DA:112,9
DA:113,0
DA:114,0
DA:115,0
DA:116,0
DA:118,0
DA:119,0
DA:121,0
DA:125,9
LF:43
LH:30
BRDA:7,0,0,1
BRDA:7,0,1,10
BRDA:7,1,0,11
BRDA:7,1,1,11
BRDA:7,1,2,10
BRDA:7,1,3,10
BRDA:102,2,0,0
BRDA:102,2,1,0
BRDA:115,3,0,0
BRDA:115,3,1,0
BRDA:115,4,0,0
BRDA:115,4,1,0
BRF:12
BRH:6
end_of_record
TN:
SF:controllers/cart.controller.js
FN:5,(anonymous_0)
FN:25,(anonymous_1)
FN:35,(anonymous_2)
FN:48,(anonymous_3)
FN:60,(anonymous_4)
FNF:5
FNH:5
FNDA:16,(anonymous_0)
FNDA:4,(anonymous_1)
FNDA:10,(anonymous_2)
FNDA:1,(anonymous_3)
FNDA:1,(anonymous_4)
DA:1,9
DA:2,9
DA:5,9
DA:6,16
DA:7,16
DA:9,16
DA:10,10
DA:11,10
DA:12,6
DA:13,6
DA:22,16
DA:25,9
DA:26,4
DA:27,4
DA:28,4
DA:29,4
DA:31,0
DA:35,9
DA:36,10
DA:37,10
DA:38,10
DA:39,10
DA:40,10
DA:41,10
DA:42,6
DA:44,4
DA:48,9
DA:49,1
DA:50,1
DA:51,1
DA:52,1
DA:53,1
DA:54,1
DA:56,0
DA:60,9
DA:61,1
DA:62,1
DA:63,1
DA:64,1
DA:65,1
DA:67,0
DA:71,9
LF:42
LH:39
BRDA:6,0,0,16
BRDA:6,0,1,10
BRDA:9,1,0,10
BRDA:9,1,1,6
BRDA:11,2,0,6
BRDA:11,2,1,4
BRDA:38,3,0,0
BRDA:39,4,0,10
BRDA:39,4,1,10
BRDA:40,5,0,10
BRDA:40,5,1,10
BRDA:40,5,2,10
BRF:12
BRH:11
end_of_record
TN:
SF:controllers/category.controller.js
FN:4,(anonymous_0)
FN:14,(anonymous_1)
FNF:2
FNH:1
FNDA:4,(anonymous_0)
FNDA:0,(anonymous_1)
DA:1,9
DA:2,9
DA:4,9
DA:5,4
DA:6,4
DA:7,4
DA:8,4
DA:10,0
DA:14,9
DA:15,0
DA:16,0
DA:17,0
DA:18,0
DA:20,0
DA:24,9
LF:15
LH:9
BRF:0
BRH:0
end_of_record
TN:
SF:controllers/loyalty.controller.js
FN:3,(anonymous_0)
FN:12,(anonymous_1)
FNF:2
FNH:0
FNDA:0,(anonymous_0)
FNDA:0,(anonymous_1)
DA:1,9
DA:3,9
DA:4,0
DA:5,0
DA:6,0
DA:8,0
DA:12,9
DA:13,0
DA:14,0
DA:15,0
DA:17,0
DA:21,9
LF:12
LH:4
BRF:0
BRH:0
end_of_record
TN:
SF:controllers/newsletter.controller.js
FN:4,(anonymous_0)
FN:24,(anonymous_1)
FNF:2
FNH:2
FNDA:4,(anonymous_0)
FNDA:2,(anonymous_1)
DA:1,9
DA:2,9
DA:4,9
DA:5,4
DA:6,4
DA:8,4
DA:9,2
DA:12,2
DA:14,2
DA:15,1
DA:18,1
DA:20,0
DA:24,9
DA:25,2
DA:26,2
DA:27,2
DA:29,2
DA:30,2
DA:32,1
DA:34,0
DA:38,9
LF:21
LH:19
BRDA:8,0,0,2
BRDA:8,0,1,2
BRDA:8,1,0,4
BRDA:8,1,1,3
BRDA:12,2,0,2
BRDA:12,2,1,0
BRDA:14,3,0,1
BRDA:14,3,1,1
BRDA:27,4,0,0
BRDA:27,4,1,2
BRDA:30,5,0,1
BRDA:30,5,1,1
BRF:12
BRH:10
end_of_record
TN:
SF:controllers/order.controller.js
FN:3,(anonymous_0)
FN:16,(anonymous_1)
FN:25,(anonymous_2)
FNF:3
FNH:3
FNDA:6,(anonymous_0)
FNDA:1,(anonymous_1)
FNDA:2,(anonymous_2)
DA:1,9
DA:3,9
DA:4,6
DA:5,6
DA:6,6
DA:7,6
DA:8,6
DA:9,6
DA:10,3
DA:12,3
DA:16,9
DA:17,1
DA:18,1
DA:19,1
DA:21,0
DA:25,9
DA:26,2
DA:27,2
DA:28,2
DA:29,2
DA:30,1
DA:32,1
DA:36,9
LF:23
LH:22
BRDA:6,0,0,6
BRDA:6,0,1,6
BRDA:7,1,0,6
BRDA:7,1,1,3
BRDA:8,2,0,6
BRDA:8,2,1,6
BRF:6
BRH:6
end_of_record
TN:
SF:controllers/payment.controller.js
FN:5,(anonymous_0)
FN:18,(anonymous_1)
FN:31,(anonymous_2)
FN:44,(anonymous_3)
FNF:4
FNH:3
FNDA:1,(anonymous_0)
FNDA:1,(anonymous_1)
FNDA:0,(anonymous_2)
FNDA:1,(anonymous_3)
DA:1,9
DA:2,9
DA:5,9
DA:6,1
DA:7,1
DA:8,1
DA:10,1
DA:11,0
DA:13,1
DA:18,9
DA:19,1
DA:20,1
DA:21,1
DA:23,1
DA:24,1
DA:26,0
DA:31,9
DA:32,0
DA:33,0
DA:34,0
DA:36,0
DA:37,0
DA:39,0
DA:44,9
DA:45,1
DA:46,1
DA:47,1
DA:49,0
DA:50,0
DA:53,0
DA:54,0
DA:56,0
DA:60,9
LF:33
LH:20
BRDA:8,0,0,0
BRDA:8,0,1,1
BRDA:21,1,0,0
BRDA:21,1,1,1
BRDA:34,2,0,0
BRDA:34,2,1,0
BRDA:47,3,0,1
BRDA:47,3,1,0
BRDA:53,4,0,0
BRDA:53,4,1,0
BRF:10
BRH:3
end_of_record
TN:
SF:controllers/product.controller.js
FN:4,(anonymous_0)
FN:13,(anonymous_1)
FN:24,(anonymous_2)
FN:34,(anonymous_3)
FNF:4
FNH:3
FNDA:16,(anonymous_0)
FNDA:3,(anonymous_1)
FNDA:0,(anonymous_2)
FNDA:1,(anonymous_3)
DA:1,9
DA:2,9
DA:4,9
DA:5,16
DA:6,16
DA:7,16
DA:9,0
DA:13,9
DA:14,3
DA:15,3
DA:16,3
DA:17,3
DA:18,1
DA:20,2
DA:24,9
DA:25,0
DA:26,0
DA:27,0
DA:28,0
DA:30,0
DA:34,9
DA:35,1
DA:36,1
DA:37,1
DA:39,0
DA:43,9
LF:26
LH:19
BRF:0
BRH:0
end_of_record
TN:
SF:controllers/review.controller.js
FN:5,(anonymous_0)
FN:22,(anonymous_1)
FN:39,(anonymous_2)
FNF:3
FNH:0
FNDA:0,(anonymous_0)
FNDA:0,(anonymous_1)
FNDA:0,(anonymous_2)
DA:1,9
DA:2,9
DA:5,9
DA:6,0
DA:7,0
DA:8,0
DA:9,0
DA:10,0
DA:11,0
DA:17,0
DA:22,9
DA:23,0
DA:24,0
DA:25,0
DA:27,0
DA:28,0
DA:31,0
DA:32,0
DA:34,0
DA:39,9
DA:40,0
DA:41,0
DA:42,0
DA:43,0
DA:44,0
DA:46,0
DA:50,9
LF:27
LH:6
BRDA:8,0,0,0
BRDA:8,0,1,0
BRDA:9,1,0,0
BRDA:9,1,1,0
BRDA:27,2,0,0
BRDA:27,2,1,0
BRDA:27,3,0,0
BRDA:27,3,1,0
BRDA:27,3,2,0
BRDA:41,4,0,0
BRDA:41,4,1,0
BRDA:42,5,0,0
BRDA:42,5,1,0
BRF:13
BRH:0
end_of_record
TN:
SF:controllers/user.controller.js
FN:5,(anonymous_0)
FN:15,(anonymous_1)
FN:28,(anonymous_2)
FN:37,(anonymous_3)
FN:45,(anonymous_4)
FN:52,(anonymous_5)
FN:61,(anonymous_6)
FN:69,(anonymous_7)
FN:80,(anonymous_8)
FNF:9
FNH:0
FNDA:0,(anonymous_0)
FNDA:0,(anonymous_1)
FNDA:0,(anonymous_2)
FNDA:0,(anonymous_3)
FNDA:0,(anonymous_4)
FNDA:0,(anonymous_5)
FNDA:0,(anonymous_6)
FNDA:0,(anonymous_7)
FNDA:0,(anonymous_8)
DA:1,9
DA:2,9
DA:3,9
DA:5,9
DA:6,0
DA:7,0
DA:8,0
DA:9,0
DA:11,0
DA:15,9
DA:16,0
DA:18,0
DA:19,0
DA:20,0
DA:21,0
DA:22,0
DA:24,0
DA:28,9
DA:29,0
DA:30,0
DA:31,0
DA:33,0
DA:37,9
DA:38,0
DA:39,0
DA:40,0
DA:41,0
DA:44,0
DA:45,0
DA:46,0
DA:48,0
DA:52,9
DA:53,0
DA:54,0
DA:55,0
DA:56,0
DA:57,0
DA:60,0
DA:61,0
DA:62,0
DA:63,0
DA:65,0
DA:69,9
DA:70,0
DA:71,0
DA:72,0
DA:73,0
DA:74,0
DA:76,0
DA:80,9
DA:81,0
DA:82,0
DA:83,0
DA:84,0
DA:86,0
DA:87,0
DA:90,0
DA:94,0
DA:96,0
DA:97,0
DA:99,0
DA:100,0
DA:102,0
DA:104,0
DA:108,9
LF:65
LH:11
BRDA:8,0,0,0
BRDA:8,0,1,0
BRDA:18,1,0,0
BRDA:18,1,1,0
BRDA:19,2,0,0
BRDA:19,2,1,0
BRDA:39,3,0,0
BRDA:39,3,1,0
BRDA:39,3,2,0
BRDA:55,4,0,0
BRDA:55,4,1,0
BRDA:55,4,2,0
BRDA:62,5,0,0
BRDA:62,5,1,0
BRDA:73,6,0,0
BRDA:73,6,1,0
BRDA:83,7,0,0
BRDA:83,7,1,0
BRDA:83,8,0,0
BRDA:83,8,1,0
BRDA:86,9,0,0
BRDA:86,9,1,0
BRDA:94,10,0,0
BRDA:94,10,1,0
BRDA:97,11,0,0
BRDA:97,11,1,0
BRF:26
BRH:0
end_of_record
TN:
SF:controllers/wishlist.controller.js
FN:6,(anonymous_0)
FN:16,(anonymous_1)
FN:30,(anonymous_2)
FNF:3
FNH:0
FNDA:0,(anonymous_0)
FNDA:0,(anonymous_1)
FNDA:0,(anonymous_2)
DA:1,9
DA:2,9
DA:3,9
DA:4,9
DA:6,9
DA:7,0
DA:8,0
DA:9,0
DA:10,0
DA:12,0
DA:16,9
DA:17,0
DA:18,0
DA:20,0
DA:21,0
DA:23,0
DA:24,0
DA:26,0
DA:30,9
DA:31,0
DA:32,0
DA:33,0
DA:34,0
DA:35,0
DA:37,0
DA:41,9
LF:26
LH:8
BRDA:8,0,0,0
BRDA:8,0,1,0
BRDA:20,1,0,0
BRDA:20,1,1,0
BRDA:21,2,0,0
BRDA:21,2,1,0
BRDA:34,3,0,0
BRDA:34,3,1,0
BRF:8
BRH:0
end_of_record
TN:
SF:controllers/admin/category.controller.js
FN:6,(anonymous_0)
FN:7,(anonymous_1)
FN:11,(anonymous_2)
FN:20,(anonymous_3)
FN:30,(anonymous_4)
FN:52,(anonymous_5)
FN:75,(anonymous_6)
FNF:7
FNH:0
FNDA:0,(anonymous_0)
FNDA:0,(anonymous_1)
FNDA:0,(anonymous_2)
FNDA:0,(anonymous_3)
FNDA:0,(anonymous_4)
FNDA:0,(anonymous_5)
FNDA:0,(anonymous_6)
DA:1,9
DA:2,9
DA:3,9
DA:6,9
DA:7,0
DA:8,0
DA:11,9
DA:12,0
DA:13,0
DA:14,0
DA:16,0
DA:20,9
DA:21,0
DA:22,0
DA:23,0
DA:24,0
DA:26,0
DA:30,9
DA:31,0
DA:32,0
DA:34,0
DA:35,0
DA:36,0
DA:39,0
DA:40,0
DA:42,0
DA:43,0
DA:45,0
DA:46,0
DA:48,0
DA:52,9
DA:53,0
DA:54,0
DA:55,0
DA:57,0
DA:59,0
DA:60,0
DA:62,0
DA:63,0
DA:65,0
DA:66,0
DA:68,0
DA:69,0
DA:71,0
DA:75,9
DA:76,0
DA:77,0
DA:78,0
DA:79,0
DA:82,0
DA:83,0
DA:85,0
DA:89,9
LF:53
LH:10
BRDA:23,0,0,0
BRDA:23,0,1,0
BRDA:34,1,0,0
BRDA:34,1,1,0
BRDA:35,2,0,0
BRDA:35,2,1,0
BRDA:40,3,0,0
BRDA:40,3,1,0
BRDA:57,4,0,0
BRDA:57,4,1,0
BRDA:60,5,0,0
BRDA:60,5,1,0
BRDA:63,6,0,0
BRDA:63,6,1,0
BRDA:82,7,0,0
BRDA:82,7,1,0
BRF:16
BRH:0
end_of_record
TN:
SF:controllers/admin/coupon.controller.js
FN:4,(anonymous_0)
FN:19,(anonymous_1)
FN:37,(anonymous_2)
FN:59,(anonymous_3)
FNF:4
FNH:0
FNDA:0,(anonymous_0)
FNDA:0,(anonymous_1)
FNDA:0,(anonymous_2)
FNDA:0,(anonymous_3)
DA:1,9
DA:2,9
DA:4,9
DA:5,0
DA:6,0
DA:7,0
DA:8,0
DA:9,0
DA:15,0
DA:19,9
DA:20,0
DA:21,0
DA:22,0
DA:23,0
DA:24,0
DA:26,0
DA:27,0
DA:29,0
DA:30,0
DA:31,0
DA:33,0
DA:37,9
DA:38,0
DA:39,0
DA:40,0
DA:42,0
DA:43,0
DA:45,0
DA:46,0
DA:48,0
DA:49,0
DA:51,0
DA:52,0
DA:53,0
DA:55,0
DA:59,9
DA:60,0
DA:61,0
DA:62,0
DA:63,0
DA:65,0
DA:69,9
LF:42
LH:7
BRDA:6,0,0,0
BRDA:6,0,1,0
BRDA:7,1,0,0
BRDA:7,1,1,0
BRDA:22,2,0,0
BRDA:22,2,1,0
BRDA:23,3,0,0
BRDA:23,3,1,0
BRDA:24,4,0,0
BRDA:24,4,1,0
BRDA:24,5,0,0
BRDA:24,5,1,0
BRDA:27,6,0,0
BRDA:27,6,1,0
BRDA:42,7,0,0
BRDA:42,7,1,0
BRDA:43,8,0,0
BRDA:43,8,1,0
BRDA:46,9,0,0
BRDA:46,9,1,0
BRDA:49,10,0,0
BRDA:49,10,1,0
BRDA:62,11,0,0
BRDA:62,11,1,0
BRF:24
BRH:0
end_of_record
TN:
SF:controllers/admin/customer.controller.js
FN:3,(anonymous_0)
FN:47,(anonymous_1)
FNF:2
FNH:2
FNDA:2,(anonymous_0)
FNDA:1,(anonymous_1)
DA:1,9
DA:3,9
DA:4,2
DA:5,2
DA:6,2
DA:7,2
DA:8,2
DA:10,2
DA:11,2
DA:13,2
DA:14,0
DA:15,0
DA:16,0
DA:19,2
DA:23,2
DA:25,2
DA:37,2
DA:43,0
DA:47,9
DA:48,1
DA:49,1
DA:51,1
DA:56,1
DA:58,1
DA:64,1
DA:70,1
DA:81,1
DA:90,1
DA:94,1
DA:96,0
DA:100,9
LF:31
LH:26
BRDA:5,0,0,2
BRDA:5,0,1,2
BRDA:6,1,0,2
BRDA:6,1,1,0
BRDA:8,2,0,2
BRDA:8,2,1,2
BRDA:13,3,0,0
BRDA:13,3,1,2
BRDA:56,4,0,0
BRDA:56,4,1,1
BRDA:90,5,0,0
BRDA:90,5,1,1
BRDA:91,6,0,0
BRDA:91,6,1,0
BRF:14
BRH:8
end_of_record
TN:
SF:controllers/admin/dashboard.controller.js
FN:3,(anonymous_0)
FN:77,(anonymous_1)
FN:79,(anonymous_2)
FN:108,(anonymous_3)
FN:125,(anonymous_4)
FN:159,(anonymous_5)
FNF:6
FNH:0
FNDA:0,(anonymous_0)
FNDA:0,(anonymous_1)
FNDA:0,(anonymous_2)
FNDA:0,(anonymous_3)
FNDA:0,(anonymous_4)
FNDA:0,(anonymous_5)
DA:1,9
DA:3,9
DA:4,0
DA:5,0
DA:6,0
DA:7,0
DA:10,0
DA:18,0
DA:19,0
DA:20,0
DA:25,0
DA:33,0
DA:34,0
DA:35,0
DA:36,0
DA:41,0
DA:49,0
DA:50,0
DA:51,0
DA:56,0
DA:64,0
DA:77,0
DA:78,0
DA:79,0
DA:87,0
DA:107,0
DA:108,0
DA:117,0
DA:125,0
DA:133,0
DA:142,0
DA:159,0
DA:170,0
DA:174,9
LF:34
LH:3
BRDA:16,0,0,0
BRDA:16,0,1,0
BRDA:16,1,0,0
BRDA:16,1,1,0
BRDA:18,2,0,0
BRDA:18,2,1,0
BRDA:19,3,0,0
BRDA:19,3,1,0
BRDA:20,4,0,0
BRDA:20,4,1,0
BRDA:33,5,0,0
BRDA:33,5,1,0
BRDA:34,6,0,0
BRDA:34,6,1,0
BRDA:35,7,0,0
BRDA:35,7,1,0
BRDA:36,8,0,0
BRDA:36,8,1,0
BRDA:49,9,0,0
BRDA:49,9,1,0
BRDA:50,10,0,0
BRDA:50,10,1,0
BRDA:51,11,0,0
BRDA:51,11,1,0
BRDA:77,12,0,0
BRDA:77,12,1,0
BRDA:81,13,0,0
BRDA:81,13,1,0
BRDA:82,14,0,0
BRDA:82,14,1,0
BRDA:107,15,0,0
BRDA:107,15,1,0
BRDA:110,16,0,0
BRDA:110,16,1,0
BRDA:111,17,0,0
BRDA:111,17,1,0
BRDA:112,18,0,0
BRDA:112,18,1,0
BRDA:113,19,0,0
BRDA:113,19,1,0
BRDA:127,20,0,0
BRDA:127,20,1,0
BRDA:153,21,0,0
BRDA:153,21,1,0
BRDA:154,22,0,0
BRDA:154,22,1,0
BRDA:161,23,0,0
BRDA:161,23,1,0
BRDA:161,24,0,0
BRDA:161,24,1,0
BRDA:161,25,0,0
BRDA:161,25,1,0
BRDA:162,26,0,0
BRDA:162,26,1,0
BRDA:164,27,0,0
BRDA:164,27,1,0
BRF:56
BRH:0
end_of_record
TN:
SF:controllers/admin/loyalty.controller.js
FN:4,(anonymous_0)
FN:13,(anonymous_1)
FN:24,(anonymous_2)
FN:31,(anonymous_3)
FN:37,(anonymous_4)
FN:45,(anonymous_5)
FN:55,(anonymous_6)
FN:71,(anonymous_7)
FN:80,(anonymous_8)
FNF:9
FNH:0
FNDA:0,(anonymous_0)
FNDA:0,(anonymous_1)
FNDA:0,(anonymous_2)
FNDA:0,(anonymous_3)
FNDA:0,(anonymous_4)
FNDA:0,(anonymous_5)
FNDA:0,(anonymous_6)
FNDA:0,(anonymous_7)
FNDA:0,(anonymous_8)
DA:1,9
DA:2,9
DA:4,9
DA:5,0
DA:6,0
DA:7,0
DA:9,0
DA:13,9
DA:14,0
DA:15,0
DA:16,0
DA:17,0
DA:19,0
DA:20,0
DA:22,0
DA:23,0
DA:24,0
DA:25,0
DA:27,0
DA:31,9
DA:32,0
DA:33,0
DA:34,0
DA:35,0
DA:36,0
DA:37,0
DA:38,0
DA:39,0
DA:41,0
DA:45,9
DA:46,0
DA:47,0
DA:48,0
DA:49,0
DA:51,0
DA:55,9
DA:56,0
DA:57,0
DA:58,0
DA:59,0
DA:60,0
DA:61,0
DA:67,0
DA:71,9
DA:72,0
DA:73,0
DA:74,0
DA:76,0
DA:80,9
DA:81,0
DA:82,0
DA:83,0
DA:84,0
DA:85,0
DA:86,0
DA:92,0
DA:96,9
LF:57
LH:10
BRDA:16,0,0,0
BRDA:16,0,1,0
BRDA:16,1,0,0
BRDA:16,1,1,0
BRDA:16,1,2,0
BRDA:16,1,3,0
BRDA:19,2,0,0
BRDA:19,2,1,0
BRDA:38,3,0,0
BRDA:38,3,1,0
BRDA:48,4,0,0
BRDA:48,4,1,0
BRDA:57,5,0,0
BRDA:57,5,1,0
BRDA:58,6,0,0
BRDA:58,6,1,0
BRDA:59,7,0,0
BRDA:59,7,1,0
BRDA:82,8,0,0
BRDA:82,8,1,0
BRDA:83,9,0,0
BRDA:83,9,1,0
BRDA:84,10,0,0
BRDA:84,10,1,0
BRF:24
BRH:0
end_of_record
TN:
SF:controllers/admin/order.controller.js
FN:12,(anonymous_0)
FN:71,(anonymous_1)
FN:81,(anonymous_2)
FN:121,(anonymous_3)
FN:146,(anonymous_4)
FN:151,(anonymous_5)
FN:156,(anonymous_6)
FN:162,(anonymous_7)
FN:167,(anonymous_8)
FNF:9
FNH:4
FNDA:2,(anonymous_0)
FNDA:2,(anonymous_1)
FNDA:2,(anonymous_2)
FNDA:1,(anonymous_3)
FNDA:0,(anonymous_4)
FNDA:0,(anonymous_5)
FNDA:0,(anonymous_6)
FNDA:0,(anonymous_7)
FNDA:0,(anonymous_8)
DA:1,9
DA:2,9
DA:3,9
DA:4,9
DA:5,9
DA:6,9
DA:7,9
DA:10,9
DA:12,9
DA:13,2
DA:14,2
DA:15,2
DA:16,2
DA:17,2
DA:18,2
DA:20,2
DA:21,2
DA:23,2
DA:24,1
DA:25,1
DA:27,2
DA:29,0
DA:30,0
DA:31,0
DA:33,0
DA:34,0
DA:38,2
DA:40,2
DA:47,2
DA:49,2
DA:61,2
DA:67,0
DA:71,9
DA:72,2
DA:73,2
DA:74,2
DA:75,2
DA:77,0
DA:81,9
DA:82,2
DA:83,2
DA:84,2
DA:85,2
DA:87,2
DA:88,1
DA:89,1
DA:92,1
DA:94,1
DA:98,1
DA:99,0
DA:100,0
DA:101,0
DA:105,1
DA:109,1
DA:115,1
DA:116,1
DA:118,1
DA:121,1
DA:122,1
DA:124,1
DA:126,0
DA:128,0
DA:129,0
DA:130,0
DA:134,0
DA:137,0
DA:142,0
DA:146,0
DA:147,0
DA:150,1
DA:151,0
DA:152,0
DA:155,0
DA:156,0
DA:157,0
DA:161,0
DA:162,0
DA:163,0
DA:169,1
DA:171,0
DA:172,0
DA:173,0
DA:177,9
LF:83
LH:53
BRDA:14,0,0,2
BRDA:14,0,1,2
BRDA:15,1,0,2
BRDA:15,1,1,1
BRDA:17,2,0,2
BRDA:17,2,1,1
BRDA:18,3,0,2
BRDA:18,3,1,2
BRDA:23,4,0,1
BRDA:23,4,1,1
BRDA:27,5,0,0
BRDA:27,5,1,2
BRDA:29,6,0,0
BRDA:29,6,1,0
BRDA:38,7,0,1
BRDA:38,7,1,1
BRDA:74,8,0,0
BRDA:74,8,1,2
BRDA:87,9,0,1
BRDA:87,9,1,1
BRDA:98,10,0,0
BRDA:98,10,1,1
BRDA:112,11,0,1
BRDA:112,11,1,0
BRDA:122,12,0,0
BRDA:122,12,1,1
BRDA:124,13,0,0
BRDA:124,13,1,1
BRDA:126,14,0,0
BRDA:126,14,1,0
BRDA:128,15,0,0
BRDA:128,15,1,0
BRDA:128,16,0,0
BRDA:128,16,1,0
BRDA:150,17,0,0
BRDA:150,17,1,1
BRDA:155,18,0,0
BRDA:155,18,1,0
BRDA:161,19,0,0
BRDA:161,19,1,0
BRDA:161,20,0,0
BRDA:161,20,1,0
BRF:42
BRH:21
end_of_record
TN:
SF:controllers/admin/product.controller.js
FN:7,(anonymous_0)
FN:24,(anonymous_1)
FN:34,(anonymous_2)
FN:57,(anonymous_3)
FN:75,(anonymous_4)
FN:86,(anonymous_5)
FN:114,(anonymous_6)
FN:127,(anonymous_7)
FNF:8
FNH:5
FNDA:1,(anonymous_0)
FNDA:1,(anonymous_1)
FNDA:2,(anonymous_2)
FNDA:1,(anonymous_3)
FNDA:1,(anonymous_4)
FNDA:0,(anonymous_5)
FNDA:0,(anonymous_6)
FNDA:0,(anonymous_7)
DA:1,9
DA:2,9
DA:3,9
DA:4,9
DA:5,9
DA:7,9
DA:8,1
DA:9,1
DA:10,1
DA:11,1
DA:12,1
DA:13,1
DA:14,1
DA:20,0
DA:24,9
DA:25,1
DA:26,1
DA:27,1
DA:28,1
DA:30,0
DA:34,9
DA:35,2
DA:36,2
DA:38,2
DA:39,1
DA:41,1
DA:42,0
DA:45,1
DA:49,1
DA:50,1
DA:51,1
DA:53,0
DA:57,9
DA:58,1
DA:59,1
DA:60,1
DA:62,1
DA:66,1
DA:67,1
DA:68,1
DA:69,1
DA:71,0
DA:75,9
DA:76,1
DA:77,1
DA:78,1
DA:79,1
DA:81,0
DA:86,9
DA:87,0
DA:88,0
DA:89,0
DA:91,0
DA:92,0
DA:93,0
DA:94,0
DA:96,0
DA:104,0
DA:105,0
DA:110,0
DA:114,9
DA:115,0
DA:116,0
DA:117,0
DA:118,0
DA:119,0
DA:120,0
DA:121,0
DA:123,0
DA:127,9
DA:128,0
DA:129,0
DA:130,0
DA:131,0
DA:132,0
DA:133,0
DA:134,0
DA:136,0
DA:140,9
LF:79
LH:46
BRDA:9,0,0,1
BRDA:9,0,1,0
BRDA:10,1,0,1
BRDA:10,1,1,0
BRDA:11,2,0,1
BRDA:11,2,1,1
BRDA:12,3,0,0
BRDA:12,3,1,1
BRDA:27,4,0,0
BRDA:27,4,1,1
BRDA:38,5,0,1
BRDA:38,5,1,1
BRDA:38,6,0,2
BRDA:38,6,1,1
BRDA:38,6,2,1
BRDA:38,6,3,1
BRDA:41,7,0,0
BRDA:41,7,1,1
BRDA:68,8,0,0
BRDA:68,8,1,1
BRDA:89,9,0,0
BRDA:89,9,1,0
BRDA:93,10,0,0
BRDA:93,10,1,0
BRDA:94,11,0,0
BRDA:94,11,1,0
BRDA:107,12,0,0
BRDA:107,12,1,0
BRDA:119,13,0,0
BRDA:119,13,1,0
BRDA:132,14,0,0
BRDA:132,14,1,0
BRF:32
BRH:14
end_of_record
TN:
SF:controllers/admin/review.controller.js
FN:4,(anonymous_0)
FN:20,(anonymous_1)
FN:29,(anonymous_2)
FNF:3
FNH:1
FNDA:2,(anonymous_0)
FNDA:0,(anonymous_1)
FNDA:0,(anonymous_2)
DA:1,9
DA:2,9
DA:4,9
DA:5,2
DA:6,2
DA:7,2
DA:8,2
DA:9,2
DA:10,2
DA:16,0
DA:20,9
DA:21,0
DA:22,0
DA:23,0
DA:25,0
DA:29,9
DA:30,0
DA:31,0
DA:32,0
DA:33,0
DA:35,0
DA:39,9
LF:22
LH:12
BRDA:6,0,0,2
BRDA:6,0,1,2
BRDA:7,1,0,2
BRDA:7,1,1,1
BRDA:8,2,0,1
BRDA:8,2,1,1
BRDA:32,3,0,0
BRDA:32,3,1,0
BRF:8
BRH:6
end_of_record
TN:
SF:controllers/admin/settings.controller.js
FN:6,(anonymous_0)
FN:7,(anonymous_1)
FN:14,(anonymous_2)
FN:24,(anonymous_3)
FN:43,(anonymous_4)
FN:53,(anonymous_5)
FN:75,(anonymous_6)
FN:85,(anonymous_7)
FN:100,(anonymous_8)
FN:110,(anonymous_9)
FNF:10
FNH:0
FNDA:0,(anonymous_0)
FNDA:0,(anonymous_1)
FNDA:0,(anonymous_2)
FNDA:0,(anonymous_3)
FNDA:0,(anonymous_4)
FNDA:0,(anonymous_5)
FNDA:0,(anonymous_6)
FNDA:0,(anonymous_7)
FNDA:0,(anonymous_8)
FNDA:0,(anonymous_9)
DA:1,9
DA:2,9
DA:3,9
DA:6,9
DA:7,0
DA:8,0
DA:10,0
DA:14,9
DA:15,0
DA:16,0
DA:17,0
DA:19,0
DA:24,9
DA:25,0
DA:26,0
DA:27,0
DA:28,0
DA:30,0
DA:31,0
DA:32,0
DA:34,0
DA:35,0
DA:36,0
DA:38,0
DA:43,9
DA:44,0
DA:45,0
DA:46,0
DA:48,0
DA:53,9
DA:54,0
DA:55,0
DA:56,0
DA:57,0
DA:59,0
DA:60,0
DA:61,0
DA:66,0
DA:67,0
DA:68,0
DA:70,0
DA:75,9
DA:76,0
DA:77,0
DA:78,0
DA:80,0
DA:85,9
DA:86,0
DA:87,0
DA:88,0
DA:89,0
DA:91,0
DA:92,0
DA:93,0
DA:95,0
DA:100,9
DA:101,0
DA:102,0
DA:103,0
DA:105,0
DA:110,9
DA:111,0
DA:112,0
DA:113,0
DA:114,0
DA:116,0
DA:117,0
DA:118,0
DA:120,0
DA:124,9
LF:70
LH:13
BRDA:8,0,0,0
BRDA:8,0,1,0
BRDA:10,1,0,0
BRDA:10,1,1,0
BRDA:27,2,0,0
BRDA:27,2,1,0
BRDA:27,3,0,0
BRDA:27,3,1,0
BRDA:31,4,0,0
BRDA:31,4,1,0
BRDA:31,5,0,0
BRDA:31,5,1,0
BRDA:56,6,0,0
BRDA:56,6,1,0
BRDA:56,7,0,0
BRDA:56,7,1,0
BRDA:60,8,0,0
BRDA:60,8,1,0
BRDA:89,9,0,0
BRDA:89,9,1,0
BRDA:114,10,0,0
BRDA:114,10,1,0
BRF:22
BRH:0
end_of_record
TN:
SF:controllers/admin/supplier.controller.js
FN:4,(anonymous_0)
FN:20,(anonymous_1)
FN:30,(anonymous_2)
FN:42,(anonymous_3)
FN:55,(anonymous_4)
FN:66,(anonymous_5)
FNF:6
FNH:4
FNDA:1,(anonymous_0)
FNDA:0,(anonymous_1)
FNDA:1,(anonymous_2)
FNDA:1,(anonymous_3)
FNDA:1,(anonymous_4)
FNDA:0,(anonymous_5)
DA:1,9
DA:2,9
DA:4,9
DA:5,1
DA:6,1
DA:7,1
DA:8,1
DA:9,1
DA:10,1
DA:16,0
DA:20,9
DA:21,0
DA:22,0
DA:23,0
DA:24,0
DA:26,0
DA:30,9
DA:31,1
DA:32,1
DA:33,1
DA:34,1
DA:35,1
DA:36,1
DA:38,0
DA:42,9
DA:43,1
DA:44,1
DA:45,1
DA:46,1
DA:47,1
DA:48,1
DA:49,1
DA:51,0
DA:55,9
DA:56,1
DA:57,1
DA:58,1
DA:59,1
DA:60,1
DA:62,0
DA:66,9
DA:67,0
DA:68,0
DA:69,0
DA:70,0
DA:72,0
DA:76,9
LF:47
LH:33
BRDA:6,0,0,1
BRDA:6,0,1,1
BRDA:7,1,0,1
BRDA:7,1,1,1
BRDA:8,2,0,1
BRDA:8,2,1,1
BRDA:23,3,0,0
BRDA:23,3,1,0
BRDA:33,4,0,0
BRDA:33,4,1,1
BRDA:46,5,0,0
BRDA:46,5,1,1
BRDA:59,6,0,0
BRDA:59,6,1,1
BRDA:69,7,0,0
BRDA:69,7,1,0
BRF:16
BRH:9
end_of_record
TN:
SF:middlewares/auth.js
FN:6,(anonymous_0)
FNF:1
FNH:1
FNDA:38,(anonymous_0)
DA:1,9
DA:2,9
DA:6,9
DA:7,38
DA:9,38
DA:10,5
DA:13,33
DA:15,33
DA:16,33
DA:18,33
DA:19,33
DA:21,0
DA:25,9
LF:13
LH:12
BRDA:9,0,0,5
BRDA:9,0,1,33
BRDA:9,1,0,38
BRDA:9,1,1,33
BRF:4
BRH:4
end_of_record
TN:
SF:middlewares/errorHandler.js
FN:3,(anonymous_0)
FN:30,(anonymous_1)
FNF:2
FNH:2
FNDA:27,(anonymous_0)
FNDA:31,(anonymous_1)
DA:3,10
DA:4,27
DA:7,27
DA:8,27
DA:10,0
DA:14,27
DA:15,0
DA:21,27
DA:31,31
DA:32,31
DA:33,31
DA:37,10
LF:12
LH:10
BRDA:4,0,0,27
BRDA:4,0,1,0
BRDA:7,1,0,27
BRDA:7,1,1,0
BRDA:14,2,0,0
BRDA:14,2,1,27
BRDA:14,3,0,27
BRDA:14,3,1,0
BRDA:23,4,0,27
BRDA:23,4,1,0
BRDA:24,5,0,27
BRDA:24,5,1,0
BRDA:30,6,0,0
BRDA:30,7,0,31
BRDA:33,8,0,0
BRDA:33,8,1,31
BRF:16
BRH:8
end_of_record
TN:
SF:middlewares/optionalAuth.js
FN:4,(anonymous_0)
FNF:1
FNH:1
FNDA:16,(anonymous_0)
DA:1,9
DA:4,9
DA:5,16
DA:6,16
DA:8,6
DA:9,6
DA:10,6
DA:11,6
DA:15,6
DA:18,9
LF:10
LH:10
BRDA:6,0,0,10
BRDA:6,0,1,6
BRDA:6,1,0,16
BRDA:6,1,1,6
BRF:4
BRH:4
end_of_record
TN:
SF:middlewares/roles.js
FN:5,(anonymous_0)
FN:6,(anonymous_1)
FNF:2
FNH:2
FNDA:18,(anonymous_0)
FNDA:22,(anonymous_1)
DA:1,9
DA:5,9
DA:6,18
DA:7,22
DA:8,0
DA:11,22
DA:12,1
DA:15,21
DA:19,9
LF:9
LH:8
BRDA:7,0,0,0
BRDA:7,0,1,22
BRDA:11,1,0,1
BRDA:11,1,1,21
BRF:4
BRH:3
end_of_record
TN:
SF:middlewares/upload.js
FN:11,(anonymous_0)
FNF:1
FNH:0
FNDA:0,(anonymous_0)
DA:1,9
DA:2,9
DA:5,9
DA:6,9
DA:9,9
DA:11,9
DA:12,0
DA:13,0
DA:15,0
DA:19,9
DA:25,9
LF:11
LH:8
BRDA:12,0,0,0
BRDA:12,0,1,0
BRF:2
BRH:0
end_of_record
TN:
SF:repositories/cart.repository.js
FN:4,(anonymous_0)
FN:16,(anonymous_1)
FN:34,(anonymous_2)
FN:43,(anonymous_3)
FN:54,(anonymous_4)
FN:65,(anonymous_5)
FN:75,(anonymous_6)
FN:83,(anonymous_7)
FN:91,(anonymous_8)
FN:97,(anonymous_9)
FNF:10
FNH:9
FNDA:25,(anonymous_0)
FNDA:11,(anonymous_1)
FNDA:6,(anonymous_2)
FNDA:6,(anonymous_3)
FNDA:2,(anonymous_4)
FNDA:6,(anonymous_5)
FNDA:1,(anonymous_6)
FNDA:1,(anonymous_7)
FNDA:3,(anonymous_8)
FNDA:0,(anonymous_9)
DA:1,10
DA:4,10
DA:5,25
DA:6,25
DA:8,25
DA:12,25
DA:16,10
DA:17,11
DA:30,11
DA:34,10
DA:35,6
DA:39,6
DA:43,10
DA:44,6
DA:50,6
DA:54,10
DA:55,2
DA:61,2
DA:65,10
DA:66,6
DA:71,6
DA:75,10
DA:76,1
DA:83,10
DA:84,1
DA:91,10
DA:92,3
DA:93,3
DA:97,10
DA:98,0
DA:104,10
LF:31
LH:30
BRDA:5,0,0,14
BRDA:5,0,1,11
BRDA:6,1,0,25
BRDA:6,1,1,11
BRDA:12,2,0,25
BRDA:12,2,1,12
BRDA:37,3,0,6
BRDA:37,3,1,2
BRDA:37,4,0,6
BRDA:37,4,1,4
BRDA:48,5,0,6
BRDA:48,5,1,6
BRDA:48,6,0,6
BRDA:48,6,1,6
BRDA:50,7,0,6
BRDA:50,7,1,6
BRDA:61,8,0,2
BRDA:61,8,1,0
BRDA:69,9,0,6
BRDA:69,9,1,6
BRF:20
BRH:19
end_of_record
TN:
SF:repositories/category.admin.repository.js
FN:4,(anonymous_0)
FN:16,(anonymous_1)
FN:25,(anonymous_2)
FN:28,(anonymous_3)
FN:29,(anonymous_4)
FN:37,(anonymous_5)
FN:52,(anonymous_6)
FN:60,(anonymous_7)
FN:91,(anonymous_8)
FN:123,(anonymous_9)
FN:147,(anonymous_10)
FNF:11
FNH:0
FNDA:0,(anonymous_0)
FNDA:0,(anonymous_1)
FNDA:0,(anonymous_2)
FNDA:0,(anonymous_3)
FNDA:0,(anonymous_4)
FNDA:0,(anonymous_5)
FNDA:0,(anonymous_6)
FNDA:0,(anonymous_7)
FNDA:0,(anonymous_8)
FNDA:0,(anonymous_9)
FNDA:0,(anonymous_10)
DA:1,9
DA:4,9
DA:5,0
DA:14,0
DA:16,0
DA:17,0
DA:25,0
DA:28,0
DA:30,0
DA:31,0
DA:37,9
DA:38,0
DA:43,0
DA:45,0
DA:50,0
DA:53,0
DA:54,0
DA:60,9
DA:61,0
DA:62,0
DA:63,0
DA:65,0
DA:70,0
DA:72,0
DA:73,0
DA:80,0
DA:81,0
DA:83,0
DA:84,0
DA:86,0
DA:91,9
DA:92,0
DA:93,0
DA:94,0
DA:96,0
DA:102,0
DA:103,0
DA:104,0
DA:113,0
DA:115,0
DA:116,0
DA:118,0
DA:123,9
DA:124,0
DA:128,0
DA:129,0
DA:132,0
DA:133,0
DA:134,0
DA:135,0
DA:136,0
DA:137,0
DA:139,0
DA:140,0
DA:142,0
DA:147,9
DA:148,0
DA:149,0
DA:150,0
DA:151,0
DA:152,0
DA:154,0
DA:155,0
DA:158,9
LF:64
LH:8
BRDA:14,0,0,0
BRDA:14,0,1,0
BRDA:43,1,0,0
BRDA:43,1,1,0
BRDA:68,2,0,0
BRDA:68,2,1,0
BRDA:68,3,0,0
BRDA:68,3,1,0
BRDA:68,4,0,0
BRDA:68,4,1,0
BRDA:76,5,0,0
BRDA:76,5,1,0
BRDA:99,6,0,0
BRDA:99,6,1,0
BRDA:99,7,0,0
BRDA:99,7,1,0
BRDA:99,8,0,0
BRDA:99,8,1,0
BRDA:102,9,0,0
BRDA:102,9,1,0
BRDA:108,10,0,0
BRDA:108,10,1,0
BRDA:128,11,0,0
BRDA:128,11,1,0
BRDA:147,12,0,0
BRDA:150,13,0,0
BRDA:150,13,1,0
BRF:27
BRH:0
end_of_record
TN:
SF:repositories/category.repository.js
FN:4,(anonymous_0)
FN:25,(anonymous_1)
FNF:2
FNH:1
FNDA:2,(anonymous_0)
FNDA:0,(anonymous_1)
DA:1,9
DA:4,9
DA:5,2
DA:21,2
DA:25,9
DA:26,0
DA:35,0
DA:38,9
LF:8
LH:6
BRDA:4,0,0,0
BRDA:25,1,0,0
BRDA:35,2,0,0
BRDA:35,2,1,0
BRF:4
BRH:0
end_of_record
TN:
SF:repositories/coupon.repository.js
FN:3,(anonymous_0)
FN:15,(anonymous_1)
FN:24,(anonymous_2)
FN:32,(anonymous_3)
FN:41,(anonymous_4)
FN:50,(anonymous_5)
FN:56,(anonymous_6)
FN:85,(anonymous_7)
FNF:8
FNH:1
FNDA:0,(anonymous_0)
FNDA:0,(anonymous_1)
FNDA:0,(anonymous_2)
FNDA:0,(anonymous_3)
FNDA:0,(anonymous_4)
FNDA:0,(anonymous_5)
FNDA:7,(anonymous_6)
FNDA:0,(anonymous_7)
DA:1,10
DA:3,10
DA:4,0
DA:5,0
DA:6,0
DA:12,0
DA:15,10
DA:16,0
DA:21,0
DA:24,10
DA:25,0
DA:26,0
DA:27,0
DA:28,0
DA:29,0
DA:32,10
DA:33,0
DA:38,0
DA:41,10
DA:42,0
DA:50,10
DA:51,0
DA:52,0
DA:56,10
DA:57,7
DA:63,7
DA:64,7
DA:66,6
DA:67,1
DA:69,5
DA:70,1
DA:72,4
DA:73,4
DA:74,1
DA:77,3
DA:81,3
DA:85,10
DA:86,0
DA:89,10
LF:39
LH:22
BRDA:3,0,0,0
BRDA:3,1,0,0
BRDA:21,2,0,0
BRDA:21,2,1,0
BRDA:24,3,0,0
BRDA:27,4,0,0
BRDA:27,4,1,0
BRDA:29,5,0,0
BRDA:29,5,1,0
BRDA:36,6,0,0
BRDA:36,6,1,0
BRDA:36,7,0,0
BRDA:36,7,1,0
BRDA:36,8,0,0
BRDA:36,8,1,0
BRDA:36,9,0,0
BRDA:36,9,1,0
BRDA:46,10,0,0
BRDA:46,10,1,0
BRDA:46,11,0,0
BRDA:46,11,1,0
BRDA:46,12,0,0
BRDA:46,12,1,0
BRDA:46,13,0,0
BRDA:46,13,1,0
BRDA:63,14,0,7
BRDA:63,14,1,1
BRDA:64,15,0,1
BRDA:64,15,1,6
BRDA:66,16,0,1
BRDA:66,16,1,5
BRDA:66,17,0,6
BRDA:66,17,1,5
BRDA:69,18,0,1
BRDA:69,18,1,4
BRDA:69,19,0,5
BRDA:69,19,1,5
BRDA:72,20,0,4
BRDA:72,20,1,0
BRDA:73,21,0,1
BRDA:73,21,1,3
BRDA:77,22,0,3
BRDA:77,22,1,0
BRF:43
BRH:16
end_of_record
TN:
SF:repositories/loyalty.repository.js
FN:4,(anonymous_0)
FN:18,(anonymous_1)
FN:26,(anonymous_2)
FN:40,(anonymous_3)
FN:52,(anonymous_4)
FN:63,(anonymous_5)
FN:72,(anonymous_6)
FN:81,(anonymous_7)
FN:89,(anonymous_8)
FN:95,(anonymous_9)
FN:110,(anonymous_10)
FN:122,(anonymous_11)
FN:130,(anonymous_12)
FN:139,(anonymous_13)
FN:179,(anonymous_14)
FN:200,(anonymous_15)
FNF:16
FNH:0
FNDA:0,(anonymous_0)
FNDA:0,(anonymous_1)
FNDA:0,(anonymous_2)
FNDA:0,(anonymous_3)
FNDA:0,(anonymous_4)
FNDA:0,(anonymous_5)
FNDA:0,(anonymous_6)
FNDA:0,(anonymous_7)
FNDA:0,(anonymous_8)
FNDA:0,(anonymous_9)
FNDA:0,(anonymous_10)
FNDA:0,(anonymous_11)
FNDA:0,(anonymous_12)
FNDA:0,(anonymous_13)
FNDA:0,(anonymous_14)
FNDA:0,(anonymous_15)
DA:1,10
DA:4,10
DA:5,0
DA:14,0
DA:18,10
DA:19,0
DA:26,10
DA:27,0
DA:36,0
DA:40,10
DA:41,0
DA:48,0
DA:52,10
DA:53,0
DA:59,0
DA:63,10
DA:64,0
DA:69,0
DA:72,10
DA:73,0
DA:78,0
DA:81,10
DA:82,0
DA:89,10
DA:90,0
DA:91,0
DA:95,10
DA:96,0
DA:100,0
DA:101,0
DA:102,0
DA:110,10
DA:111,0
DA:112,0
DA:113,0
DA:118,0
DA:122,10
DA:123,0
DA:130,10
DA:131,0
DA:135,0
DA:139,10
DA:140,0
DA:141,0
DA:142,0
DA:144,0
DA:145,0
DA:146,0
DA:147,0
DA:150,0
DA:157,0
DA:159,0
DA:175,0
DA:179,10
DA:180,0
DA:183,0
DA:191,0
DA:200,10
DA:201,0
DA:202,0
DA:203,0
DA:205,0
DA:206,0
DA:207,0
DA:210,0
DA:214,0
DA:216,0
DA:229,0
DA:232,10
LF:69
LH:18
BRDA:14,0,0,0
BRDA:14,0,1,0
BRDA:76,1,0,0
BRDA:76,1,1,0
BRDA:76,2,0,0
BRDA:76,2,1,0
BRDA:76,3,0,0
BRDA:76,3,1,0
BRDA:85,4,0,0
BRDA:85,4,1,0
BRDA:85,5,0,0
BRDA:85,5,1,0
BRDA:100,6,0,0
BRDA:100,6,1,0
BRDA:100,7,0,0
BRDA:100,7,1,0
BRDA:101,8,0,0
BRDA:101,8,1,0
BRDA:139,9,0,0
BRDA:139,10,0,0
BRDA:139,11,0,0
BRDA:144,12,0,0
BRDA:144,12,1,0
BRDA:200,13,0,0
BRDA:200,14,0,0
BRDA:200,15,0,0
BRDA:205,16,0,0
BRDA:205,16,1,0
BRF:28
BRH:0
end_of_record
TN:
SF:repositories/newsletter.repository.js
FN:4,(anonymous_0)
FN:28,(anonymous_1)
FNF:2
FNH:2
FNDA:2,(anonymous_0)
FNDA:2,(anonymous_1)
DA:1,9
DA:4,9
DA:6,2
DA:11,2
DA:12,1
DA:13,0
DA:17,0
DA:20,1
DA:24,1
DA:28,9
DA:29,2
DA:34,2
DA:37,9
LF:13
LH:11
BRDA:4,0,0,0
BRDA:11,1,0,1
BRDA:11,1,1,1
BRDA:12,2,0,1
BRDA:12,2,1,0
BRF:5
BRH:3
end_of_record
TN:
SF:repositories/order.repository.js
FN:4,(anonymous_0)
FN:77,(anonymous_1)
FN:103,(anonymous_2)
FN:153,(anonymous_3)
FNF:4
FNH:4
FNDA:3,(anonymous_0)
FNDA:1,(anonymous_1)
FNDA:10,(anonymous_2)
FNDA:8,(anonymous_3)
DA:1,10
DA:4,10
DA:5,3
DA:6,3
DA:7,3
DA:10,3
DA:11,3
DA:15,3
DA:16,0
DA:18,3
DA:25,3
DA:30,3
DA:33,3
DA:34,3
DA:41,3
DA:43,3
DA:60,3
DA:66,3
DA:67,3
DA:69,0
DA:70,0
DA:72,3
DA:77,10
DA:78,1
DA:80,1
DA:84,1
DA:86,1
DA:99,1
DA:103,10
DA:104,10
DA:105,10
DA:108,10
DA:109,2
DA:110,2
DA:113,10
DA:126,10
DA:128,8
DA:136,8
DA:145,8
DA:150,8
DA:153,8
DA:163,10
LF:42
LH:39
BRDA:4,0,0,0
BRDA:4,1,0,0
BRDA:4,2,0,0
BRDA:15,3,0,0
BRDA:15,3,1,3
BRDA:15,4,0,3
BRDA:15,4,1,3
BRDA:50,5,0,3
BRDA:50,5,1,3
BRDA:77,6,0,0
BRDA:77,7,0,0
BRDA:103,8,0,8
BRDA:108,9,0,2
BRDA:108,9,1,8
BRDA:126,10,0,2
BRDA:126,10,1,8
BRDA:152,11,0,8
BRDA:152,11,1,0
BRDA:155,12,0,0
BRDA:155,12,1,8
BRF:20
BRH:12
end_of_record
TN:
SF:repositories/payment.repository.js
FN:4,(anonymous_0)
FN:14,(anonymous_1)
FN:23,(anonymous_2)
FNF:3
FNH:3
FNDA:3,(anonymous_0)
FNDA:1,(anonymous_1)
FNDA:1,(anonymous_2)
DA:1,10
DA:4,10
DA:5,3
DA:10,3
DA:14,10
DA:15,1
DA:23,10
DA:24,1
DA:29,1
DA:32,10
LF:10
LH:10
BRDA:8,0,0,3
BRDA:8,0,1,0
BRDA:8,1,0,3
BRDA:8,1,1,3
BRDA:8,2,0,3
BRDA:8,2,1,0
BRDA:14,3,0,0
BRDA:29,4,0,1
BRDA:29,4,1,0
BRF:9
BRH:5
end_of_record
TN:
SF:repositories/product.admin.repository.js
FN:4,(anonymous_0)
FN:36,(anonymous_1)
FN:75,(anonymous_2)
FN:83,(anonymous_3)
FN:99,(anonymous_4)
FN:108,(anonymous_5)
FN:137,(anonymous_6)
FN:166,(anonymous_7)
FNF:8
FNH:5
FNDA:1,(anonymous_0)
FNDA:1,(anonymous_1)
FNDA:1,(anonymous_2)
FNDA:0,(anonymous_3)
FNDA:0,(anonymous_4)
FNDA:0,(anonymous_5)
FNDA:3,(anonymous_6)
FNDA:1,(anonymous_7)
DA:1,9
DA:4,9
DA:5,1
DA:6,1
DA:7,1
DA:9,1
DA:14,1
DA:17,1
DA:18,2
DA:25,1
DA:26,1
DA:28,0
DA:29,0
DA:31,1
DA:36,9
DA:37,1
DA:38,1
DA:39,1
DA:42,1
DA:43,1
DA:47,1
DA:54,1
DA:55,1
DA:56,2
DA:65,1
DA:67,0
DA:68,0
DA:70,1
DA:75,9
DA:76,1
DA:83,9
DA:84,0
DA:85,0
DA:90,0
DA:95,0
DA:99,9
DA:100,0
DA:104,0
DA:108,9
DA:109,0
DA:110,0
DA:111,0
DA:113,0
DA:117,0
DA:118,0
DA:122,0
DA:126,0
DA:127,0
DA:129,0
DA:130,0
DA:132,0
DA:137,9
DA:138,3
DA:152,3
DA:154,3
DA:162,3
DA:166,9
DA:167,1
DA:168,1
DA:169,1
DA:171,1
DA:172,0
DA:173,0
DA:175,1
DA:176,0
DA:177,0
DA:180,1
DA:186,1
DA:188,1
DA:205,1
DA:208,9
LF:71
LH:45
BRDA:12,0,0,1
BRDA:12,0,1,1
BRDA:12,1,0,1
BRDA:12,1,1,1
BRDA:12,2,0,1
BRDA:12,2,1,0
BRDA:12,3,0,1
BRDA:12,3,1,0
BRDA:12,4,0,1
BRDA:12,4,1,0
BRDA:12,5,0,0
BRDA:12,5,1,1
BRDA:12,6,0,1
BRDA:12,6,1,1
BRDA:21,7,0,2
BRDA:21,7,1,0
BRDA:21,8,0,2
BRDA:21,8,1,2
BRDA:42,9,0,1
BRDA:42,9,1,0
BRDA:43,10,0,1
BRDA:43,10,1,0
BRDA:44,11,0,1
BRDA:44,11,1,1
BRDA:44,12,0,1
BRDA:44,12,1,1
BRDA:44,13,0,1
BRDA:44,13,1,0
BRDA:44,14,0,1
BRDA:44,14,1,0
BRDA:44,15,0,0
BRDA:44,15,1,1
BRDA:44,16,0,1
BRDA:44,16,1,1
BRDA:44,17,0,1
BRDA:44,17,1,0
BRDA:45,18,0,0
BRDA:45,18,1,0
BRDA:45,19,0,0
BRDA:45,19,1,0
BRDA:45,20,0,0
BRDA:45,20,1,0
BRDA:45,21,0,0
BRDA:45,21,1,0
BRDA:45,22,0,0
BRDA:45,22,1,0
BRDA:45,23,0,0
BRDA:45,23,1,0
BRDA:45,24,0,0
BRDA:45,24,1,0
BRDA:54,25,0,1
BRDA:54,25,1,0
BRDA:60,26,0,2
BRDA:60,26,1,0
BRDA:60,27,0,2
BRDA:60,27,1,2
BRDA:60,27,2,0
BRDA:84,28,0,0
BRDA:84,28,1,0
BRDA:93,29,0,0
BRDA:93,29,1,0
BRDA:93,30,0,0
BRDA:93,30,1,0
BRDA:93,31,0,0
BRDA:93,31,1,0
BRDA:117,32,0,0
BRDA:117,32,1,0
BRDA:137,33,0,0
BRDA:152,34,0,0
BRDA:152,34,1,3
BRDA:166,35,0,0
BRDA:166,36,0,0
BRDA:166,37,0,0
BRDA:166,38,0,0
BRDA:171,39,0,0
BRDA:171,39,1,1
BRDA:175,40,0,0
BRDA:175,40,1,1
BRF:78
BRH:32
end_of_record
TN:
SF:repositories/product.repository.js
FN:15,(anonymous_0)
FN:24,(anonymous_1)
FN:57,(anonymous_2)
FN:92,(anonymous_3)
FN:131,(anonymous_4)
FN:164,(anonymous_5)
FN:196,(anonymous_6)
FNF:7
FNH:4
FNDA:10,(anonymous_0)
FNDA:0,(anonymous_1)
FNDA:10,(anonymous_2)
FNDA:12,(anonymous_3)
FNDA:1,(anonymous_4)
FNDA:0,(anonymous_5)
FNDA:0,(anonymous_6)
DA:1,9
DA:4,9
DA:15,9
DA:16,10
DA:17,10
DA:19,10
DA:20,0
DA:21,0
DA:23,10
DA:24,0
DA:25,0
DA:26,10
DA:27,0
DA:28,0
DA:30,10
DA:31,0
DA:32,0
DA:34,10
DA:35,0
DA:36,0
DA:38,10
DA:39,5
DA:41,10
DA:42,1
DA:45,10
DA:49,9
DA:57,9
DA:58,10
DA:59,10
DA:60,10
DA:61,10
DA:64,10
DA:71,10
DA:74,10
DA:88,10
DA:92,9
DA:93,12
DA:108,12
DA:111,9
DA:120,9
DA:127,9
DA:131,9
DA:132,1
DA:134,1
DA:142,1
DA:144,1
DA:160,1
DA:164,9
DA:165,0
DA:166,0
DA:167,0
DA:169,0
DA:176,0
DA:178,0
DA:192,0
DA:196,9
DA:197,0
DA:212,0
DA:213,0
DA:215,0
DA:223,0
DA:230,0
DA:233,9
LF:63
LH:40
BRDA:19,0,0,0
BRDA:19,0,1,10
BRDA:23,1,0,0
BRDA:23,1,1,10
BRDA:23,2,0,10
BRDA:23,2,1,0
BRDA:26,3,0,0
BRDA:26,3,1,10
BRDA:30,4,0,0
BRDA:30,4,1,10
BRDA:34,5,0,0
BRDA:34,5,1,10
BRDA:38,6,0,5
BRDA:38,6,1,5
BRDA:41,7,0,1
BRDA:41,7,1,9
BRDA:57,8,0,0
BRDA:57,9,0,0
BRDA:57,10,0,0
BRDA:57,11,0,0
BRDA:57,12,0,0
BRDA:59,13,0,10
BRDA:59,13,1,0
BRDA:60,14,0,1
BRDA:60,14,1,9
BRDA:92,15,0,0
BRDA:108,16,0,3
BRDA:108,16,1,9
BRDA:131,17,0,0
BRDA:131,18,0,0
BRDA:131,19,0,0
BRDA:164,20,0,0
BRDA:164,21,0,0
BRDA:164,22,0,0
BRDA:164,23,0,0
BRDA:164,24,0,0
BRDA:165,25,0,0
BRDA:165,25,1,0
BRDA:166,26,0,0
BRDA:166,26,1,0
BRDA:196,27,0,0
BRDA:212,28,0,0
BRDA:212,28,1,0
BRF:43
BRH:15
end_of_record
TN:
SF:repositories/review.repository.js
FN:4,(anonymous_0)
FN:28,(anonymous_1)
FN:52,(anonymous_2)
FN:85,(anonymous_3)
FN:95,(anonymous_4)
FN:103,(anonymous_5)
FNF:6
FNH:1
FNDA:0,(anonymous_0)
FNDA:0,(anonymous_1)
FNDA:2,(anonymous_2)
FNDA:0,(anonymous_3)
FNDA:0,(anonymous_4)
FNDA:0,(anonymous_5)
DA:1,9
DA:4,9
DA:5,0
DA:7,0
DA:11,0
DA:13,0
DA:24,0
DA:28,9
DA:29,0
DA:30,0
DA:32,0
DA:33,0
DA:34,0
DA:37,0
DA:48,0
DA:52,9
DA:53,2
DA:54,2
DA:55,2
DA:57,2
DA:58,1
DA:59,1
DA:62,2
DA:66,2
DA:68,2
DA:81,2
DA:85,9
DA:86,0
DA:91,0
DA:95,9
DA:96,0
DA:103,9
DA:104,0
DA:108,0
DA:111,9
LF:35
LH:18
BRDA:4,0,0,0
BRDA:4,1,0,0
BRDA:28,2,0,0
BRDA:28,3,0,0
BRDA:32,4,0,0
BRDA:32,4,1,0
BRDA:52,5,0,0
BRDA:52,6,0,0
BRDA:52,7,0,0
BRDA:57,8,0,1
BRDA:57,8,1,1
BRDA:59,9,0,0
BRDA:59,9,1,1
BRDA:89,10,0,0
BRDA:89,10,1,0
BRDA:89,11,0,0
BRDA:89,11,1,0
BRF:17
BRH:3
end_of_record
TN:
SF:repositories/settings.repository.js
FN:4,(anonymous_0)
FN:11,(anonymous_1)
FN:19,(anonymous_2)
FN:30,(anonymous_3)
FN:44,(anonymous_4)
FN:45,(anonymous_5)
FN:50,(anonymous_6)
FN:53,(anonymous_7)
FNF:8
FNH:0
FNDA:0,(anonymous_0)
FNDA:0,(anonymous_1)
FNDA:0,(anonymous_2)
FNDA:0,(anonymous_3)
FNDA:0,(anonymous_4)
FNDA:0,(anonymous_5)
FNDA:0,(anonymous_6)
FNDA:0,(anonymous_7)
DA:1,9
DA:4,9
DA:5,0
DA:8,0
DA:11,9
DA:12,0
DA:19,9
DA:20,0
DA:27,0
DA:30,9
DA:31,0
DA:32,0
DA:33,0
DA:34,0
DA:35,0
DA:36,0
DA:37,0
DA:41,9
DA:42,9
DA:44,9
DA:45,0
DA:46,0
DA:50,0
DA:53,9
DA:54,0
DA:55,0
DA:63,9
LF:27
LH:10
BRDA:33,0,0,0
BRDA:33,0,1,0
BRDA:34,1,0,0
BRDA:34,1,1,0
BRDA:35,2,0,0
BRDA:35,2,1,0
BRDA:50,3,0,0
BRDA:50,3,1,0
BRDA:58,4,0,0
BRDA:58,4,1,0
BRF:10
BRH:0
end_of_record
TN:
SF:repositories/supplier.repository.js
FN:3,(anonymous_0)
FN:35,(anonymous_1)
FN:44,(anonymous_2)
FN:53,(anonymous_3)
FN:62,(anonymous_4)
FN:71,(anonymous_5)
FN:91,(anonymous_6)
FN:92,(anonymous_7)
FN:93,(anonymous_8)
FNF:9
FNH:5
FNDA:1,(anonymous_0)
FNDA:3,(anonymous_1)
FNDA:1,(anonymous_2)
FNDA:1,(anonymous_3)
FNDA:1,(anonymous_4)
FNDA:0,(anonymous_5)
FNDA:0,(anonymous_6)
FNDA:0,(anonymous_7)
FNDA:0,(anonymous_8)
DA:1,9
DA:3,9
DA:4,1
DA:5,1
DA:6,1
DA:8,1
DA:9,0
DA:10,0
DA:11,0
DA:14,1
DA:18,1
DA:20,1
DA:32,1
DA:35,9
DA:36,3
DA:41,3
DA:44,9
DA:45,1
DA:50,1
DA:53,9
DA:54,1
DA:59,1
DA:62,9
DA:63,1
DA:67,1
DA:71,9
DA:72,0
DA:77,0
DA:79,0
DA:90,0
DA:91,0
DA:92,0
DA:93,0
DA:95,0
DA:102,9
LF:35
LH:24
BRDA:3,0,0,0
BRDA:3,1,0,0
BRDA:3,2,0,0
BRDA:8,3,0,0
BRDA:8,3,1,1
BRDA:41,4,0,3
BRDA:41,4,1,0
BRDA:48,5,0,1
BRDA:48,5,1,1
BRDA:48,6,0,1
BRDA:48,6,1,0
BRDA:48,7,0,1
BRDA:48,7,1,1
BRDA:48,8,0,1
BRDA:48,8,1,1
BRDA:48,9,0,1
BRDA:48,9,1,1
BRDA:57,10,0,1
BRDA:57,10,1,1
BRDA:57,11,0,1
BRDA:57,11,1,1
BRDA:57,12,0,1
BRDA:57,12,1,1
BRDA:57,13,0,1
BRDA:57,13,1,1
BRDA:57,14,0,1
BRDA:57,14,1,1
BRDA:57,15,0,0
BRDA:57,15,1,1
BRDA:77,16,0,0
BRDA:77,16,1,0
BRDA:93,17,0,0
BRDA:93,17,1,0
BRDA:93,18,0,0
BRDA:93,18,1,0
BRF:35
BRH:22
end_of_record
TN:
SF:repositories/user.repository.js
FN:4,(anonymous_0)
FN:16,(anonymous_1)
FN:28,(anonymous_2)
FN:38,(anonymous_3)
FN:47,(anonymous_4)
FN:56,(anonymous_5)
FN:68,(anonymous_6)
FN:85,(anonymous_7)
FN:100,(anonymous_8)
FN:109,(anonymous_9)
FN:117,(anonymous_10)
FN:129,(anonymous_11)
FNF:12
FNH:4
FNDA:11,(anonymous_0)
FNDA:14,(anonymous_1)
FNDA:9,(anonymous_2)
FNDA:10,(anonymous_3)
FNDA:0,(anonymous_4)
FNDA:0,(anonymous_5)
FNDA:0,(anonymous_6)
FNDA:0,(anonymous_7)
FNDA:0,(anonymous_8)
FNDA:0,(anonymous_9)
FNDA:0,(anonymous_10)
FNDA:0,(anonymous_11)
DA:1,10
DA:4,10
DA:5,11
DA:12,11
DA:16,10
DA:17,14
DA:24,14
DA:28,10
DA:29,9
DA:34,9
DA:38,10
DA:39,10
DA:43,10
DA:47,10
DA:48,0
DA:52,0
DA:56,10
DA:57,0
DA:64,0
DA:68,10
DA:70,0
DA:71,0
DA:76,0
DA:81,0
DA:85,10
DA:86,0
DA:87,0
DA:92,0
DA:100,10
DA:101,0
DA:105,0
DA:109,10
DA:110,0
DA:117,10
DA:118,0
DA:125,0
DA:129,10
DA:130,0
DA:137,10
LF:39
LH:22
BRDA:12,0,0,11
BRDA:12,0,1,1
BRDA:24,1,0,14
BRDA:24,1,1,0
BRDA:28,2,0,9
BRDA:70,3,0,0
BRDA:70,3,1,0
BRDA:79,4,0,0
BRDA:79,4,1,0
BRDA:79,5,0,0
BRDA:79,5,1,0
BRDA:79,6,0,0
BRDA:79,6,1,0
BRDA:86,7,0,0
BRDA:86,7,1,0
BRDA:95,8,0,0
BRDA:95,8,1,0
BRDA:95,9,0,0
BRDA:95,9,1,0
BRDA:95,10,0,0
BRDA:95,10,1,0
BRDA:125,11,0,0
BRDA:125,11,1,0
BRF:23
BRH:4
end_of_record
TN:
SF:repositories/wishlist.repository.js
FN:4,(anonymous_0)
FN:23,(anonymous_1)
FN:32,(anonymous_2)
FN:41,(anonymous_3)
FNF:4
FNH:0
FNDA:0,(anonymous_0)
FNDA:0,(anonymous_1)
FNDA:0,(anonymous_2)
FNDA:0,(anonymous_3)
DA:1,9
DA:4,9
DA:5,0
DA:19,0
DA:23,9
DA:24,0
DA:28,0
DA:32,9
DA:33,0
DA:37,0
DA:41,9
DA:42,0
DA:46,0
DA:49,9
LF:14
LH:6
BRDA:4,0,0,0
BRF:1
BRH:0
end_of_record
TN:
SF:routes/admin.routes.js
FNF:0
FNH:0
DA:1,9
DA:2,9
DA:3,9
DA:4,9
DA:6,9
DA:7,9
DA:8,9
DA:9,9
DA:10,9
DA:11,9
DA:12,9
DA:13,9
DA:14,9
DA:15,9
DA:16,9
DA:19,9
DA:20,9
DA:23,9
DA:26,9
DA:27,9
DA:28,9
DA:29,9
DA:30,9
DA:31,9
DA:32,9
DA:33,9
DA:36,9
DA:37,9
DA:38,9
DA:39,9
DA:40,9
DA:43,9
DA:44,9
DA:45,9
DA:46,9
DA:47,9
DA:48,9
DA:51,9
DA:52,9
DA:53,9
DA:56,9
DA:57,9
DA:58,9
DA:61,9
DA:62,9
DA:65,9
DA:67,9
DA:70,9
DA:71,9
DA:72,9
DA:73,9
DA:74,9
DA:75,9
DA:76,9
DA:77,9
DA:80,9
DA:81,9
DA:82,9
DA:83,9
DA:86,9
DA:87,9
DA:88,9
DA:89,9
DA:90,9
DA:91,9
DA:92,9
DA:94,9
LF:67
LH:67
BRF:0
BRH:0
end_of_record
TN:
SF:routes/auth.routes.js
FNF:0
FNH:0
DA:1,9
DA:2,9
DA:3,9
DA:4,9
DA:7,9
DA:15,9
DA:16,9
DA:17,9
DA:18,9
DA:19,9
DA:20,9
DA:22,9
LF:12
LH:12
BRF:0
BRH:0
end_of_record
TN:
SF:routes/cart.routes.js
FNF:0
FNH:0
DA:1,9
DA:2,9
DA:3,9
DA:4,9
DA:7,9
DA:9,9
DA:10,9
DA:11,9
DA:12,9
DA:14,9
LF:10
LH:10
BRF:0
BRH:0
end_of_record
TN:
SF:routes/categories.routes.js
FNF:0
FNH:0
DA:1,9
DA:2,9
DA:3,9
DA:5,9
DA:6,9
DA:8,9
LF:6
LH:6
BRF:0
BRH:0
end_of_record
TN:
SF:routes/coupons.routes.js
FN:7,(anonymous_0)
FNF:1
FNH:1
FNDA:8,(anonymous_0)
DA:1,9
DA:2,9
DA:3,9
DA:4,9
DA:7,9
DA:8,8
DA:9,8
DA:10,8
DA:12,8
DA:13,1
DA:16,7
DA:17,7
DA:18,4
DA:21,3
DA:31,0
DA:35,9
LF:16
LH:15
BRDA:10,0,0,8
BRDA:10,0,1,0
BRDA:12,1,0,1
BRDA:12,1,1,7
BRDA:17,2,0,4
BRDA:17,2,1,3
BRF:6
BRH:5
end_of_record
TN:
SF:routes/legal.routes.js
FN:6,(anonymous_0)
FNF:1
FNH:0
FNDA:0,(anonymous_0)
DA:1,9
DA:2,9
DA:3,9
DA:6,9
DA:7,0
DA:8,0
DA:9,0
DA:11,0
DA:15,9
LF:9
LH:5
BRF:0
BRH:0
end_of_record
TN:
SF:routes/loyalty.routes.js
FNF:0
FNH:0
DA:1,9
DA:2,9
DA:3,9
DA:4,9
DA:6,9
DA:8,9
DA:9,9
DA:11,9
LF:8
LH:8
BRF:0
BRH:0
end_of_record
TN:
SF:routes/newsletter.routes.js
FNF:0
FNH:0
DA:1,9
DA:2,9
DA:3,9
DA:5,9
DA:6,9
DA:8,9
LF:6
LH:6
BRF:0
BRH:0
end_of_record
TN:
SF:routes/orders.routes.js
FNF:0
FNH:0
DA:1,9
DA:2,9
DA:3,9
DA:4,9
DA:7,9
DA:9,9
DA:10,9
DA:11,9
DA:13,9
LF:9
LH:9
BRF:0
BRH:0
end_of_record
TN:
SF:routes/payments.routes.js
FNF:0
FNH:0
DA:1,9
DA:2,9
DA:3,9
DA:4,9
DA:5,9
DA:9,9
DA:16,9
DA:19,9
DA:22,9
DA:29,9
LF:10
LH:10
BRF:0
BRH:0
end_of_record
TN:
SF:routes/products.routes.js
FN:9,(anonymous_0)
FNF:1
FNH:1
FNDA:3,(anonymous_0)
DA:1,9
DA:2,9
DA:3,9
DA:6,9
DA:7,9
DA:9,9
DA:10,3
DA:11,3
DA:12,3
DA:14,0
DA:15,0
DA:18,9
LF:12
LH:10
BRDA:10,0,0,3
BRDA:10,0,1,0
BRF:2
BRH:1
end_of_record
TN:
SF:routes/reviews.routes.js
FNF:0
FNH:0
DA:1,9
DA:2,9
DA:3,9
DA:4,9
DA:6,9
DA:7,9
DA:9,9
LF:7
LH:7
BRF:0
BRH:0
end_of_record
TN:
SF:routes/users.routes.js
FNF:0
FNH:0
DA:1,9
DA:2,9
DA:3,9
DA:4,9
DA:5,9
DA:8,9
DA:10,9
DA:11,9
DA:12,9
DA:13,9
DA:14,9
DA:15,9
DA:16,9
DA:19,9
DA:20,9
DA:21,9
DA:23,9
LF:17
LH:17
BRF:0
BRH:0
end_of_record
TN:
SF:services/auth.service.js
FN:11,(anonymous_0)
FN:20,(anonymous_1)
FN:29,(anonymous_2)
FN:37,(anonymous_3)
FN:51,(anonymous_4)
FN:58,(anonymous_5)
FN:81,(anonymous_6)
FN:105,(anonymous_7)
FN:118,(anonymous_8)
FN:124,(anonymous_9)
FNF:10
FNH:6
FNDA:19,(anonymous_0)
FNDA:19,(anonymous_1)
FNDA:19,(anonymous_2)
FNDA:10,(anonymous_3)
FNDA:0,(anonymous_4)
FNDA:11,(anonymous_5)
FNDA:2,(anonymous_6)
FNDA:0,(anonymous_7)
FNDA:0,(anonymous_8)
FNDA:0,(anonymous_9)
DA:1,9
DA:2,9
DA:3,9
DA:4,9
DA:5,9
DA:6,9
DA:8,9
DA:11,9
DA:12,19
DA:20,9
DA:21,19
DA:29,19
DA:37,9
DA:38,10
DA:39,10
DA:40,1
DA:43,9
DA:44,9
DA:45,9
DA:47,9
DA:48,9
DA:51,9
DA:52,0
DA:55,9
DA:58,9
DA:59,11
DA:62,11
DA:63,1
DA:66,10
DA:67,0
DA:70,10
DA:71,10
DA:72,1
DA:75,9
DA:76,9
DA:78,9
DA:81,9
DA:82,2
DA:83,1
DA:87,1
DA:88,1
DA:90,0
DA:93,1
DA:94,1
DA:95,0
DA:98,1
DA:99,1
DA:101,1
DA:105,9
DA:106,0
DA:109,0
DA:112,0
DA:113,0
DA:114,0
DA:116,0
DA:118,0
DA:119,0
DA:124,9
DA:125,0
DA:126,0
DA:128,0
DA:130,0
DA:132,0
DA:133,0
DA:136,9
LF:65
LH:47
BRDA:15,0,0,19
BRDA:15,0,1,0
BRDA:24,1,0,19
BRDA:24,1,1,0
BRDA:39,2,0,1
BRDA:39,2,1,9
BRDA:62,3,0,1
BRDA:62,3,1,10
BRDA:62,4,0,11
BRDA:62,4,1,10
BRDA:66,5,0,0
BRDA:66,5,1,10
BRDA:71,6,0,1
BRDA:71,6,1,9
BRDA:82,7,0,1
BRDA:82,7,1,1
BRDA:94,8,0,0
BRDA:94,8,1,1
BRDA:94,9,0,1
BRDA:94,9,1,1
BRDA:109,10,0,0
BRDA:109,10,1,0
BRDA:109,11,0,0
BRDA:109,11,1,0
BRDA:109,11,2,0
BRDA:128,12,0,0
BRDA:128,12,1,0
BRDA:130,13,0,0
BRDA:130,13,1,0
BRF:29
BRH:16
end_of_record
TN:
SF:services/cart.service.js
FN:7,(anonymous_0)
FN:16,(anonymous_1)
FN:23,(anonymous_2)
FN:26,(anonymous_3)
FN:32,(anonymous_4)
FN:60,(anonymous_5)
FN:76,(anonymous_6)
FN:96,(anonymous_7)
FNF:8
FNH:7
FNDA:6,(anonymous_0)
FNDA:12,(anonymous_1)
FNDA:7,(anonymous_2)
FNDA:7,(anonymous_3)
FNDA:10,(anonymous_4)
FNDA:0,(anonymous_5)
FNDA:1,(anonymous_6)
FNDA:1,(anonymous_7)
DA:1,9
DA:2,9
DA:3,9
DA:4,9
DA:7,9
DA:8,6
DA:9,6
DA:10,6
DA:11,6
DA:13,6
DA:16,9
DA:17,12
DA:18,12
DA:20,8
DA:23,8
DA:25,8
DA:26,7
DA:29,8
DA:32,9
DA:34,10
DA:35,10
DA:38,8
DA:39,8
DA:40,7
DA:41,1
DA:44,6
DA:47,6
DA:48,6
DA:49,0
DA:50,0
DA:51,0
DA:53,0
DA:54,0
DA:58,6
DA:59,6
DA:60,0
DA:61,0
DA:64,6
DA:73,6
DA:76,9
DA:77,1
DA:78,1
DA:80,1
DA:81,1
DA:83,1
DA:84,1
DA:87,1
DA:88,1
DA:89,0
DA:92,1
DA:93,1
DA:96,9
DA:97,1
DA:98,1
DA:100,1
DA:101,1
DA:103,1
DA:104,1
DA:107,9
LF:59
LH:51
BRDA:9,0,0,6
BRDA:9,0,1,0
BRDA:18,1,0,4
BRDA:18,1,1,8
BRDA:23,2,0,7
BRDA:23,2,1,7
BRDA:35,3,0,2
BRDA:35,3,1,8
BRDA:35,4,0,10
BRDA:35,4,1,9
BRDA:35,4,2,8
BRDA:39,5,0,1
BRDA:39,5,1,7
BRDA:40,6,0,1
BRDA:40,6,1,6
BRDA:48,7,0,0
BRDA:48,7,1,6
BRDA:50,8,0,0
BRDA:50,8,1,0
BRDA:59,9,0,0
BRDA:59,9,1,6
BRDA:59,10,0,6
BRDA:59,10,1,0
BRDA:61,11,0,0
BRDA:61,11,1,0
BRDA:78,12,0,0
BRDA:78,12,1,1
BRDA:78,13,0,1
BRDA:78,13,1,1
BRDA:78,13,2,1
BRDA:81,14,0,0
BRDA:81,14,1,1
BRDA:84,15,0,0
BRDA:84,15,1,1
BRDA:88,16,0,0
BRDA:88,16,1,1
BRDA:88,17,0,1
BRDA:88,17,1,1
BRDA:89,18,0,0
BRDA:89,18,1,0
BRDA:98,19,0,0
BRDA:98,19,1,1
BRDA:101,20,0,0
BRDA:101,20,1,1
BRF:44
BRH:28
end_of_record
TN:
SF:services/category.service.js
FN:4,(anonymous_0)
FN:14,(anonymous_1)
FNF:2
FNH:1
FNDA:4,(anonymous_0)
FNDA:0,(anonymous_1)
DA:1,9
DA:2,9
DA:4,9
DA:5,4
DA:6,4
DA:7,4
DA:9,2
DA:10,2
DA:11,2
DA:14,9
DA:15,0
DA:16,0
DA:19,9
LF:13
LH:11
BRDA:7,0,0,2
BRDA:7,0,1,2
BRF:2
BRH:2
end_of_record
TN:
SF:services/email.service.js
FN:12,layout
FN:75,btn
FN:83,orderItemRow
FN:102,sendWelcome
FN:153,sendOrderConfirmation
FN:176,(anonymous_5)
FN:252,sendOrderShipped
FN:317,sendPasswordReset
FN:381,sendOrderStatusUpdate
FN:434,sendMigrationWelcome
FN:474,sendTwintQr
FNF:11
FNH:6
FNDA:12,layout
FNDA:30,btn
FNDA:3,orderItemRow
FNDA:9,sendWelcome
FNDA:3,sendOrderConfirmation
FNDA:9,(anonymous_5)
FNDA:0,sendOrderShipped
FNDA:0,sendPasswordReset
FNDA:0,sendOrderStatusUpdate
FNDA:0,sendMigrationWelcome
FNDA:0,sendTwintQr
DA:1,10
DA:2,10
DA:4,10
DA:5,10
DA:13,12
DA:28,12
DA:76,30
DA:84,3
DA:87,3
DA:88,3
DA:89,3
DA:103,9
DA:105,9
DA:111,9
DA:142,9
DA:154,3
DA:156,3
DA:162,3
DA:164,3
DA:176,3
DA:177,9
DA:178,9
DA:184,3
DA:190,3
DA:199,3
DA:200,3
DA:201,3
DA:207,3
DA:241,3
DA:253,0
DA:255,0
DA:261,0
DA:267,0
DA:276,0
DA:282,0
DA:288,0
DA:290,0
DA:306,0
DA:318,0
DA:319,0
DA:321,0
DA:327,0
DA:333,0
DA:342,0
DA:348,0
DA:357,0
DA:370,0
DA:382,0
DA:384,0
DA:390,0
DA:392,0
DA:398,0
DA:404,0
DA:410,0
DA:423,0
DA:435,0
DA:436,0
DA:438,0
DA:444,0
DA:463,0
DA:475,0
DA:476,0
DA:481,0
DA:487,0
DA:514,0
DA:530,10
LF:66
LH:30
BRDA:4,0,0,10
BRDA:4,0,1,1
BRDA:5,1,0,10
BRDA:5,1,1,1
BRDA:12,2,0,0
BRDA:62,3,0,12
BRDA:62,3,1,0
BRDA:75,4,0,30
BRDA:84,5,0,0
BRDA:84,5,1,3
BRDA:86,6,0,3
BRDA:86,6,1,0
BRDA:87,7,0,3
BRDA:87,7,1,0
BRDA:91,8,0,0
BRDA:91,8,1,3
BRDA:103,9,0,9
BRDA:103,9,1,0
BRDA:145,10,0,9
BRDA:145,10,1,0
BRDA:146,11,0,9
BRDA:146,11,1,0
BRDA:154,12,0,3
BRDA:154,12,1,0
BRDA:162,13,0,3
BRDA:162,13,1,0
BRDA:176,14,0,3
BRDA:176,14,1,0
BRDA:209,15,0,3
BRDA:209,15,1,0
BRDA:212,16,0,3
BRDA:212,16,1,0
BRDA:226,17,0,3
BRDA:226,17,1,0
BRDA:235,18,0,3
BRDA:235,18,1,0
BRDA:238,19,0,3
BRDA:238,19,1,0
BRDA:244,20,0,3
BRDA:244,20,1,0
BRDA:253,21,0,0
BRDA:253,21,1,0
BRDA:292,22,0,0
BRDA:292,22,1,0
BRDA:295,23,0,0
BRDA:295,23,1,0
BRDA:301,24,0,0
BRDA:301,24,1,0
BRDA:303,25,0,0
BRDA:303,25,1,0
BRDA:309,26,0,0
BRDA:309,26,1,0
BRDA:318,27,0,0
BRDA:318,27,1,0
BRDA:359,28,0,0
BRDA:359,28,1,0
BRDA:362,29,0,0
BRDA:362,29,1,0
BRDA:364,30,0,0
BRDA:364,30,1,0
BRDA:366,31,0,0
BRDA:366,31,1,0
BRDA:373,32,0,0
BRDA:373,32,1,0
BRDA:382,33,0,0
BRDA:382,33,1,0
BRDA:390,34,0,0
BRDA:390,34,1,0
BRDA:390,35,0,0
BRDA:390,35,1,0
BRDA:415,36,0,0
BRDA:415,36,1,0
BRDA:420,37,0,0
BRDA:420,37,1,0
BRDA:426,38,0,0
BRDA:426,38,1,0
BRDA:435,39,0,0
BRDA:435,39,1,0
BRDA:466,40,0,0
BRDA:466,40,1,0
BRDA:475,41,0,0
BRDA:475,41,1,0
BRDA:517,42,0,0
BRDA:517,42,1,0
BRF:84
BRH:22
end_of_record
TN:
SF:services/loyalty.service.js
FN:5,(anonymous_0)
FN:33,(anonymous_1)
FN:37,(anonymous_2)
FN:45,(anonymous_3)
FNF:4
FNH:3
FNDA:5,(anonymous_0)
FNDA:1,(anonymous_1)
FNDA:1,(anonymous_2)
FNDA:0,(anonymous_3)
DA:1,10
DA:2,10
DA:5,10
DA:7,5
DA:10,5
DA:13,5
DA:14,5
DA:17,5
DA:18,5
DA:19,4
DA:20,4
DA:21,2
DA:26,2
DA:33,10
DA:34,1
DA:37,10
DA:38,1
DA:39,1
DA:40,1
DA:41,1
DA:42,1
DA:45,10
DA:46,0
DA:49,10
LF:24
LH:23
BRDA:18,0,0,4
BRDA:18,0,1,1
BRDA:20,1,0,2
BRDA:20,1,1,2
BRF:4
BRH:4
end_of_record
TN:
SF:services/order.service.js
FN:15,(anonymous_0)
FN:25,(anonymous_1)
FN:31,(anonymous_2)
FN:50,(anonymous_3)
FN:96,(anonymous_4)
FN:98,(anonymous_5)
FN:101,(anonymous_6)
FN:106,(anonymous_7)
FN:118,(anonymous_8)
FNF:9
FNH:7
FNDA:14,(anonymous_0)
FNDA:9,(anonymous_1)
FNDA:8,(anonymous_2)
FNDA:7,(anonymous_3)
FNDA:7,(anonymous_4)
FNDA:0,(anonymous_5)
FNDA:0,(anonymous_6)
FNDA:1,(anonymous_7)
FNDA:2,(anonymous_8)
DA:1,10
DA:2,10
DA:3,10
DA:4,10
DA:5,10
DA:6,10
DA:7,10
DA:8,10
DA:10,10
DA:13,10
DA:15,10
DA:16,14
DA:17,2
DA:21,12
DA:22,12
DA:24,9
DA:25,9
DA:27,9
DA:30,8
DA:31,8
DA:35,8
DA:36,8
DA:37,8
DA:38,8
DA:39,4
DA:40,4
DA:41,3
DA:42,3
DA:43,3
DA:46,7
DA:49,7
DA:51,7
DA:52,7
DA:53,7
DA:54,7
DA:58,7
DA:59,7
DA:62,7
DA:64,7
DA:77,7
DA:78,3
DA:82,7
DA:91,7
DA:93,7
DA:96,7
DA:97,7
DA:98,3
DA:99,0
DA:103,7
DA:106,10
DA:107,1
DA:108,1
DA:110,1
DA:112,1
DA:118,10
DA:119,2
DA:120,2
DA:121,1
DA:124,10
LF:59
LH:58
BRDA:15,0,0,0
BRDA:15,1,0,4
BRDA:16,2,0,2
BRDA:16,2,1,12
BRDA:22,3,0,3
BRDA:22,3,1,9
BRDA:25,4,0,9
BRDA:25,4,1,8
BRDA:27,5,0,1
BRDA:27,5,1,8
BRDA:38,6,0,4
BRDA:38,6,1,4
BRDA:40,7,0,1
BRDA:40,7,1,3
BRDA:77,8,0,3
BRDA:77,8,1,4
BRDA:97,9,0,4
BRDA:97,9,1,3
BRDA:107,10,0,1
BRDA:107,10,1,1
BRDA:108,11,0,1
BRDA:108,11,1,1
BRDA:120,12,0,1
BRDA:120,12,1,1
BRF:24
BRH:23
end_of_record
TN:
SF:services/payment.service.js
FN:14,(anonymous_0)
FN:53,(anonymous_1)
FN:114,(anonymous_2)
FN:138,(anonymous_3)
FN:186,(anonymous_4)
FN:189,(anonymous_5)
FN:193,(anonymous_6)
FN:196,(anonymous_7)
FNF:8
FNH:2
FNDA:1,(anonymous_0)
FNDA:1,(anonymous_1)
FNDA:0,(anonymous_2)
FNDA:0,(anonymous_3)
FNDA:0,(anonymous_4)
FNDA:0,(anonymous_5)
FNDA:0,(anonymous_6)
FNDA:0,(anonymous_7)
DA:1,9
DA:2,9
DA:3,9
DA:4,9
DA:5,9
DA:6,9
DA:7,9
DA:8,9
DA:9,9
DA:14,9
DA:15,1
DA:17,1
DA:18,1
DA:20,0
DA:21,0
DA:24,0
DA:26,0
DA:33,0
DA:34,0
DA:35,0
DA:37,0
DA:47,0
DA:53,9
DA:54,1
DA:56,1
DA:57,1
DA:59,1
DA:60,0
DA:64,1
DA:65,1
DA:66,0
DA:67,0
DA:74,1
DA:76,1
DA:86,1
DA:87,1
DA:89,0
DA:100,1
DA:102,1
DA:114,9
DA:115,0
DA:117,0
DA:118,0
DA:120,0
DA:121,0
DA:122,0
DA:125,0
DA:126,0
DA:127,0
DA:128,0
DA:130,0
DA:132,0
DA:138,9
DA:139,0
DA:142,0
DA:143,0
DA:149,0
DA:152,0
DA:153,0
DA:154,0
DA:155,0
DA:157,0
DA:158,0
DA:159,0
DA:161,0
DA:165,0
DA:171,0
DA:173,0
DA:174,0
DA:176,0
DA:180,0
DA:181,0
DA:184,0
DA:185,0
DA:186,0
DA:187,0
DA:189,0
DA:190,0
DA:193,0
DA:194,0
DA:200,0
DA:201,0
DA:202,0
DA:203,0
DA:204,0
DA:205,0
DA:210,9
LF:87
LH:29
BRDA:15,0,0,0
BRDA:15,0,1,1
BRDA:18,1,0,1
BRDA:18,1,1,0
BRDA:20,2,0,0
BRDA:20,2,1,0
BRDA:34,3,0,0
BRDA:34,3,1,0
BRDA:54,4,0,0
BRDA:54,4,1,1
BRDA:57,5,0,0
BRDA:57,5,1,1
BRDA:59,6,0,0
BRDA:59,6,1,1
BRDA:65,7,0,0
BRDA:65,7,1,1
BRDA:65,8,0,1
BRDA:65,8,1,0
BRDA:86,9,0,1
BRDA:86,9,1,0
BRDA:100,10,0,1
BRDA:100,10,1,1
BRDA:115,11,0,0
BRDA:115,11,1,0
BRDA:118,12,0,0
BRDA:118,12,1,0
BRDA:122,13,0,0
BRDA:122,13,1,0
BRDA:126,14,0,0
BRDA:126,14,1,0
BRDA:139,15,0,0
BRDA:139,15,1,0
BRDA:152,16,0,0
BRDA:152,16,1,0
BRDA:155,17,0,0
BRDA:155,17,1,0
BRDA:180,18,0,0
BRDA:180,18,1,0
BRDA:185,19,0,0
BRDA:185,19,1,0
BRDA:187,20,0,0
BRDA:187,20,1,0
BRDA:200,21,0,0
BRDA:200,21,1,0
BRDA:203,22,0,0
BRDA:203,22,1,0
BRDA:204,23,0,0
BRDA:204,23,1,0
BRF:48
BRH:10
end_of_record
TN:
SF:services/product.service.js
FN:10,(anonymous_0)
FN:32,(anonymous_1)
FN:32,(anonymous_2)
FN:58,(anonymous_3)
FN:70,(anonymous_4)
FN:82,(anonymous_5)
FN:103,(anonymous_6)
FNF:7
FNH:3
FNDA:16,(anonymous_0)
FNDA:0,(anonymous_1)
FNDA:0,(anonymous_2)
FNDA:3,(anonymous_3)
FNDA:0,(anonymous_4)
FNDA:1,(anonymous_5)
FNDA:0,(anonymous_6)
DA:1,9
DA:2,9
DA:3,9
DA:4,9
DA:5,9
DA:8,9
DA:10,9
DA:11,16
DA:12,16
DA:13,16
DA:14,16
DA:15,16
DA:17,16
DA:28,16
DA:29,0
DA:30,0
DA:31,0
DA:32,0
DA:33,0
DA:34,0
DA:37,16
DA:38,16
DA:39,16
DA:40,16
DA:42,10
DA:44,10
DA:54,10
DA:55,10
DA:58,9
DA:59,3
DA:60,3
DA:61,3
DA:63,3
DA:64,3
DA:66,1
DA:67,1
DA:70,9
DA:71,0
DA:72,0
DA:73,0
DA:75,0
DA:76,0
DA:78,0
DA:79,0
DA:82,9
DA:83,1
DA:84,1
DA:86,1
DA:87,1
DA:88,1
DA:90,1
DA:92,1
DA:103,9
DA:104,0
DA:105,0
DA:106,0
DA:107,0
DA:108,0
DA:110,0
DA:111,0
DA:113,0
DA:118,0
DA:130,9
LF:63
LH:41
BRDA:12,0,0,16
BRDA:12,0,1,15
BRDA:13,1,0,16
BRDA:13,1,1,2
BRDA:14,2,0,16
BRDA:14,2,1,15
BRDA:15,3,0,16
BRDA:15,3,1,15
BRDA:18,4,0,16
BRDA:18,4,1,0
BRDA:19,5,0,16
BRDA:19,5,1,0
BRDA:20,6,0,16
BRDA:20,6,1,0
BRDA:21,7,0,16
BRDA:21,7,1,0
BRDA:22,8,0,16
BRDA:22,8,1,10
BRDA:23,9,0,16
BRDA:23,9,1,1
BRDA:28,10,0,0
BRDA:28,10,1,16
BRDA:30,11,0,0
BRDA:30,11,1,0
BRDA:33,12,0,0
BRDA:33,12,1,0
BRDA:40,13,0,6
BRDA:40,13,1,10
BRDA:58,14,0,0
BRDA:61,15,0,0
BRDA:61,15,1,3
BRDA:64,16,0,2
BRDA:64,16,1,1
BRDA:70,17,0,0
BRDA:73,18,0,0
BRDA:73,18,1,0
BRDA:76,19,0,0
BRDA:76,19,1,0
BRDA:83,20,0,1
BRDA:83,20,1,0
BRDA:84,21,0,0
BRDA:84,21,1,1
BRDA:84,22,0,1
BRDA:84,22,1,1
BRDA:87,23,0,1
BRDA:87,23,1,1
BRDA:88,24,0,1
BRDA:88,24,1,1
BRDA:105,25,0,0
BRDA:105,25,1,0
BRDA:106,26,0,0
BRDA:106,26,1,0
BRDA:107,27,0,0
BRDA:107,27,1,0
BRDA:108,28,0,0
BRDA:108,28,1,0
BRDA:111,29,0,0
BRDA:111,29,1,0
BRF:58
BRH:30
end_of_record
TN:
SF:services/shipping.service.js
FN:22,(anonymous_0)
FN:30,(anonymous_1)
FN:55,(anonymous_2)
FN:75,(anonymous_3)
FNF:4
FNH:0
FNDA:0,(anonymous_0)
FNDA:0,(anonymous_1)
FNDA:0,(anonymous_2)
FNDA:0,(anonymous_3)
DA:1,9
DA:2,9
DA:5,9
DA:8,9
DA:22,9
DA:23,0
DA:24,0
DA:26,0
DA:27,0
DA:30,0
DA:31,0
DA:34,0
DA:50,0
DA:55,0
DA:57,0
DA:58,0
DA:61,0
DA:63,0
DA:75,9
DA:76,0
DA:77,0
DA:79,0
DA:82,9
LF:23
LH:7
BRDA:5,0,0,9
BRDA:5,0,1,9
BRDA:9,1,0,9
BRDA:9,1,1,9
BRDA:10,2,0,9
BRDA:10,2,1,9
BRDA:11,3,0,9
BRDA:11,3,1,9
BRDA:12,4,0,9
BRDA:12,4,1,9
BRDA:13,5,0,9
BRDA:13,5,1,9
BRDA:14,6,0,9
BRDA:14,6,1,9
BRDA:23,7,0,0
BRDA:23,7,1,0
BRDA:26,8,0,0
BRDA:26,8,1,0
BRDA:30,9,0,0
BRDA:30,9,1,0
BRDA:31,10,0,0
BRDA:31,10,1,0
BRDA:38,11,0,0
BRDA:38,11,1,0
BRDA:41,12,0,0
BRDA:41,12,1,0
BRDA:55,13,0,0
BRDA:55,13,1,0
BRDA:57,14,0,0
BRDA:57,14,1,0
BRDA:65,15,0,0
BRDA:65,15,1,0
BRDA:66,16,0,0
BRDA:66,16,1,0
BRDA:76,17,0,0
BRDA:76,17,1,0
BRF:36
BRH:14
end_of_record
TN:
SF:utils/chf.utils.js
FN:2,(anonymous_0)
FN:5,(anonymous_1)
FNF:2
FNH:2
FNDA:126,(anonymous_0)
FNDA:3,(anonymous_1)
DA:2,126
DA:5,15
DA:7,15
LF:3
LH:3
BRF:0
BRH:0
end_of_record
TN:
SF:utils/locale.utils.js
FN:4,(anonymous_0)
FNF:1
FNH:1
FNDA:25,(anonymous_0)
DA:1,9
DA:4,9
DA:5,25
DA:6,25
DA:9,9
LF:5
LH:5
BRDA:5,0,0,25
BRDA:5,0,1,2
BRDA:6,1,0,25
BRDA:6,1,1,0
BRF:4
BRH:3
end_of_record
TN:
SF:utils/tva.utils.js
FN:12,(anonymous_0)
FN:18,(anonymous_1)
FN:21,(anonymous_2)
FNF:3
FNH:3
FNDA:5,(anonymous_0)
FNDA:1,(anonymous_1)
FNDA:2,(anonymous_2)
DA:1,1
DA:4,1
DA:12,1
DA:13,5
DA:14,5
DA:18,1
DA:21,2
DA:23,1
LF:8
LH:8
BRF:0
BRH:0
end_of_record
